[0.144s] Invoking command in '/home/raaid/linorobot2_ws/build/linorobot2_base': CMAKE_PREFIX_PATH=${CMAKE_PREFIX_PATH}:/home/raaid/ros2_ws/install/my_tf_pkg:/home/raaid/ros2_ws/install/my_py_pkg:/home/raaid/ros2_ws/src/install/my_tf_pkg:/home/raaid/ros2_ws/src/install/my_py_pkg:/home/raaid/microros_ws/install/sensor_msgs_py:/opt/ros/humble /usr/bin/cmake --build /home/raaid/linorobot2_ws/build/linorobot2_base -- -j7 -l7
[0.259s] Invoked command in '/home/raaid/linorobot2_ws/build/linorobot2_base' returned '0': CMAKE_PREFIX_PATH=${CMAKE_PREFIX_PATH}:/home/raaid/ros2_ws/install/my_tf_pkg:/home/raaid/ros2_ws/install/my_py_pkg:/home/raaid/ros2_ws/src/install/my_tf_pkg:/home/raaid/ros2_ws/src/install/my_py_pkg:/home/raaid/microros_ws/install/sensor_msgs_py:/opt/ros/humble /usr/bin/cmake --build /home/raaid/linorobot2_ws/build/linorobot2_base -- -j7 -l7
[0.412s] Invoking command in '/home/raaid/linorobot2_ws/build/linorobot2_base': CMAKE_PREFIX_PATH=${CMAKE_PREFIX_PATH}:/home/raaid/ros2_ws/install/my_tf_pkg:/home/raaid/ros2_ws/install/my_py_pkg:/home/raaid/ros2_ws/src/install/my_tf_pkg:/home/raaid/ros2_ws/src/install/my_py_pkg:/home/raaid/microros_ws/install/sensor_msgs_py:/opt/ros/humble /usr/bin/cmake --install /home/raaid/linorobot2_ws/build/linorobot2_base
[0.431s] -- Install configuration: ""
[0.431s] -- Up-to-date: /home/raaid/linorobot2_ws/install/linorobot2_base/share/linorobot2_base/config
[0.431s] -- Up-to-date: /home/raaid/linorobot2_ws/install/linorobot2_base/share/linorobot2_base/config/ekf.yaml
[0.431s] -- Up-to-date: /home/raaid/linorobot2_ws/install/linorobot2_base/share/ament_index/resource_index/package_run_dependencies/linorobot2_base
[0.435s] -- Up-to-date: /home/raaid/linorobot2_ws/install/linorobot2_base/share/ament_index/resource_index/parent_prefix_path/linorobot2_base
[0.444s] -- Up-to-date: /home/raaid/linorobot2_ws/install/linorobot2_base/share/linorobot2_base/environment/ament_prefix_path.sh
[0.444s] -- Up-to-date: /home/raaid/linorobot2_ws/install/linorobot2_base/share/linorobot2_base/environment/ament_prefix_path.dsv
[0.444s] -- Up-to-date: /home/raaid/linorobot2_ws/install/linorobot2_base/share/linorobot2_base/environment/path.sh
[0.446s] -- Up-to-date: /home/raaid/linorobot2_ws/install/linorobot2_base/share/linorobot2_base/environment/path.dsv
[0.446s] -- Up-to-date: /home/raaid/linorobot2_ws/install/linorobot2_base/share/linorobot2_base/local_setup.bash
[0.448s] -- Up-to-date: /home/raaid/linorobot2_ws/install/linorobot2_base/share/linorobot2_base/local_setup.sh
[0.448s] -- Up-to-date: /home/raaid/linorobot2_ws/install/linorobot2_base/share/linorobot2_base/local_setup.zsh
[0.448s] -- Up-to-date: /home/raaid/linorobot2_ws/install/linorobot2_base/share/linorobot2_base/local_setup.dsv
[0.448s] -- Installing: /home/raaid/linorobot2_ws/install/linorobot2_base/share/linorobot2_base/package.dsv
[0.451s] -- Up-to-date: /home/raaid/linorobot2_ws/install/linorobot2_base/share/ament_index/resource_index/packages/linorobot2_base
[0.452s] -- Up-to-date: /home/raaid/linorobot2_ws/install/linorobot2_base/share/linorobot2_base/cmake/linorobot2_baseConfig.cmake
[0.452s] -- Up-to-date: /home/raaid/linorobot2_ws/install/linorobot2_base/share/linorobot2_base/cmake/linorobot2_baseConfig-version.cmake
[0.453s] -- Up-to-date: /home/raaid/linorobot2_ws/install/linorobot2_base/share/linorobot2_base/package.xml
[0.489s] Invoked command in '/home/raaid/linorobot2_ws/build/linorobot2_base' returned '0': CMAKE_PREFIX_PATH=${CMAKE_PREFIX_PATH}:/home/raaid/ros2_ws/install/my_tf_pkg:/home/raaid/ros2_ws/install/my_py_pkg:/home/raaid/ros2_ws/src/install/my_tf_pkg:/home/raaid/ros2_ws/src/install/my_py_pkg:/home/raaid/microros_ws/install/sensor_msgs_py:/opt/ros/humble /usr/bin/cmake --install /home/raaid/linorobot2_ws/build/linorobot2_base
