[0.156s] Invoking command in '/home/raaid/linorobot2_ws/build/linorobot2_viz': CMAKE_PREFIX_PATH=${CMAKE_PREFIX_PATH}:/home/raaid/microros_ws/install/sensor_msgs_py:/home/raaid/ros2_ws/install/my_tf_pkg:/home/raaid/ros2_ws/install/my_py_pkg:/home/raaid/ros2_ws/src/install/my_tf_pkg:/home/raaid/ros2_ws/src/install/my_py_pkg:/opt/ros/humble /usr/bin/cmake --build /home/raaid/linorobot2_ws/build/linorobot2_viz -- -j6 -l6
[0.304s] Invoked command in '/home/raaid/linorobot2_ws/build/linorobot2_viz' returned '0': CMAKE_PREFIX_PATH=${CMAKE_PREFIX_PATH}:/home/raaid/microros_ws/install/sensor_msgs_py:/home/raaid/ros2_ws/install/my_tf_pkg:/home/raaid/ros2_ws/install/my_py_pkg:/home/raaid/ros2_ws/src/install/my_tf_pkg:/home/raaid/ros2_ws/src/install/my_py_pkg:/opt/ros/humble /usr/bin/cmake --build /home/raaid/linorobot2_ws/build/linorobot2_viz -- -j6 -l6
[0.401s] Invoking command in '/home/raaid/linorobot2_ws/build/linorobot2_viz': CMAKE_PREFIX_PATH=${CMAKE_PREFIX_PATH}:/home/raaid/microros_ws/install/sensor_msgs_py:/home/raaid/ros2_ws/install/my_tf_pkg:/home/raaid/ros2_ws/install/my_py_pkg:/home/raaid/ros2_ws/src/install/my_tf_pkg:/home/raaid/ros2_ws/src/install/my_py_pkg:/opt/ros/humble /usr/bin/cmake --install /home/raaid/linorobot2_ws/build/linorobot2_viz
[0.415s] -- Install configuration: ""
[0.415s] -- Up-to-date: /home/raaid/linorobot2_ws/install/linorobot2_viz/share/linorobot2_viz/launch
[0.415s] -- Up-to-date: /home/raaid/linorobot2_ws/install/linorobot2_viz/share/linorobot2_viz/launch/slam.launch.py
[0.415s] -- Up-to-date: /home/raaid/linorobot2_ws/install/linorobot2_viz/share/linorobot2_viz/launch/navigation.launch.py
[0.416s] -- Up-to-date: /home/raaid/linorobot2_ws/install/linorobot2_viz/share/linorobot2_viz/launch/robot_model.launch.py
[0.416s] -- Up-to-date: /home/raaid/linorobot2_ws/install/linorobot2_viz/share/linorobot2_viz/rviz
[0.416s] -- Up-to-date: /home/raaid/linorobot2_ws/install/linorobot2_viz/share/linorobot2_viz/rviz/linorobot2_navigation.rviz
[0.416s] -- Up-to-date: /home/raaid/linorobot2_ws/install/linorobot2_viz/share/linorobot2_viz/rviz/linorobot2_slam.rviz
[0.417s] -- Up-to-date: /home/raaid/linorobot2_ws/install/linorobot2_viz/share/linorobot2_viz/rviz/linorobot2_navigation_minimal.rviz
[0.417s] -- Up-to-date: /home/raaid/linorobot2_ws/install/linorobot2_viz/share/linorobot2_viz/rviz/description.rviz
[0.417s] -- Up-to-date: /home/raaid/linorobot2_ws/install/linorobot2_viz/share/ament_index/resource_index/package_run_dependencies/linorobot2_viz
[0.417s] -- Up-to-date: /home/raaid/linorobot2_ws/install/linorobot2_viz/share/ament_index/resource_index/parent_prefix_path/linorobot2_viz
[0.418s] -- Up-to-date: /home/raaid/linorobot2_ws/install/linorobot2_viz/share/linorobot2_viz/environment/ament_prefix_path.sh
[0.418s] -- Up-to-date: /home/raaid/linorobot2_ws/install/linorobot2_viz/share/linorobot2_viz/environment/ament_prefix_path.dsv
[0.418s] -- Up-to-date: /home/raaid/linorobot2_ws/install/linorobot2_viz/share/linorobot2_viz/environment/path.sh
[0.418s] -- Up-to-date: /home/raaid/linorobot2_ws/install/linorobot2_viz/share/linorobot2_viz/environment/path.dsv
[0.419s] -- Up-to-date: /home/raaid/linorobot2_ws/install/linorobot2_viz/share/linorobot2_viz/local_setup.bash
[0.419s] -- Up-to-date: /home/raaid/linorobot2_ws/install/linorobot2_viz/share/linorobot2_viz/local_setup.sh
[0.420s] -- Up-to-date: /home/raaid/linorobot2_ws/install/linorobot2_viz/share/linorobot2_viz/local_setup.zsh
[0.420s] -- Up-to-date: /home/raaid/linorobot2_ws/install/linorobot2_viz/share/linorobot2_viz/local_setup.dsv
[0.420s] -- Installing: /home/raaid/linorobot2_ws/install/linorobot2_viz/share/linorobot2_viz/package.dsv
[0.420s] -- Up-to-date: /home/raaid/linorobot2_ws/install/linorobot2_viz/share/ament_index/resource_index/packages/linorobot2_viz
[0.421s] -- Up-to-date: /home/raaid/linorobot2_ws/install/linorobot2_viz/share/linorobot2_viz/cmake/linorobot2_vizConfig.cmake
[0.421s] -- Up-to-date: /home/raaid/linorobot2_ws/install/linorobot2_viz/share/linorobot2_viz/cmake/linorobot2_vizConfig-version.cmake
[0.421s] -- Up-to-date: /home/raaid/linorobot2_ws/install/linorobot2_viz/share/linorobot2_viz/package.xml
[0.431s] Invoked command in '/home/raaid/linorobot2_ws/build/linorobot2_viz' returned '0': CMAKE_PREFIX_PATH=${CMAKE_PREFIX_PATH}:/home/raaid/microros_ws/install/sensor_msgs_py:/home/raaid/ros2_ws/install/my_tf_pkg:/home/raaid/ros2_ws/install/my_py_pkg:/home/raaid/ros2_ws/src/install/my_tf_pkg:/home/raaid/ros2_ws/src/install/my_py_pkg:/opt/ros/humble /usr/bin/cmake --install /home/raaid/linorobot2_ws/build/linorobot2_viz
