[0.122s] Invoking command in '/home/raaid/linorobot2_ws/build/micro_ros_msgs': CMAKE_PREFIX_PATH=${CMAKE_PREFIX_PATH}:/home/raaid/microros_ws/install/sensor_msgs_py:/home/raaid/ros2_ws/install/my_tf_pkg:/home/raaid/ros2_ws/install/my_py_pkg:/home/raaid/ros2_ws/src/install/my_tf_pkg:/home/raaid/ros2_ws/src/install/my_py_pkg:/opt/ros/humble /usr/bin/cmake --build /home/raaid/linorobot2_ws/build/micro_ros_msgs -- -j6 -l6
[0.285s] [  8%] Built target micro_ros_msgs__rosidl_generator_c
[0.285s] [  8%] Built target ament_cmake_python_copy_micro_ros_msgs
[0.286s] [ 10%] Built target micro_ros_msgs__cpp
[0.360s] [ 18%] Built target micro_ros_msgs__rosidl_typesupport_microxrcedds_c
[0.373s] [ 27%] Built target micro_ros_msgs__rosidl_typesupport_fastrtps_c
[0.386s] [ 35%] Built target micro_ros_msgs__rosidl_typesupport_introspection_c
[0.391s] [ 44%] Built target micro_ros_msgs__rosidl_typesupport_microxrcedds_cpp
[0.398s] [ 52%] Built target micro_ros_msgs__rosidl_typesupport_c
[0.418s] [ 61%] Built target micro_ros_msgs__rosidl_typesupport_fastrtps_cpp
[0.426s] [ 69%] Built target micro_ros_msgs__rosidl_typesupport_introspection_cpp
[0.437s] [ 77%] Built target micro_ros_msgs__rosidl_typesupport_cpp
[0.501s] [ 77%] Built target micro_ros_msgs
[0.554s] [ 79%] Built target micro_ros_msgs__py
[0.611s] [ 86%] Built target micro_ros_msgs__rosidl_generator_py
[0.659s] running egg_info
[0.661s] writing micro_ros_msgs.egg-info/PKG-INFO
[0.661s] writing dependency_links to micro_ros_msgs.egg-info/dependency_links.txt
[0.661s] writing top-level names to micro_ros_msgs.egg-info/top_level.txt
[0.684s] reading manifest file 'micro_ros_msgs.egg-info/SOURCES.txt'
[0.684s] writing manifest file 'micro_ros_msgs.egg-info/SOURCES.txt'
[0.709s] [ 89%] Built target micro_ros_msgs__rosidl_typesupport_fastrtps_c__pyext
[0.710s] [ 93%] Built target micro_ros_msgs__rosidl_typesupport_microxrcedds_c__pyext
[0.732s] [ 96%] Built target micro_ros_msgs__rosidl_typesupport_c__pyext
[0.740s] [100%] Built target micro_ros_msgs__rosidl_typesupport_introspection_c__pyext
[0.740s] [100%] Built target ament_cmake_python_build_micro_ros_msgs_egg
[0.774s] Invoked command in '/home/raaid/linorobot2_ws/build/micro_ros_msgs' returned '0': CMAKE_PREFIX_PATH=${CMAKE_PREFIX_PATH}:/home/raaid/microros_ws/install/sensor_msgs_py:/home/raaid/ros2_ws/install/my_tf_pkg:/home/raaid/ros2_ws/install/my_py_pkg:/home/raaid/ros2_ws/src/install/my_tf_pkg:/home/raaid/ros2_ws/src/install/my_py_pkg:/opt/ros/humble /usr/bin/cmake --build /home/raaid/linorobot2_ws/build/micro_ros_msgs -- -j6 -l6
[1.404s] Invoking command in '/home/raaid/linorobot2_ws/build/micro_ros_msgs': CMAKE_PREFIX_PATH=${CMAKE_PREFIX_PATH}:/home/raaid/microros_ws/install/sensor_msgs_py:/home/raaid/ros2_ws/install/my_tf_pkg:/home/raaid/ros2_ws/install/my_py_pkg:/home/raaid/ros2_ws/src/install/my_tf_pkg:/home/raaid/ros2_ws/src/install/my_py_pkg:/opt/ros/humble /usr/bin/cmake --install /home/raaid/linorobot2_ws/build/micro_ros_msgs
[1.417s] -- Install configuration: ""
[1.417s] -- Up-to-date: /home/raaid/linorobot2_ws/install/micro_ros_msgs/share/ament_index/resource_index/rosidl_interfaces/micro_ros_msgs
[1.417s] -- Up-to-date: /home/raaid/linorobot2_ws/install/micro_ros_msgs/include/micro_ros_msgs/micro_ros_msgs
[1.417s] -- Up-to-date: /home/raaid/linorobot2_ws/install/micro_ros_msgs/include/micro_ros_msgs/micro_ros_msgs/msg
[1.417s] -- Up-to-date: /home/raaid/linorobot2_ws/install/micro_ros_msgs/include/micro_ros_msgs/micro_ros_msgs/msg/graph.h
[1.417s] -- Up-to-date: /home/raaid/linorobot2_ws/install/micro_ros_msgs/include/micro_ros_msgs/micro_ros_msgs/msg/detail
[1.417s] -- Up-to-date: /home/raaid/linorobot2_ws/install/micro_ros_msgs/include/micro_ros_msgs/micro_ros_msgs/msg/detail/graph__struct.h
[1.417s] -- Up-to-date: /home/raaid/linorobot2_ws/install/micro_ros_msgs/include/micro_ros_msgs/micro_ros_msgs/msg/detail/node__functions.h
[1.418s] -- Up-to-date: /home/raaid/linorobot2_ws/install/micro_ros_msgs/include/micro_ros_msgs/micro_ros_msgs/msg/detail/graph__functions.c
[1.418s] -- Up-to-date: /home/raaid/linorobot2_ws/install/micro_ros_msgs/include/micro_ros_msgs/micro_ros_msgs/msg/detail/entity__functions.c
[1.418s] -- Up-to-date: /home/raaid/linorobot2_ws/install/micro_ros_msgs/include/micro_ros_msgs/micro_ros_msgs/msg/detail/graph__type_support.h
[1.418s] -- Up-to-date: /home/raaid/linorobot2_ws/install/micro_ros_msgs/include/micro_ros_msgs/micro_ros_msgs/msg/detail/entity__struct.h
[1.418s] -- Up-to-date: /home/raaid/linorobot2_ws/install/micro_ros_msgs/include/micro_ros_msgs/micro_ros_msgs/msg/detail/node__functions.c
[1.419s] -- Up-to-date: /home/raaid/linorobot2_ws/install/micro_ros_msgs/include/micro_ros_msgs/micro_ros_msgs/msg/detail/entity__functions.h
[1.419s] -- Up-to-date: /home/raaid/linorobot2_ws/install/micro_ros_msgs/include/micro_ros_msgs/micro_ros_msgs/msg/detail/entity__type_support.h
[1.419s] -- Up-to-date: /home/raaid/linorobot2_ws/install/micro_ros_msgs/include/micro_ros_msgs/micro_ros_msgs/msg/detail/node__struct.h
[1.419s] -- Up-to-date: /home/raaid/linorobot2_ws/install/micro_ros_msgs/include/micro_ros_msgs/micro_ros_msgs/msg/detail/graph__functions.h
[1.419s] -- Up-to-date: /home/raaid/linorobot2_ws/install/micro_ros_msgs/include/micro_ros_msgs/micro_ros_msgs/msg/detail/node__type_support.h
[1.419s] -- Up-to-date: /home/raaid/linorobot2_ws/install/micro_ros_msgs/include/micro_ros_msgs/micro_ros_msgs/msg/rosidl_generator_c__visibility_control.h
[1.419s] -- Up-to-date: /home/raaid/linorobot2_ws/install/micro_ros_msgs/include/micro_ros_msgs/micro_ros_msgs/msg/entity.h
[1.419s] -- Up-to-date: /home/raaid/linorobot2_ws/install/micro_ros_msgs/include/micro_ros_msgs/micro_ros_msgs/msg/node.h
[1.419s] -- Up-to-date: /home/raaid/linorobot2_ws/install/micro_ros_msgs/share/micro_ros_msgs/environment/library_path.sh
[1.419s] -- Up-to-date: /home/raaid/linorobot2_ws/install/micro_ros_msgs/share/micro_ros_msgs/environment/library_path.dsv
[1.419s] -- Up-to-date: /home/raaid/linorobot2_ws/install/micro_ros_msgs/lib/libmicro_ros_msgs__rosidl_generator_c.so
[1.420s] -- Up-to-date: /home/raaid/linorobot2_ws/install/micro_ros_msgs/include/micro_ros_msgs
[1.420s] -- Up-to-date: /home/raaid/linorobot2_ws/install/micro_ros_msgs/include/micro_ros_msgs/msg
[1.420s] -- Up-to-date: /home/raaid/linorobot2_ws/install/micro_ros_msgs/include/micro_ros_msgs/msg/rosidl_typesupport_microxrcedds_c__visibility_control.h
[1.420s] -- Up-to-date: /home/raaid/linorobot2_ws/install/micro_ros_msgs/include/micro_ros_msgs/msg/detail
[1.420s] -- Up-to-date: /home/raaid/linorobot2_ws/install/micro_ros_msgs/include/micro_ros_msgs/msg/detail/graph__rosidl_typesupport_microxrcedds_c.h
[1.420s] -- Up-to-date: /home/raaid/linorobot2_ws/install/micro_ros_msgs/include/micro_ros_msgs/msg/detail/entity__rosidl_typesupport_microxrcedds_c.h
[1.420s] -- Up-to-date: /home/raaid/linorobot2_ws/install/micro_ros_msgs/include/micro_ros_msgs/msg/detail/node__rosidl_typesupport_microxrcedds_c.h
[1.420s] -- Up-to-date: /home/raaid/linorobot2_ws/install/micro_ros_msgs/include/micro_ros_msgs/msg/detail/microxrcedds
[1.421s] -- Up-to-date: /home/raaid/linorobot2_ws/install/micro_ros_msgs/lib/libmicro_ros_msgs__rosidl_typesupport_microxrcedds_c.so
[1.421s] -- Up-to-date: /home/raaid/linorobot2_ws/install/micro_ros_msgs/include/micro_ros_msgs/micro_ros_msgs
[1.421s] -- Up-to-date: /home/raaid/linorobot2_ws/install/micro_ros_msgs/include/micro_ros_msgs/micro_ros_msgs/msg
[1.421s] -- Up-to-date: /home/raaid/linorobot2_ws/install/micro_ros_msgs/include/micro_ros_msgs/micro_ros_msgs/msg/rosidl_typesupport_fastrtps_c__visibility_control.h
[1.421s] -- Up-to-date: /home/raaid/linorobot2_ws/install/micro_ros_msgs/include/micro_ros_msgs/micro_ros_msgs/msg/detail
[1.421s] -- Up-to-date: /home/raaid/linorobot2_ws/install/micro_ros_msgs/include/micro_ros_msgs/micro_ros_msgs/msg/detail/entity__rosidl_typesupport_fastrtps_c.h
[1.421s] -- Up-to-date: /home/raaid/linorobot2_ws/install/micro_ros_msgs/include/micro_ros_msgs/micro_ros_msgs/msg/detail/node__rosidl_typesupport_fastrtps_c.h
[1.421s] -- Up-to-date: /home/raaid/linorobot2_ws/install/micro_ros_msgs/include/micro_ros_msgs/micro_ros_msgs/msg/detail/graph__rosidl_typesupport_fastrtps_c.h
[1.421s] -- Up-to-date: /home/raaid/linorobot2_ws/install/micro_ros_msgs/lib/libmicro_ros_msgs__rosidl_typesupport_fastrtps_c.so
[1.421s] -- Up-to-date: /home/raaid/linorobot2_ws/install/micro_ros_msgs/include/micro_ros_msgs/micro_ros_msgs
[1.421s] -- Up-to-date: /home/raaid/linorobot2_ws/install/micro_ros_msgs/include/micro_ros_msgs/micro_ros_msgs/msg
[1.421s] -- Up-to-date: /home/raaid/linorobot2_ws/install/micro_ros_msgs/include/micro_ros_msgs/micro_ros_msgs/msg/rosidl_typesupport_introspection_c__visibility_control.h
[1.422s] -- Up-to-date: /home/raaid/linorobot2_ws/install/micro_ros_msgs/include/micro_ros_msgs/micro_ros_msgs/msg/detail
[1.422s] -- Up-to-date: /home/raaid/linorobot2_ws/install/micro_ros_msgs/include/micro_ros_msgs/micro_ros_msgs/msg/detail/node__type_support.c
[1.422s] -- Up-to-date: /home/raaid/linorobot2_ws/install/micro_ros_msgs/include/micro_ros_msgs/micro_ros_msgs/msg/detail/graph__rosidl_typesupport_introspection_c.h
[1.422s] -- Up-to-date: /home/raaid/linorobot2_ws/install/micro_ros_msgs/include/micro_ros_msgs/micro_ros_msgs/msg/detail/graph__type_support.c
[1.422s] -- Up-to-date: /home/raaid/linorobot2_ws/install/micro_ros_msgs/include/micro_ros_msgs/micro_ros_msgs/msg/detail/node__rosidl_typesupport_introspection_c.h
[1.423s] -- Up-to-date: /home/raaid/linorobot2_ws/install/micro_ros_msgs/include/micro_ros_msgs/micro_ros_msgs/msg/detail/entity__rosidl_typesupport_introspection_c.h
[1.423s] -- Up-to-date: /home/raaid/linorobot2_ws/install/micro_ros_msgs/include/micro_ros_msgs/micro_ros_msgs/msg/detail/entity__type_support.c
[1.423s] -- Up-to-date: /home/raaid/linorobot2_ws/install/micro_ros_msgs/lib/libmicro_ros_msgs__rosidl_typesupport_introspection_c.so
[1.423s] -- Up-to-date: /home/raaid/linorobot2_ws/install/micro_ros_msgs/lib/libmicro_ros_msgs__rosidl_typesupport_c.so
[1.423s] -- Up-to-date: /home/raaid/linorobot2_ws/install/micro_ros_msgs/include/micro_ros_msgs/micro_ros_msgs
[1.423s] -- Up-to-date: /home/raaid/linorobot2_ws/install/micro_ros_msgs/include/micro_ros_msgs/micro_ros_msgs/msg
[1.423s] -- Up-to-date: /home/raaid/linorobot2_ws/install/micro_ros_msgs/include/micro_ros_msgs/micro_ros_msgs/msg/detail
[1.423s] -- Up-to-date: /home/raaid/linorobot2_ws/install/micro_ros_msgs/include/micro_ros_msgs/micro_ros_msgs/msg/detail/entity__builder.hpp
[1.423s] -- Up-to-date: /home/raaid/linorobot2_ws/install/micro_ros_msgs/include/micro_ros_msgs/micro_ros_msgs/msg/detail/graph__traits.hpp
[1.423s] -- Up-to-date: /home/raaid/linorobot2_ws/install/micro_ros_msgs/include/micro_ros_msgs/micro_ros_msgs/msg/detail/entity__traits.hpp
[1.423s] -- Up-to-date: /home/raaid/linorobot2_ws/install/micro_ros_msgs/include/micro_ros_msgs/micro_ros_msgs/msg/detail/node__builder.hpp
[1.423s] -- Up-to-date: /home/raaid/linorobot2_ws/install/micro_ros_msgs/include/micro_ros_msgs/micro_ros_msgs/msg/detail/node__struct.hpp
[1.423s] -- Up-to-date: /home/raaid/linorobot2_ws/install/micro_ros_msgs/include/micro_ros_msgs/micro_ros_msgs/msg/detail/graph__struct.hpp
[1.423s] -- Up-to-date: /home/raaid/linorobot2_ws/install/micro_ros_msgs/include/micro_ros_msgs/micro_ros_msgs/msg/detail/node__traits.hpp
[1.423s] -- Up-to-date: /home/raaid/linorobot2_ws/install/micro_ros_msgs/include/micro_ros_msgs/micro_ros_msgs/msg/detail/entity__struct.hpp
[1.423s] -- Up-to-date: /home/raaid/linorobot2_ws/install/micro_ros_msgs/include/micro_ros_msgs/micro_ros_msgs/msg/detail/graph__builder.hpp
[1.423s] -- Up-to-date: /home/raaid/linorobot2_ws/install/micro_ros_msgs/include/micro_ros_msgs/micro_ros_msgs/msg/graph.hpp
[1.423s] -- Up-to-date: /home/raaid/linorobot2_ws/install/micro_ros_msgs/include/micro_ros_msgs/micro_ros_msgs/msg/node.hpp
[1.423s] -- Up-to-date: /home/raaid/linorobot2_ws/install/micro_ros_msgs/include/micro_ros_msgs/micro_ros_msgs/msg/entity.hpp
[1.423s] -- Up-to-date: /home/raaid/linorobot2_ws/install/micro_ros_msgs/include/micro_ros_msgs
[1.423s] -- Up-to-date: /home/raaid/linorobot2_ws/install/micro_ros_msgs/include/micro_ros_msgs/msg
[1.423s] -- Up-to-date: /home/raaid/linorobot2_ws/install/micro_ros_msgs/include/micro_ros_msgs/msg/detail
[1.423s] -- Up-to-date: /home/raaid/linorobot2_ws/install/micro_ros_msgs/include/micro_ros_msgs/msg/detail/node__rosidl_typesupport_microxrcedds_cpp.hpp
[1.423s] -- Up-to-date: /home/raaid/linorobot2_ws/install/micro_ros_msgs/include/micro_ros_msgs/msg/detail/entity__rosidl_typesupport_microxrcedds_cpp.hpp
[1.423s] -- Up-to-date: /home/raaid/linorobot2_ws/install/micro_ros_msgs/include/micro_ros_msgs/msg/detail/graph__rosidl_typesupport_microxrcedds_cpp.hpp
[1.423s] -- Up-to-date: /home/raaid/linorobot2_ws/install/micro_ros_msgs/include/micro_ros_msgs/msg/detail/microxrcedds
[1.423s] -- Up-to-date: /home/raaid/linorobot2_ws/install/micro_ros_msgs/include/micro_ros_msgs/msg/detail/microxrcedds/entity__type_support_cpp.cpp
[1.423s] -- Up-to-date: /home/raaid/linorobot2_ws/install/micro_ros_msgs/include/micro_ros_msgs/msg/detail/microxrcedds/graph__type_support_cpp.cpp
[1.423s] -- Up-to-date: /home/raaid/linorobot2_ws/install/micro_ros_msgs/include/micro_ros_msgs/msg/detail/microxrcedds/node__type_support_cpp.cpp
[1.423s] -- Up-to-date: /home/raaid/linorobot2_ws/install/micro_ros_msgs/include/micro_ros_msgs/msg/rosidl_typesupport_microxrcedds_cpp__visibility_control.h
[1.423s] -- Up-to-date: /home/raaid/linorobot2_ws/install/micro_ros_msgs/lib/libmicro_ros_msgs__rosidl_typesupport_microxrcedds_cpp.so
[1.423s] -- Up-to-date: /home/raaid/linorobot2_ws/install/micro_ros_msgs/include/micro_ros_msgs/micro_ros_msgs
[1.423s] -- Up-to-date: /home/raaid/linorobot2_ws/install/micro_ros_msgs/include/micro_ros_msgs/micro_ros_msgs/msg
[1.424s] -- Up-to-date: /home/raaid/linorobot2_ws/install/micro_ros_msgs/include/micro_ros_msgs/micro_ros_msgs/msg/rosidl_typesupport_fastrtps_cpp__visibility_control.h
[1.424s] -- Up-to-date: /home/raaid/linorobot2_ws/install/micro_ros_msgs/include/micro_ros_msgs/micro_ros_msgs/msg/detail
[1.424s] -- Up-to-date: /home/raaid/linorobot2_ws/install/micro_ros_msgs/include/micro_ros_msgs/micro_ros_msgs/msg/detail/entity__rosidl_typesupport_fastrtps_cpp.hpp
[1.424s] -- Up-to-date: /home/raaid/linorobot2_ws/install/micro_ros_msgs/include/micro_ros_msgs/micro_ros_msgs/msg/detail/dds_fastrtps
[1.424s] -- Up-to-date: /home/raaid/linorobot2_ws/install/micro_ros_msgs/include/micro_ros_msgs/micro_ros_msgs/msg/detail/graph__rosidl_typesupport_fastrtps_cpp.hpp
[1.424s] -- Up-to-date: /home/raaid/linorobot2_ws/install/micro_ros_msgs/include/micro_ros_msgs/micro_ros_msgs/msg/detail/node__rosidl_typesupport_fastrtps_cpp.hpp
[1.424s] -- Up-to-date: /home/raaid/linorobot2_ws/install/micro_ros_msgs/lib/libmicro_ros_msgs__rosidl_typesupport_fastrtps_cpp.so
[1.424s] -- Up-to-date: /home/raaid/linorobot2_ws/install/micro_ros_msgs/include/micro_ros_msgs/micro_ros_msgs
[1.424s] -- Up-to-date: /home/raaid/linorobot2_ws/install/micro_ros_msgs/include/micro_ros_msgs/micro_ros_msgs/msg
[1.424s] -- Up-to-date: /home/raaid/linorobot2_ws/install/micro_ros_msgs/include/micro_ros_msgs/micro_ros_msgs/msg/detail
[1.424s] -- Up-to-date: /home/raaid/linorobot2_ws/install/micro_ros_msgs/include/micro_ros_msgs/micro_ros_msgs/msg/detail/graph__rosidl_typesupport_introspection_cpp.hpp
[1.424s] -- Up-to-date: /home/raaid/linorobot2_ws/install/micro_ros_msgs/include/micro_ros_msgs/micro_ros_msgs/msg/detail/node__rosidl_typesupport_introspection_cpp.hpp
[1.424s] -- Up-to-date: /home/raaid/linorobot2_ws/install/micro_ros_msgs/include/micro_ros_msgs/micro_ros_msgs/msg/detail/graph__type_support.cpp
[1.424s] -- Up-to-date: /home/raaid/linorobot2_ws/install/micro_ros_msgs/include/micro_ros_msgs/micro_ros_msgs/msg/detail/entity__rosidl_typesupport_introspection_cpp.hpp
[1.424s] -- Up-to-date: /home/raaid/linorobot2_ws/install/micro_ros_msgs/include/micro_ros_msgs/micro_ros_msgs/msg/detail/entity__type_support.cpp
[1.424s] -- Up-to-date: /home/raaid/linorobot2_ws/install/micro_ros_msgs/include/micro_ros_msgs/micro_ros_msgs/msg/detail/node__type_support.cpp
[1.424s] -- Up-to-date: /home/raaid/linorobot2_ws/install/micro_ros_msgs/lib/libmicro_ros_msgs__rosidl_typesupport_introspection_cpp.so
[1.424s] -- Up-to-date: /home/raaid/linorobot2_ws/install/micro_ros_msgs/lib/libmicro_ros_msgs__rosidl_typesupport_cpp.so
[1.424s] -- Up-to-date: /home/raaid/linorobot2_ws/install/micro_ros_msgs/share/micro_ros_msgs/environment/pythonpath.sh
[1.424s] -- Up-to-date: /home/raaid/linorobot2_ws/install/micro_ros_msgs/share/micro_ros_msgs/environment/pythonpath.dsv
[1.424s] -- Up-to-date: /home/raaid/linorobot2_ws/install/micro_ros_msgs/local/lib/python3.10/dist-packages/micro_ros_msgs-3.0.1-py3.10.egg-info
[1.424s] -- Installing: /home/raaid/linorobot2_ws/install/micro_ros_msgs/local/lib/python3.10/dist-packages/micro_ros_msgs-3.0.1-py3.10.egg-info/dependency_links.txt
[1.424s] -- Installing: /home/raaid/linorobot2_ws/install/micro_ros_msgs/local/lib/python3.10/dist-packages/micro_ros_msgs-3.0.1-py3.10.egg-info/SOURCES.txt
[1.424s] -- Installing: /home/raaid/linorobot2_ws/install/micro_ros_msgs/local/lib/python3.10/dist-packages/micro_ros_msgs-3.0.1-py3.10.egg-info/top_level.txt
[1.424s] -- Installing: /home/raaid/linorobot2_ws/install/micro_ros_msgs/local/lib/python3.10/dist-packages/micro_ros_msgs-3.0.1-py3.10.egg-info/PKG-INFO
[1.424s] -- Up-to-date: /home/raaid/linorobot2_ws/install/micro_ros_msgs/local/lib/python3.10/dist-packages/micro_ros_msgs
[1.424s] -- Up-to-date: /home/raaid/linorobot2_ws/install/micro_ros_msgs/local/lib/python3.10/dist-packages/micro_ros_msgs/msg
[1.424s] -- Up-to-date: /home/raaid/linorobot2_ws/install/micro_ros_msgs/local/lib/python3.10/dist-packages/micro_ros_msgs/msg/_graph_s.c
[1.424s] -- Up-to-date: /home/raaid/linorobot2_ws/install/micro_ros_msgs/local/lib/python3.10/dist-packages/micro_ros_msgs/msg/_entity_s.c
[1.424s] -- Up-to-date: /home/raaid/linorobot2_ws/install/micro_ros_msgs/local/lib/python3.10/dist-packages/micro_ros_msgs/msg/_node.py
[1.424s] -- Up-to-date: /home/raaid/linorobot2_ws/install/micro_ros_msgs/local/lib/python3.10/dist-packages/micro_ros_msgs/msg/_node_s.c
[1.424s] -- Up-to-date: /home/raaid/linorobot2_ws/install/micro_ros_msgs/local/lib/python3.10/dist-packages/micro_ros_msgs/msg/__init__.py
[1.424s] -- Up-to-date: /home/raaid/linorobot2_ws/install/micro_ros_msgs/local/lib/python3.10/dist-packages/micro_ros_msgs/msg/_entity.py
[1.424s] -- Up-to-date: /home/raaid/linorobot2_ws/install/micro_ros_msgs/local/lib/python3.10/dist-packages/micro_ros_msgs/msg/_graph.py
[1.424s] -- Up-to-date: /home/raaid/linorobot2_ws/install/micro_ros_msgs/local/lib/python3.10/dist-packages/micro_ros_msgs/micro_ros_msgs_s__rosidl_typesupport_c.cpython-310-x86_64-linux-gnu.so
[1.425s] -- Up-to-date: /home/raaid/linorobot2_ws/install/micro_ros_msgs/local/lib/python3.10/dist-packages/micro_ros_msgs/_micro_ros_msgs_s.ep.rosidl_typesupport_introspection_c.c
[1.425s] -- Up-to-date: /home/raaid/linorobot2_ws/install/micro_ros_msgs/local/lib/python3.10/dist-packages/micro_ros_msgs/micro_ros_msgs_s__rosidl_typesupport_introspection_c.cpython-310-x86_64-linux-gnu.so
[1.425s] -- Up-to-date: /home/raaid/linorobot2_ws/install/micro_ros_msgs/local/lib/python3.10/dist-packages/micro_ros_msgs/_micro_ros_msgs_s.ep.rosidl_typesupport_c.c
[1.425s] -- Up-to-date: /home/raaid/linorobot2_ws/install/micro_ros_msgs/local/lib/python3.10/dist-packages/micro_ros_msgs/__init__.py
[1.425s] -- Up-to-date: /home/raaid/linorobot2_ws/install/micro_ros_msgs/local/lib/python3.10/dist-packages/micro_ros_msgs/_micro_ros_msgs_s.ep.rosidl_typesupport_fastrtps_c.c
[1.425s] -- Up-to-date: /home/raaid/linorobot2_ws/install/micro_ros_msgs/local/lib/python3.10/dist-packages/micro_ros_msgs/libmicro_ros_msgs__rosidl_generator_py.so
[1.425s] -- Up-to-date: /home/raaid/linorobot2_ws/install/micro_ros_msgs/local/lib/python3.10/dist-packages/micro_ros_msgs/micro_ros_msgs_s__rosidl_typesupport_fastrtps_c.cpython-310-x86_64-linux-gnu.so
[1.425s] -- Up-to-date: /home/raaid/linorobot2_ws/install/micro_ros_msgs/local/lib/python3.10/dist-packages/micro_ros_msgs/_micro_ros_msgs_s.ep.rosidl_typesupport_microxrcedds_c.c
[1.425s] -- Up-to-date: /home/raaid/linorobot2_ws/install/micro_ros_msgs/local/lib/python3.10/dist-packages/micro_ros_msgs/micro_ros_msgs_s__rosidl_typesupport_microxrcedds_c.cpython-310-x86_64-linux-gnu.so
[1.456s] Listing '/home/raaid/linorobot2_ws/install/micro_ros_msgs/local/lib/python3.10/dist-packages/micro_ros_msgs'...
[1.456s] Listing '/home/raaid/linorobot2_ws/install/micro_ros_msgs/local/lib/python3.10/dist-packages/micro_ros_msgs/msg'...
[1.461s] -- Up-to-date: /home/raaid/linorobot2_ws/install/micro_ros_msgs/local/lib/python3.10/dist-packages/micro_ros_msgs/micro_ros_msgs_s__rosidl_typesupport_microxrcedds_c.cpython-310-x86_64-linux-gnu.so
[1.461s] -- Up-to-date: /home/raaid/linorobot2_ws/install/micro_ros_msgs/local/lib/python3.10/dist-packages/micro_ros_msgs/micro_ros_msgs_s__rosidl_typesupport_fastrtps_c.cpython-310-x86_64-linux-gnu.so
[1.461s] -- Up-to-date: /home/raaid/linorobot2_ws/install/micro_ros_msgs/local/lib/python3.10/dist-packages/micro_ros_msgs/micro_ros_msgs_s__rosidl_typesupport_introspection_c.cpython-310-x86_64-linux-gnu.so
[1.461s] -- Up-to-date: /home/raaid/linorobot2_ws/install/micro_ros_msgs/local/lib/python3.10/dist-packages/micro_ros_msgs/micro_ros_msgs_s__rosidl_typesupport_c.cpython-310-x86_64-linux-gnu.so
[1.461s] -- Up-to-date: /home/raaid/linorobot2_ws/install/micro_ros_msgs/lib/libmicro_ros_msgs__rosidl_generator_py.so
[1.461s] -- Up-to-date: /home/raaid/linorobot2_ws/install/micro_ros_msgs/share/micro_ros_msgs/msg/Graph.idl
[1.461s] -- Up-to-date: /home/raaid/linorobot2_ws/install/micro_ros_msgs/share/micro_ros_msgs/msg/Node.idl
[1.461s] -- Up-to-date: /home/raaid/linorobot2_ws/install/micro_ros_msgs/share/micro_ros_msgs/msg/Entity.idl
[1.461s] -- Up-to-date: /home/raaid/linorobot2_ws/install/micro_ros_msgs/share/micro_ros_msgs/msg/Graph.msg
[1.461s] -- Up-to-date: /home/raaid/linorobot2_ws/install/micro_ros_msgs/share/micro_ros_msgs/msg/Node.msg
[1.461s] -- Up-to-date: /home/raaid/linorobot2_ws/install/micro_ros_msgs/share/micro_ros_msgs/msg/Entity.msg
[1.461s] -- Up-to-date: /home/raaid/linorobot2_ws/install/micro_ros_msgs/share/ament_index/resource_index/package_run_dependencies/micro_ros_msgs
[1.461s] -- Up-to-date: /home/raaid/linorobot2_ws/install/micro_ros_msgs/share/ament_index/resource_index/parent_prefix_path/micro_ros_msgs
[1.461s] -- Up-to-date: /home/raaid/linorobot2_ws/install/micro_ros_msgs/share/micro_ros_msgs/environment/ament_prefix_path.sh
[1.462s] -- Up-to-date: /home/raaid/linorobot2_ws/install/micro_ros_msgs/share/micro_ros_msgs/environment/ament_prefix_path.dsv
[1.462s] -- Up-to-date: /home/raaid/linorobot2_ws/install/micro_ros_msgs/share/micro_ros_msgs/environment/path.sh
[1.462s] -- Up-to-date: /home/raaid/linorobot2_ws/install/micro_ros_msgs/share/micro_ros_msgs/environment/path.dsv
[1.463s] -- Up-to-date: /home/raaid/linorobot2_ws/install/micro_ros_msgs/share/micro_ros_msgs/local_setup.bash
[1.463s] -- Up-to-date: /home/raaid/linorobot2_ws/install/micro_ros_msgs/share/micro_ros_msgs/local_setup.sh
[1.463s] -- Up-to-date: /home/raaid/linorobot2_ws/install/micro_ros_msgs/share/micro_ros_msgs/local_setup.zsh
[1.463s] -- Up-to-date: /home/raaid/linorobot2_ws/install/micro_ros_msgs/share/micro_ros_msgs/local_setup.dsv
[1.463s] -- Installing: /home/raaid/linorobot2_ws/install/micro_ros_msgs/share/micro_ros_msgs/package.dsv
[1.463s] -- Up-to-date: /home/raaid/linorobot2_ws/install/micro_ros_msgs/share/ament_index/resource_index/packages/micro_ros_msgs
[1.463s] -- Up-to-date: /home/raaid/linorobot2_ws/install/micro_ros_msgs/share/micro_ros_msgs/cmake/export_micro_ros_msgs__rosidl_generator_cExport.cmake
[1.463s] -- Up-to-date: /home/raaid/linorobot2_ws/install/micro_ros_msgs/share/micro_ros_msgs/cmake/export_micro_ros_msgs__rosidl_generator_cExport-noconfig.cmake
[1.463s] -- Up-to-date: /home/raaid/linorobot2_ws/install/micro_ros_msgs/share/micro_ros_msgs/cmake/export_micro_ros_msgs__rosidl_typesupport_fastrtps_cExport.cmake
[1.464s] -- Up-to-date: /home/raaid/linorobot2_ws/install/micro_ros_msgs/share/micro_ros_msgs/cmake/export_micro_ros_msgs__rosidl_typesupport_fastrtps_cExport-noconfig.cmake
[1.464s] -- Up-to-date: /home/raaid/linorobot2_ws/install/micro_ros_msgs/share/micro_ros_msgs/cmake/micro_ros_msgs__rosidl_typesupport_introspection_cExport.cmake
[1.464s] -- Up-to-date: /home/raaid/linorobot2_ws/install/micro_ros_msgs/share/micro_ros_msgs/cmake/micro_ros_msgs__rosidl_typesupport_introspection_cExport-noconfig.cmake
[1.464s] -- Up-to-date: /home/raaid/linorobot2_ws/install/micro_ros_msgs/share/micro_ros_msgs/cmake/micro_ros_msgs__rosidl_typesupport_cExport.cmake
[1.464s] -- Up-to-date: /home/raaid/linorobot2_ws/install/micro_ros_msgs/share/micro_ros_msgs/cmake/micro_ros_msgs__rosidl_typesupport_cExport-noconfig.cmake
[1.464s] -- Up-to-date: /home/raaid/linorobot2_ws/install/micro_ros_msgs/share/micro_ros_msgs/cmake/export_micro_ros_msgs__rosidl_generator_cppExport.cmake
[1.464s] -- Up-to-date: /home/raaid/linorobot2_ws/install/micro_ros_msgs/share/micro_ros_msgs/cmake/export_micro_ros_msgs__rosidl_typesupport_fastrtps_cppExport.cmake
[1.464s] -- Up-to-date: /home/raaid/linorobot2_ws/install/micro_ros_msgs/share/micro_ros_msgs/cmake/export_micro_ros_msgs__rosidl_typesupport_fastrtps_cppExport-noconfig.cmake
[1.464s] -- Up-to-date: /home/raaid/linorobot2_ws/install/micro_ros_msgs/share/micro_ros_msgs/cmake/micro_ros_msgs__rosidl_typesupport_introspection_cppExport.cmake
[1.464s] -- Up-to-date: /home/raaid/linorobot2_ws/install/micro_ros_msgs/share/micro_ros_msgs/cmake/micro_ros_msgs__rosidl_typesupport_introspection_cppExport-noconfig.cmake
[1.465s] -- Up-to-date: /home/raaid/linorobot2_ws/install/micro_ros_msgs/share/micro_ros_msgs/cmake/micro_ros_msgs__rosidl_typesupport_cppExport.cmake
[1.465s] -- Up-to-date: /home/raaid/linorobot2_ws/install/micro_ros_msgs/share/micro_ros_msgs/cmake/micro_ros_msgs__rosidl_typesupport_cppExport-noconfig.cmake
[1.465s] -- Up-to-date: /home/raaid/linorobot2_ws/install/micro_ros_msgs/share/micro_ros_msgs/cmake/export_micro_ros_msgs__rosidl_generator_pyExport.cmake
[1.465s] -- Up-to-date: /home/raaid/linorobot2_ws/install/micro_ros_msgs/share/micro_ros_msgs/cmake/export_micro_ros_msgs__rosidl_generator_pyExport-noconfig.cmake
[1.465s] -- Up-to-date: /home/raaid/linorobot2_ws/install/micro_ros_msgs/share/micro_ros_msgs/cmake/rosidl_cmake-extras.cmake
[1.465s] -- Up-to-date: /home/raaid/linorobot2_ws/install/micro_ros_msgs/share/micro_ros_msgs/cmake/ament_cmake_export_include_directories-extras.cmake
[1.465s] -- Up-to-date: /home/raaid/linorobot2_ws/install/micro_ros_msgs/share/micro_ros_msgs/cmake/ament_cmake_export_libraries-extras.cmake
[1.465s] -- Up-to-date: /home/raaid/linorobot2_ws/install/micro_ros_msgs/share/micro_ros_msgs/cmake/ament_cmake_export_targets-extras.cmake
[1.465s] -- Up-to-date: /home/raaid/linorobot2_ws/install/micro_ros_msgs/share/micro_ros_msgs/cmake/rosidl_cmake_export_typesupport_targets-extras.cmake
[1.465s] -- Up-to-date: /home/raaid/linorobot2_ws/install/micro_ros_msgs/share/micro_ros_msgs/cmake/ament_cmake_export_dependencies-extras.cmake
[1.465s] -- Up-to-date: /home/raaid/linorobot2_ws/install/micro_ros_msgs/share/micro_ros_msgs/cmake/rosidl_cmake_export_typesupport_libraries-extras.cmake
[1.465s] -- Up-to-date: /home/raaid/linorobot2_ws/install/micro_ros_msgs/share/micro_ros_msgs/cmake/micro_ros_msgsConfig.cmake
[1.465s] -- Up-to-date: /home/raaid/linorobot2_ws/install/micro_ros_msgs/share/micro_ros_msgs/cmake/micro_ros_msgsConfig-version.cmake
[1.465s] -- Up-to-date: /home/raaid/linorobot2_ws/install/micro_ros_msgs/share/micro_ros_msgs/package.xml
[1.467s] Invoked command in '/home/raaid/linorobot2_ws/build/micro_ros_msgs' returned '0': CMAKE_PREFIX_PATH=${CMAKE_PREFIX_PATH}:/home/raaid/microros_ws/install/sensor_msgs_py:/home/raaid/ros2_ws/install/my_tf_pkg:/home/raaid/ros2_ws/install/my_py_pkg:/home/raaid/ros2_ws/src/install/my_tf_pkg:/home/raaid/ros2_ws/src/install/my_py_pkg:/opt/ros/humble /usr/bin/cmake --install /home/raaid/linorobot2_ws/build/micro_ros_msgs
