[0.097s] Invoking command in '/home/raaid/linorobot2_ws/build/micro_ros_msgs': CMAKE_PREFIX_PATH=${CMAKE_PREFIX_PATH}:/home/raaid/ros2_ws/install/my_tf_pkg:/home/raaid/ros2_ws/install/my_py_pkg:/home/raaid/ros2_ws/src/install/my_tf_pkg:/home/raaid/ros2_ws/src/install/my_py_pkg:/home/raaid/microros_ws/install/sensor_msgs_py:/opt/ros/humble /usr/bin/cmake --build /home/raaid/linorobot2_ws/build/micro_ros_msgs -- -j7 -l7
[0.183s] [  1%] Built target micro_ros_msgs__cpp
[0.197s] [ 10%] Built target micro_ros_msgs__rosidl_generator_c
[0.251s] [ 10%] Built target ament_cmake_python_copy_micro_ros_msgs
[0.261s] [ 27%] Built target micro_ros_msgs__rosidl_typesupport_microxrcedds_cpp
[0.261s] [ 27%] Built target micro_ros_msgs__rosidl_typesupport_fastrtps_cpp
[0.269s] [ 35%] Built target micro_ros_msgs__rosidl_typesupport_cpp
[0.274s] [ 44%] Built target micro_ros_msgs__rosidl_typesupport_introspection_cpp
[0.284s] [ 52%] Built target micro_ros_msgs__rosidl_typesupport_microxrcedds_c
[0.284s] [ 61%] Built target micro_ros_msgs__rosidl_typesupport_fastrtps_c
[0.322s] [ 69%] Built target micro_ros_msgs__rosidl_typesupport_c
[0.325s] [ 77%] Built target micro_ros_msgs__rosidl_typesupport_introspection_c
[0.370s] [ 77%] Built target micro_ros_msgs
[0.426s] [ 79%] Built target micro_ros_msgs__py
[0.490s] [ 86%] Built target micro_ros_msgs__rosidl_generator_py
[0.541s] [ 89%] Built target micro_ros_msgs__rosidl_typesupport_fastrtps_c__pyext
[0.545s] [ 96%] Built target micro_ros_msgs__rosidl_typesupport_microxrcedds_c__pyext
[0.545s] [ 96%] Built target micro_ros_msgs__rosidl_typesupport_c__pyext
[0.556s] [100%] Built target micro_ros_msgs__rosidl_typesupport_introspection_c__pyext
[0.598s] running egg_info
[0.599s] writing micro_ros_msgs.egg-info/PKG-INFO
[0.600s] writing dependency_links to micro_ros_msgs.egg-info/dependency_links.txt
[0.600s] writing top-level names to micro_ros_msgs.egg-info/top_level.txt
[0.602s] reading manifest file 'micro_ros_msgs.egg-info/SOURCES.txt'
[0.603s] writing manifest file 'micro_ros_msgs.egg-info/SOURCES.txt'
[0.650s] [100%] Built target ament_cmake_python_build_micro_ros_msgs_egg
[0.664s] Invoked command in '/home/raaid/linorobot2_ws/build/micro_ros_msgs' returned '0': CMAKE_PREFIX_PATH=${CMAKE_PREFIX_PATH}:/home/raaid/ros2_ws/install/my_tf_pkg:/home/raaid/ros2_ws/install/my_py_pkg:/home/raaid/ros2_ws/src/install/my_tf_pkg:/home/raaid/ros2_ws/src/install/my_py_pkg:/home/raaid/microros_ws/install/sensor_msgs_py:/opt/ros/humble /usr/bin/cmake --build /home/raaid/linorobot2_ws/build/micro_ros_msgs -- -j7 -l7
[0.987s] Invoking command in '/home/raaid/linorobot2_ws/build/micro_ros_msgs': CMAKE_PREFIX_PATH=${CMAKE_PREFIX_PATH}:/home/raaid/ros2_ws/install/my_tf_pkg:/home/raaid/ros2_ws/install/my_py_pkg:/home/raaid/ros2_ws/src/install/my_tf_pkg:/home/raaid/ros2_ws/src/install/my_py_pkg:/home/raaid/microros_ws/install/sensor_msgs_py:/opt/ros/humble /usr/bin/cmake --install /home/raaid/linorobot2_ws/build/micro_ros_msgs
[0.998s] -- Install configuration: ""
[0.999s] -- Up-to-date: /home/raaid/linorobot2_ws/install/micro_ros_msgs/share/ament_index/resource_index/rosidl_interfaces/micro_ros_msgs
[0.999s] -- Up-to-date: /home/raaid/linorobot2_ws/install/micro_ros_msgs/include/micro_ros_msgs/micro_ros_msgs
[0.999s] -- Up-to-date: /home/raaid/linorobot2_ws/install/micro_ros_msgs/include/micro_ros_msgs/micro_ros_msgs/msg
[0.999s] -- Up-to-date: /home/raaid/linorobot2_ws/install/micro_ros_msgs/include/micro_ros_msgs/micro_ros_msgs/msg/graph.h
[0.999s] -- Up-to-date: /home/raaid/linorobot2_ws/install/micro_ros_msgs/include/micro_ros_msgs/micro_ros_msgs/msg/detail
[1.000s] -- Up-to-date: /home/raaid/linorobot2_ws/install/micro_ros_msgs/include/micro_ros_msgs/micro_ros_msgs/msg/detail/graph__struct.h
[1.000s] -- Up-to-date: /home/raaid/linorobot2_ws/install/micro_ros_msgs/include/micro_ros_msgs/micro_ros_msgs/msg/detail/node__functions.h
[1.000s] -- Up-to-date: /home/raaid/linorobot2_ws/install/micro_ros_msgs/include/micro_ros_msgs/micro_ros_msgs/msg/detail/graph__functions.c
[1.000s] -- Up-to-date: /home/raaid/linorobot2_ws/install/micro_ros_msgs/include/micro_ros_msgs/micro_ros_msgs/msg/detail/entity__functions.c
[1.000s] -- Up-to-date: /home/raaid/linorobot2_ws/install/micro_ros_msgs/include/micro_ros_msgs/micro_ros_msgs/msg/detail/graph__type_support.h
[1.000s] -- Up-to-date: /home/raaid/linorobot2_ws/install/micro_ros_msgs/include/micro_ros_msgs/micro_ros_msgs/msg/detail/entity__struct.h
[1.000s] -- Up-to-date: /home/raaid/linorobot2_ws/install/micro_ros_msgs/include/micro_ros_msgs/micro_ros_msgs/msg/detail/node__functions.c
[1.000s] -- Up-to-date: /home/raaid/linorobot2_ws/install/micro_ros_msgs/include/micro_ros_msgs/micro_ros_msgs/msg/detail/entity__functions.h
[1.000s] -- Up-to-date: /home/raaid/linorobot2_ws/install/micro_ros_msgs/include/micro_ros_msgs/micro_ros_msgs/msg/detail/entity__type_support.h
[1.001s] -- Up-to-date: /home/raaid/linorobot2_ws/install/micro_ros_msgs/include/micro_ros_msgs/micro_ros_msgs/msg/detail/node__struct.h
[1.001s] -- Up-to-date: /home/raaid/linorobot2_ws/install/micro_ros_msgs/include/micro_ros_msgs/micro_ros_msgs/msg/detail/graph__functions.h
[1.001s] -- Up-to-date: /home/raaid/linorobot2_ws/install/micro_ros_msgs/include/micro_ros_msgs/micro_ros_msgs/msg/detail/node__type_support.h
[1.001s] -- Up-to-date: /home/raaid/linorobot2_ws/install/micro_ros_msgs/include/micro_ros_msgs/micro_ros_msgs/msg/rosidl_generator_c__visibility_control.h
[1.001s] -- Up-to-date: /home/raaid/linorobot2_ws/install/micro_ros_msgs/include/micro_ros_msgs/micro_ros_msgs/msg/entity.h
[1.001s] -- Up-to-date: /home/raaid/linorobot2_ws/install/micro_ros_msgs/include/micro_ros_msgs/micro_ros_msgs/msg/node.h
[1.001s] -- Up-to-date: /home/raaid/linorobot2_ws/install/micro_ros_msgs/share/micro_ros_msgs/environment/library_path.sh
[1.001s] -- Up-to-date: /home/raaid/linorobot2_ws/install/micro_ros_msgs/share/micro_ros_msgs/environment/library_path.dsv
[1.002s] -- Up-to-date: /home/raaid/linorobot2_ws/install/micro_ros_msgs/lib/libmicro_ros_msgs__rosidl_generator_c.so
[1.002s] -- Up-to-date: /home/raaid/linorobot2_ws/install/micro_ros_msgs/include/micro_ros_msgs
[1.002s] -- Up-to-date: /home/raaid/linorobot2_ws/install/micro_ros_msgs/include/micro_ros_msgs/msg
[1.002s] -- Up-to-date: /home/raaid/linorobot2_ws/install/micro_ros_msgs/include/micro_ros_msgs/msg/rosidl_typesupport_microxrcedds_c__visibility_control.h
[1.002s] -- Up-to-date: /home/raaid/linorobot2_ws/install/micro_ros_msgs/include/micro_ros_msgs/msg/detail
[1.002s] -- Up-to-date: /home/raaid/linorobot2_ws/install/micro_ros_msgs/include/micro_ros_msgs/msg/detail/graph__rosidl_typesupport_microxrcedds_c.h
[1.002s] -- Up-to-date: /home/raaid/linorobot2_ws/install/micro_ros_msgs/include/micro_ros_msgs/msg/detail/entity__rosidl_typesupport_microxrcedds_c.h
[1.002s] -- Up-to-date: /home/raaid/linorobot2_ws/install/micro_ros_msgs/include/micro_ros_msgs/msg/detail/node__rosidl_typesupport_microxrcedds_c.h
[1.002s] -- Up-to-date: /home/raaid/linorobot2_ws/install/micro_ros_msgs/include/micro_ros_msgs/msg/detail/microxrcedds
[1.002s] -- Up-to-date: /home/raaid/linorobot2_ws/install/micro_ros_msgs/lib/libmicro_ros_msgs__rosidl_typesupport_microxrcedds_c.so
[1.002s] -- Up-to-date: /home/raaid/linorobot2_ws/install/micro_ros_msgs/include/micro_ros_msgs/micro_ros_msgs
[1.002s] -- Up-to-date: /home/raaid/linorobot2_ws/install/micro_ros_msgs/include/micro_ros_msgs/micro_ros_msgs/msg
[1.003s] -- Up-to-date: /home/raaid/linorobot2_ws/install/micro_ros_msgs/include/micro_ros_msgs/micro_ros_msgs/msg/rosidl_typesupport_fastrtps_c__visibility_control.h
[1.003s] -- Up-to-date: /home/raaid/linorobot2_ws/install/micro_ros_msgs/include/micro_ros_msgs/micro_ros_msgs/msg/detail
[1.003s] -- Up-to-date: /home/raaid/linorobot2_ws/install/micro_ros_msgs/include/micro_ros_msgs/micro_ros_msgs/msg/detail/entity__rosidl_typesupport_fastrtps_c.h
[1.003s] -- Up-to-date: /home/raaid/linorobot2_ws/install/micro_ros_msgs/include/micro_ros_msgs/micro_ros_msgs/msg/detail/node__rosidl_typesupport_fastrtps_c.h
[1.003s] -- Up-to-date: /home/raaid/linorobot2_ws/install/micro_ros_msgs/include/micro_ros_msgs/micro_ros_msgs/msg/detail/graph__rosidl_typesupport_fastrtps_c.h
[1.003s] -- Up-to-date: /home/raaid/linorobot2_ws/install/micro_ros_msgs/lib/libmicro_ros_msgs__rosidl_typesupport_fastrtps_c.so
[1.003s] -- Up-to-date: /home/raaid/linorobot2_ws/install/micro_ros_msgs/include/micro_ros_msgs/micro_ros_msgs
[1.003s] -- Up-to-date: /home/raaid/linorobot2_ws/install/micro_ros_msgs/include/micro_ros_msgs/micro_ros_msgs/msg
[1.004s] -- Up-to-date: /home/raaid/linorobot2_ws/install/micro_ros_msgs/include/micro_ros_msgs/micro_ros_msgs/msg/rosidl_typesupport_introspection_c__visibility_control.h
[1.004s] -- Up-to-date: /home/raaid/linorobot2_ws/install/micro_ros_msgs/include/micro_ros_msgs/micro_ros_msgs/msg/detail
[1.004s] -- Up-to-date: /home/raaid/linorobot2_ws/install/micro_ros_msgs/include/micro_ros_msgs/micro_ros_msgs/msg/detail/node__type_support.c
[1.004s] -- Up-to-date: /home/raaid/linorobot2_ws/install/micro_ros_msgs/include/micro_ros_msgs/micro_ros_msgs/msg/detail/graph__rosidl_typesupport_introspection_c.h
[1.004s] -- Up-to-date: /home/raaid/linorobot2_ws/install/micro_ros_msgs/include/micro_ros_msgs/micro_ros_msgs/msg/detail/graph__type_support.c
[1.004s] -- Up-to-date: /home/raaid/linorobot2_ws/install/micro_ros_msgs/include/micro_ros_msgs/micro_ros_msgs/msg/detail/node__rosidl_typesupport_introspection_c.h
[1.004s] -- Up-to-date: /home/raaid/linorobot2_ws/install/micro_ros_msgs/include/micro_ros_msgs/micro_ros_msgs/msg/detail/entity__rosidl_typesupport_introspection_c.h
[1.004s] -- Up-to-date: /home/raaid/linorobot2_ws/install/micro_ros_msgs/include/micro_ros_msgs/micro_ros_msgs/msg/detail/entity__type_support.c
[1.004s] -- Up-to-date: /home/raaid/linorobot2_ws/install/micro_ros_msgs/lib/libmicro_ros_msgs__rosidl_typesupport_introspection_c.so
[1.004s] -- Up-to-date: /home/raaid/linorobot2_ws/install/micro_ros_msgs/lib/libmicro_ros_msgs__rosidl_typesupport_c.so
[1.004s] -- Up-to-date: /home/raaid/linorobot2_ws/install/micro_ros_msgs/include/micro_ros_msgs/micro_ros_msgs
[1.004s] -- Up-to-date: /home/raaid/linorobot2_ws/install/micro_ros_msgs/include/micro_ros_msgs/micro_ros_msgs/msg
[1.004s] -- Up-to-date: /home/raaid/linorobot2_ws/install/micro_ros_msgs/include/micro_ros_msgs/micro_ros_msgs/msg/detail
[1.004s] -- Up-to-date: /home/raaid/linorobot2_ws/install/micro_ros_msgs/include/micro_ros_msgs/micro_ros_msgs/msg/detail/entity__builder.hpp
[1.004s] -- Up-to-date: /home/raaid/linorobot2_ws/install/micro_ros_msgs/include/micro_ros_msgs/micro_ros_msgs/msg/detail/graph__traits.hpp
[1.004s] -- Up-to-date: /home/raaid/linorobot2_ws/install/micro_ros_msgs/include/micro_ros_msgs/micro_ros_msgs/msg/detail/entity__traits.hpp
[1.004s] -- Up-to-date: /home/raaid/linorobot2_ws/install/micro_ros_msgs/include/micro_ros_msgs/micro_ros_msgs/msg/detail/node__builder.hpp
[1.004s] -- Up-to-date: /home/raaid/linorobot2_ws/install/micro_ros_msgs/include/micro_ros_msgs/micro_ros_msgs/msg/detail/node__struct.hpp
[1.004s] -- Up-to-date: /home/raaid/linorobot2_ws/install/micro_ros_msgs/include/micro_ros_msgs/micro_ros_msgs/msg/detail/graph__struct.hpp
[1.004s] -- Up-to-date: /home/raaid/linorobot2_ws/install/micro_ros_msgs/include/micro_ros_msgs/micro_ros_msgs/msg/detail/node__traits.hpp
[1.004s] -- Up-to-date: /home/raaid/linorobot2_ws/install/micro_ros_msgs/include/micro_ros_msgs/micro_ros_msgs/msg/detail/entity__struct.hpp
[1.004s] -- Up-to-date: /home/raaid/linorobot2_ws/install/micro_ros_msgs/include/micro_ros_msgs/micro_ros_msgs/msg/detail/graph__builder.hpp
[1.004s] -- Up-to-date: /home/raaid/linorobot2_ws/install/micro_ros_msgs/include/micro_ros_msgs/micro_ros_msgs/msg/graph.hpp
[1.004s] -- Up-to-date: /home/raaid/linorobot2_ws/install/micro_ros_msgs/include/micro_ros_msgs/micro_ros_msgs/msg/node.hpp
[1.005s] -- Up-to-date: /home/raaid/linorobot2_ws/install/micro_ros_msgs/include/micro_ros_msgs/micro_ros_msgs/msg/entity.hpp
[1.005s] -- Up-to-date: /home/raaid/linorobot2_ws/install/micro_ros_msgs/include/micro_ros_msgs
[1.005s] -- Up-to-date: /home/raaid/linorobot2_ws/install/micro_ros_msgs/include/micro_ros_msgs/msg
[1.005s] -- Up-to-date: /home/raaid/linorobot2_ws/install/micro_ros_msgs/include/micro_ros_msgs/msg/detail
[1.005s] -- Up-to-date: /home/raaid/linorobot2_ws/install/micro_ros_msgs/include/micro_ros_msgs/msg/detail/node__rosidl_typesupport_microxrcedds_cpp.hpp
[1.005s] -- Up-to-date: /home/raaid/linorobot2_ws/install/micro_ros_msgs/include/micro_ros_msgs/msg/detail/entity__rosidl_typesupport_microxrcedds_cpp.hpp
[1.005s] -- Up-to-date: /home/raaid/linorobot2_ws/install/micro_ros_msgs/include/micro_ros_msgs/msg/detail/graph__rosidl_typesupport_microxrcedds_cpp.hpp
[1.005s] -- Up-to-date: /home/raaid/linorobot2_ws/install/micro_ros_msgs/include/micro_ros_msgs/msg/detail/microxrcedds
[1.005s] -- Up-to-date: /home/raaid/linorobot2_ws/install/micro_ros_msgs/include/micro_ros_msgs/msg/detail/microxrcedds/entity__type_support_cpp.cpp
[1.005s] -- Up-to-date: /home/raaid/linorobot2_ws/install/micro_ros_msgs/include/micro_ros_msgs/msg/detail/microxrcedds/graph__type_support_cpp.cpp
[1.005s] -- Up-to-date: /home/raaid/linorobot2_ws/install/micro_ros_msgs/include/micro_ros_msgs/msg/detail/microxrcedds/node__type_support_cpp.cpp
[1.005s] -- Up-to-date: /home/raaid/linorobot2_ws/install/micro_ros_msgs/include/micro_ros_msgs/msg/rosidl_typesupport_microxrcedds_cpp__visibility_control.h
[1.005s] -- Up-to-date: /home/raaid/linorobot2_ws/install/micro_ros_msgs/lib/libmicro_ros_msgs__rosidl_typesupport_microxrcedds_cpp.so
[1.005s] -- Up-to-date: /home/raaid/linorobot2_ws/install/micro_ros_msgs/include/micro_ros_msgs/micro_ros_msgs
[1.005s] -- Up-to-date: /home/raaid/linorobot2_ws/install/micro_ros_msgs/include/micro_ros_msgs/micro_ros_msgs/msg
[1.005s] -- Up-to-date: /home/raaid/linorobot2_ws/install/micro_ros_msgs/include/micro_ros_msgs/micro_ros_msgs/msg/rosidl_typesupport_fastrtps_cpp__visibility_control.h
[1.005s] -- Up-to-date: /home/raaid/linorobot2_ws/install/micro_ros_msgs/include/micro_ros_msgs/micro_ros_msgs/msg/detail
[1.005s] -- Up-to-date: /home/raaid/linorobot2_ws/install/micro_ros_msgs/include/micro_ros_msgs/micro_ros_msgs/msg/detail/entity__rosidl_typesupport_fastrtps_cpp.hpp
[1.005s] -- Up-to-date: /home/raaid/linorobot2_ws/install/micro_ros_msgs/include/micro_ros_msgs/micro_ros_msgs/msg/detail/dds_fastrtps
[1.005s] -- Up-to-date: /home/raaid/linorobot2_ws/install/micro_ros_msgs/include/micro_ros_msgs/micro_ros_msgs/msg/detail/graph__rosidl_typesupport_fastrtps_cpp.hpp
[1.005s] -- Up-to-date: /home/raaid/linorobot2_ws/install/micro_ros_msgs/include/micro_ros_msgs/micro_ros_msgs/msg/detail/node__rosidl_typesupport_fastrtps_cpp.hpp
[1.005s] -- Up-to-date: /home/raaid/linorobot2_ws/install/micro_ros_msgs/lib/libmicro_ros_msgs__rosidl_typesupport_fastrtps_cpp.so
[1.005s] -- Up-to-date: /home/raaid/linorobot2_ws/install/micro_ros_msgs/include/micro_ros_msgs/micro_ros_msgs
[1.005s] -- Up-to-date: /home/raaid/linorobot2_ws/install/micro_ros_msgs/include/micro_ros_msgs/micro_ros_msgs/msg
[1.005s] -- Up-to-date: /home/raaid/linorobot2_ws/install/micro_ros_msgs/include/micro_ros_msgs/micro_ros_msgs/msg/detail
[1.005s] -- Up-to-date: /home/raaid/linorobot2_ws/install/micro_ros_msgs/include/micro_ros_msgs/micro_ros_msgs/msg/detail/graph__rosidl_typesupport_introspection_cpp.hpp
[1.006s] -- Up-to-date: /home/raaid/linorobot2_ws/install/micro_ros_msgs/include/micro_ros_msgs/micro_ros_msgs/msg/detail/node__rosidl_typesupport_introspection_cpp.hpp
[1.006s] -- Up-to-date: /home/raaid/linorobot2_ws/install/micro_ros_msgs/include/micro_ros_msgs/micro_ros_msgs/msg/detail/graph__type_support.cpp
[1.006s] -- Up-to-date: /home/raaid/linorobot2_ws/install/micro_ros_msgs/include/micro_ros_msgs/micro_ros_msgs/msg/detail/entity__rosidl_typesupport_introspection_cpp.hpp
[1.006s] -- Up-to-date: /home/raaid/linorobot2_ws/install/micro_ros_msgs/include/micro_ros_msgs/micro_ros_msgs/msg/detail/entity__type_support.cpp
[1.006s] -- Up-to-date: /home/raaid/linorobot2_ws/install/micro_ros_msgs/include/micro_ros_msgs/micro_ros_msgs/msg/detail/node__type_support.cpp
[1.006s] -- Up-to-date: /home/raaid/linorobot2_ws/install/micro_ros_msgs/lib/libmicro_ros_msgs__rosidl_typesupport_introspection_cpp.so
[1.006s] -- Up-to-date: /home/raaid/linorobot2_ws/install/micro_ros_msgs/lib/libmicro_ros_msgs__rosidl_typesupport_cpp.so
[1.006s] -- Up-to-date: /home/raaid/linorobot2_ws/install/micro_ros_msgs/share/micro_ros_msgs/environment/pythonpath.sh
[1.006s] -- Up-to-date: /home/raaid/linorobot2_ws/install/micro_ros_msgs/share/micro_ros_msgs/environment/pythonpath.dsv
[1.006s] -- Up-to-date: /home/raaid/linorobot2_ws/install/micro_ros_msgs/local/lib/python3.10/dist-packages/micro_ros_msgs-3.0.1-py3.10.egg-info
[1.006s] -- Installing: /home/raaid/linorobot2_ws/install/micro_ros_msgs/local/lib/python3.10/dist-packages/micro_ros_msgs-3.0.1-py3.10.egg-info/dependency_links.txt
[1.006s] -- Installing: /home/raaid/linorobot2_ws/install/micro_ros_msgs/local/lib/python3.10/dist-packages/micro_ros_msgs-3.0.1-py3.10.egg-info/SOURCES.txt
[1.006s] -- Installing: /home/raaid/linorobot2_ws/install/micro_ros_msgs/local/lib/python3.10/dist-packages/micro_ros_msgs-3.0.1-py3.10.egg-info/top_level.txt
[1.006s] -- Installing: /home/raaid/linorobot2_ws/install/micro_ros_msgs/local/lib/python3.10/dist-packages/micro_ros_msgs-3.0.1-py3.10.egg-info/PKG-INFO
[1.006s] -- Up-to-date: /home/raaid/linorobot2_ws/install/micro_ros_msgs/local/lib/python3.10/dist-packages/micro_ros_msgs
[1.006s] -- Up-to-date: /home/raaid/linorobot2_ws/install/micro_ros_msgs/local/lib/python3.10/dist-packages/micro_ros_msgs/msg
[1.006s] -- Up-to-date: /home/raaid/linorobot2_ws/install/micro_ros_msgs/local/lib/python3.10/dist-packages/micro_ros_msgs/msg/_graph_s.c
[1.006s] -- Up-to-date: /home/raaid/linorobot2_ws/install/micro_ros_msgs/local/lib/python3.10/dist-packages/micro_ros_msgs/msg/_entity_s.c
[1.006s] -- Up-to-date: /home/raaid/linorobot2_ws/install/micro_ros_msgs/local/lib/python3.10/dist-packages/micro_ros_msgs/msg/_node.py
[1.006s] -- Up-to-date: /home/raaid/linorobot2_ws/install/micro_ros_msgs/local/lib/python3.10/dist-packages/micro_ros_msgs/msg/_node_s.c
[1.007s] -- Up-to-date: /home/raaid/linorobot2_ws/install/micro_ros_msgs/local/lib/python3.10/dist-packages/micro_ros_msgs/msg/__init__.py
[1.007s] -- Up-to-date: /home/raaid/linorobot2_ws/install/micro_ros_msgs/local/lib/python3.10/dist-packages/micro_ros_msgs/msg/_entity.py
[1.007s] -- Up-to-date: /home/raaid/linorobot2_ws/install/micro_ros_msgs/local/lib/python3.10/dist-packages/micro_ros_msgs/msg/_graph.py
[1.007s] -- Up-to-date: /home/raaid/linorobot2_ws/install/micro_ros_msgs/local/lib/python3.10/dist-packages/micro_ros_msgs/micro_ros_msgs_s__rosidl_typesupport_c.cpython-310-x86_64-linux-gnu.so
[1.007s] -- Up-to-date: /home/raaid/linorobot2_ws/install/micro_ros_msgs/local/lib/python3.10/dist-packages/micro_ros_msgs/_micro_ros_msgs_s.ep.rosidl_typesupport_introspection_c.c
[1.007s] -- Up-to-date: /home/raaid/linorobot2_ws/install/micro_ros_msgs/local/lib/python3.10/dist-packages/micro_ros_msgs/micro_ros_msgs_s__rosidl_typesupport_introspection_c.cpython-310-x86_64-linux-gnu.so
[1.007s] -- Up-to-date: /home/raaid/linorobot2_ws/install/micro_ros_msgs/local/lib/python3.10/dist-packages/micro_ros_msgs/_micro_ros_msgs_s.ep.rosidl_typesupport_c.c
[1.007s] -- Up-to-date: /home/raaid/linorobot2_ws/install/micro_ros_msgs/local/lib/python3.10/dist-packages/micro_ros_msgs/__init__.py
[1.007s] -- Up-to-date: /home/raaid/linorobot2_ws/install/micro_ros_msgs/local/lib/python3.10/dist-packages/micro_ros_msgs/_micro_ros_msgs_s.ep.rosidl_typesupport_fastrtps_c.c
[1.007s] -- Up-to-date: /home/raaid/linorobot2_ws/install/micro_ros_msgs/local/lib/python3.10/dist-packages/micro_ros_msgs/libmicro_ros_msgs__rosidl_generator_py.so
[1.007s] -- Up-to-date: /home/raaid/linorobot2_ws/install/micro_ros_msgs/local/lib/python3.10/dist-packages/micro_ros_msgs/micro_ros_msgs_s__rosidl_typesupport_fastrtps_c.cpython-310-x86_64-linux-gnu.so
[1.007s] -- Up-to-date: /home/raaid/linorobot2_ws/install/micro_ros_msgs/local/lib/python3.10/dist-packages/micro_ros_msgs/_micro_ros_msgs_s.ep.rosidl_typesupport_microxrcedds_c.c
[1.007s] -- Up-to-date: /home/raaid/linorobot2_ws/install/micro_ros_msgs/local/lib/python3.10/dist-packages/micro_ros_msgs/micro_ros_msgs_s__rosidl_typesupport_microxrcedds_c.cpython-310-x86_64-linux-gnu.so
[1.044s] Listing '/home/raaid/linorobot2_ws/install/micro_ros_msgs/local/lib/python3.10/dist-packages/micro_ros_msgs'...
[1.044s] Listing '/home/raaid/linorobot2_ws/install/micro_ros_msgs/local/lib/python3.10/dist-packages/micro_ros_msgs/msg'...
[1.049s] -- Up-to-date: /home/raaid/linorobot2_ws/install/micro_ros_msgs/local/lib/python3.10/dist-packages/micro_ros_msgs/micro_ros_msgs_s__rosidl_typesupport_microxrcedds_c.cpython-310-x86_64-linux-gnu.so
[1.049s] -- Up-to-date: /home/raaid/linorobot2_ws/install/micro_ros_msgs/local/lib/python3.10/dist-packages/micro_ros_msgs/micro_ros_msgs_s__rosidl_typesupport_fastrtps_c.cpython-310-x86_64-linux-gnu.so
[1.049s] -- Up-to-date: /home/raaid/linorobot2_ws/install/micro_ros_msgs/local/lib/python3.10/dist-packages/micro_ros_msgs/micro_ros_msgs_s__rosidl_typesupport_introspection_c.cpython-310-x86_64-linux-gnu.so
[1.049s] -- Up-to-date: /home/raaid/linorobot2_ws/install/micro_ros_msgs/local/lib/python3.10/dist-packages/micro_ros_msgs/micro_ros_msgs_s__rosidl_typesupport_c.cpython-310-x86_64-linux-gnu.so
[1.050s] -- Up-to-date: /home/raaid/linorobot2_ws/install/micro_ros_msgs/lib/libmicro_ros_msgs__rosidl_generator_py.so
[1.050s] -- Up-to-date: /home/raaid/linorobot2_ws/install/micro_ros_msgs/share/micro_ros_msgs/msg/Graph.idl
[1.050s] -- Up-to-date: /home/raaid/linorobot2_ws/install/micro_ros_msgs/share/micro_ros_msgs/msg/Node.idl
[1.050s] -- Up-to-date: /home/raaid/linorobot2_ws/install/micro_ros_msgs/share/micro_ros_msgs/msg/Entity.idl
[1.050s] -- Up-to-date: /home/raaid/linorobot2_ws/install/micro_ros_msgs/share/micro_ros_msgs/msg/Graph.msg
[1.050s] -- Up-to-date: /home/raaid/linorobot2_ws/install/micro_ros_msgs/share/micro_ros_msgs/msg/Node.msg
[1.050s] -- Up-to-date: /home/raaid/linorobot2_ws/install/micro_ros_msgs/share/micro_ros_msgs/msg/Entity.msg
[1.050s] -- Up-to-date: /home/raaid/linorobot2_ws/install/micro_ros_msgs/share/ament_index/resource_index/package_run_dependencies/micro_ros_msgs
[1.050s] -- Up-to-date: /home/raaid/linorobot2_ws/install/micro_ros_msgs/share/ament_index/resource_index/parent_prefix_path/micro_ros_msgs
[1.050s] -- Up-to-date: /home/raaid/linorobot2_ws/install/micro_ros_msgs/share/micro_ros_msgs/environment/ament_prefix_path.sh
[1.051s] -- Up-to-date: /home/raaid/linorobot2_ws/install/micro_ros_msgs/share/micro_ros_msgs/environment/ament_prefix_path.dsv
[1.051s] -- Up-to-date: /home/raaid/linorobot2_ws/install/micro_ros_msgs/share/micro_ros_msgs/environment/path.sh
[1.051s] -- Up-to-date: /home/raaid/linorobot2_ws/install/micro_ros_msgs/share/micro_ros_msgs/environment/path.dsv
[1.051s] -- Up-to-date: /home/raaid/linorobot2_ws/install/micro_ros_msgs/share/micro_ros_msgs/local_setup.bash
[1.051s] -- Up-to-date: /home/raaid/linorobot2_ws/install/micro_ros_msgs/share/micro_ros_msgs/local_setup.sh
[1.051s] -- Up-to-date: /home/raaid/linorobot2_ws/install/micro_ros_msgs/share/micro_ros_msgs/local_setup.zsh
[1.051s] -- Up-to-date: /home/raaid/linorobot2_ws/install/micro_ros_msgs/share/micro_ros_msgs/local_setup.dsv
[1.051s] -- Installing: /home/raaid/linorobot2_ws/install/micro_ros_msgs/share/micro_ros_msgs/package.dsv
[1.052s] -- Up-to-date: /home/raaid/linorobot2_ws/install/micro_ros_msgs/share/ament_index/resource_index/packages/micro_ros_msgs
[1.052s] -- Up-to-date: /home/raaid/linorobot2_ws/install/micro_ros_msgs/share/micro_ros_msgs/cmake/export_micro_ros_msgs__rosidl_generator_cExport.cmake
[1.052s] -- Up-to-date: /home/raaid/linorobot2_ws/install/micro_ros_msgs/share/micro_ros_msgs/cmake/export_micro_ros_msgs__rosidl_generator_cExport-noconfig.cmake
[1.052s] -- Up-to-date: /home/raaid/linorobot2_ws/install/micro_ros_msgs/share/micro_ros_msgs/cmake/export_micro_ros_msgs__rosidl_typesupport_fastrtps_cExport.cmake
[1.052s] -- Up-to-date: /home/raaid/linorobot2_ws/install/micro_ros_msgs/share/micro_ros_msgs/cmake/export_micro_ros_msgs__rosidl_typesupport_fastrtps_cExport-noconfig.cmake
[1.052s] -- Up-to-date: /home/raaid/linorobot2_ws/install/micro_ros_msgs/share/micro_ros_msgs/cmake/micro_ros_msgs__rosidl_typesupport_introspection_cExport.cmake
[1.052s] -- Up-to-date: /home/raaid/linorobot2_ws/install/micro_ros_msgs/share/micro_ros_msgs/cmake/micro_ros_msgs__rosidl_typesupport_introspection_cExport-noconfig.cmake
[1.052s] -- Up-to-date: /home/raaid/linorobot2_ws/install/micro_ros_msgs/share/micro_ros_msgs/cmake/micro_ros_msgs__rosidl_typesupport_cExport.cmake
[1.053s] -- Up-to-date: /home/raaid/linorobot2_ws/install/micro_ros_msgs/share/micro_ros_msgs/cmake/micro_ros_msgs__rosidl_typesupport_cExport-noconfig.cmake
[1.053s] -- Up-to-date: /home/raaid/linorobot2_ws/install/micro_ros_msgs/share/micro_ros_msgs/cmake/export_micro_ros_msgs__rosidl_generator_cppExport.cmake
[1.053s] -- Up-to-date: /home/raaid/linorobot2_ws/install/micro_ros_msgs/share/micro_ros_msgs/cmake/export_micro_ros_msgs__rosidl_typesupport_fastrtps_cppExport.cmake
[1.053s] -- Up-to-date: /home/raaid/linorobot2_ws/install/micro_ros_msgs/share/micro_ros_msgs/cmake/export_micro_ros_msgs__rosidl_typesupport_fastrtps_cppExport-noconfig.cmake
[1.053s] -- Up-to-date: /home/raaid/linorobot2_ws/install/micro_ros_msgs/share/micro_ros_msgs/cmake/micro_ros_msgs__rosidl_typesupport_introspection_cppExport.cmake
[1.053s] -- Up-to-date: /home/raaid/linorobot2_ws/install/micro_ros_msgs/share/micro_ros_msgs/cmake/micro_ros_msgs__rosidl_typesupport_introspection_cppExport-noconfig.cmake
[1.053s] -- Up-to-date: /home/raaid/linorobot2_ws/install/micro_ros_msgs/share/micro_ros_msgs/cmake/micro_ros_msgs__rosidl_typesupport_cppExport.cmake
[1.053s] -- Up-to-date: /home/raaid/linorobot2_ws/install/micro_ros_msgs/share/micro_ros_msgs/cmake/micro_ros_msgs__rosidl_typesupport_cppExport-noconfig.cmake
[1.053s] -- Up-to-date: /home/raaid/linorobot2_ws/install/micro_ros_msgs/share/micro_ros_msgs/cmake/export_micro_ros_msgs__rosidl_generator_pyExport.cmake
[1.053s] -- Up-to-date: /home/raaid/linorobot2_ws/install/micro_ros_msgs/share/micro_ros_msgs/cmake/export_micro_ros_msgs__rosidl_generator_pyExport-noconfig.cmake
[1.053s] -- Up-to-date: /home/raaid/linorobot2_ws/install/micro_ros_msgs/share/micro_ros_msgs/cmake/rosidl_cmake-extras.cmake
[1.053s] -- Up-to-date: /home/raaid/linorobot2_ws/install/micro_ros_msgs/share/micro_ros_msgs/cmake/ament_cmake_export_include_directories-extras.cmake
[1.053s] -- Up-to-date: /home/raaid/linorobot2_ws/install/micro_ros_msgs/share/micro_ros_msgs/cmake/ament_cmake_export_libraries-extras.cmake
[1.053s] -- Up-to-date: /home/raaid/linorobot2_ws/install/micro_ros_msgs/share/micro_ros_msgs/cmake/ament_cmake_export_targets-extras.cmake
[1.053s] -- Up-to-date: /home/raaid/linorobot2_ws/install/micro_ros_msgs/share/micro_ros_msgs/cmake/rosidl_cmake_export_typesupport_targets-extras.cmake
[1.053s] -- Up-to-date: /home/raaid/linorobot2_ws/install/micro_ros_msgs/share/micro_ros_msgs/cmake/ament_cmake_export_dependencies-extras.cmake
[1.053s] -- Up-to-date: /home/raaid/linorobot2_ws/install/micro_ros_msgs/share/micro_ros_msgs/cmake/rosidl_cmake_export_typesupport_libraries-extras.cmake
[1.053s] -- Up-to-date: /home/raaid/linorobot2_ws/install/micro_ros_msgs/share/micro_ros_msgs/cmake/micro_ros_msgsConfig.cmake
[1.053s] -- Up-to-date: /home/raaid/linorobot2_ws/install/micro_ros_msgs/share/micro_ros_msgs/cmake/micro_ros_msgsConfig-version.cmake
[1.053s] -- Up-to-date: /home/raaid/linorobot2_ws/install/micro_ros_msgs/share/micro_ros_msgs/package.xml
[1.055s] Invoked command in '/home/raaid/linorobot2_ws/build/micro_ros_msgs' returned '0': CMAKE_PREFIX_PATH=${CMAKE_PREFIX_PATH}:/home/raaid/ros2_ws/install/my_tf_pkg:/home/raaid/ros2_ws/install/my_py_pkg:/home/raaid/ros2_ws/src/install/my_tf_pkg:/home/raaid/ros2_ws/src/install/my_py_pkg:/home/raaid/microros_ws/install/sensor_msgs_py:/opt/ros/humble /usr/bin/cmake --install /home/raaid/linorobot2_ws/build/micro_ros_msgs
