[0.084s] Invoking command in '/home/raaid/linorobot2_ws/build/linorobot2_base': CMAKE_PREFIX_PATH=${CMAKE_PREFIX_PATH}:/home/raaid/microros_ws/install/sensor_msgs_py:/home/raaid/ros2_ws/install/my_tf_pkg:/home/raaid/ros2_ws/install/my_py_pkg:/home/raaid/ros2_ws/src/install/my_tf_pkg:/home/raaid/ros2_ws/src/install/my_py_pkg:/opt/ros/humble /usr/bin/cmake /home/raaid/linorobot2_ws/src/linorobot2/linorobot2_base -DCMAKE_INSTALL_PREFIX=/home/raaid/linorobot2_ws/install/linorobot2_base
[0.283s] -- The C compiler identification is GNU 11.4.0
[0.364s] -- The CXX compiler identification is GNU 11.4.0
[0.373s] -- Detecting C compiler ABI info
[0.496s] -- Detecting C compiler ABI info - done
[0.514s] -- Check for working C compiler: /usr/bin/cc - skipped
[0.514s] -- Detecting C compile features
[0.514s] -- Detecting C compile features - done
[0.514s] -- Detecting CXX compiler ABI info
[0.640s] -- Detecting CXX compiler ABI info - done
[0.647s] -- Check for working CXX compiler: /usr/bin/c++ - skipped
[0.647s] -- Detecting CXX compile features
[0.647s] -- Detecting CXX compile features - done
[0.656s] -- Found ament_cmake: 1.3.8 (/opt/ros/humble/share/ament_cmake/cmake)
[0.914s] -- Found Python3: /usr/bin/python3 (found version "3.10.12") found components: Interpreter 
[1.187s] -- Configuring done
[1.192s] -- Generating done
[1.193s] -- Build files have been written to: /home/raaid/linorobot2_ws/build/linorobot2_base
[1.197s] Invoked command in '/home/raaid/linorobot2_ws/build/linorobot2_base' returned '0': CMAKE_PREFIX_PATH=${CMAKE_PREFIX_PATH}:/home/raaid/microros_ws/install/sensor_msgs_py:/home/raaid/ros2_ws/install/my_tf_pkg:/home/raaid/ros2_ws/install/my_py_pkg:/home/raaid/ros2_ws/src/install/my_tf_pkg:/home/raaid/ros2_ws/src/install/my_py_pkg:/opt/ros/humble /usr/bin/cmake /home/raaid/linorobot2_ws/src/linorobot2/linorobot2_base -DCMAKE_INSTALL_PREFIX=/home/raaid/linorobot2_ws/install/linorobot2_base
[1.202s] Invoking command in '/home/raaid/linorobot2_ws/build/linorobot2_base': CMAKE_PREFIX_PATH=${CMAKE_PREFIX_PATH}:/home/raaid/microros_ws/install/sensor_msgs_py:/home/raaid/ros2_ws/install/my_tf_pkg:/home/raaid/ros2_ws/install/my_py_pkg:/home/raaid/ros2_ws/src/install/my_tf_pkg:/home/raaid/ros2_ws/src/install/my_py_pkg:/opt/ros/humble /usr/bin/cmake --build /home/raaid/linorobot2_ws/build/linorobot2_base -- -j6 -l6
[1.266s] Invoked command in '/home/raaid/linorobot2_ws/build/linorobot2_base' returned '0': CMAKE_PREFIX_PATH=${CMAKE_PREFIX_PATH}:/home/raaid/microros_ws/install/sensor_msgs_py:/home/raaid/ros2_ws/install/my_tf_pkg:/home/raaid/ros2_ws/install/my_py_pkg:/home/raaid/ros2_ws/src/install/my_tf_pkg:/home/raaid/ros2_ws/src/install/my_py_pkg:/opt/ros/humble /usr/bin/cmake --build /home/raaid/linorobot2_ws/build/linorobot2_base -- -j6 -l6
[1.353s] Invoking command in '/home/raaid/linorobot2_ws/build/linorobot2_base': CMAKE_PREFIX_PATH=${CMAKE_PREFIX_PATH}:/home/raaid/microros_ws/install/sensor_msgs_py:/home/raaid/ros2_ws/install/my_tf_pkg:/home/raaid/ros2_ws/install/my_py_pkg:/home/raaid/ros2_ws/src/install/my_tf_pkg:/home/raaid/ros2_ws/src/install/my_py_pkg:/opt/ros/humble /usr/bin/cmake --install /home/raaid/linorobot2_ws/build/linorobot2_base
[1.405s] -- Install configuration: ""
[1.405s] -- Installing: /home/raaid/linorobot2_ws/install/linorobot2_base/share/linorobot2_base/config
[1.405s] -- Installing: /home/raaid/linorobot2_ws/install/linorobot2_base/share/linorobot2_base/config/ekf.yaml
[1.405s] -- Installing: /home/raaid/linorobot2_ws/install/linorobot2_base/share/ament_index/resource_index/package_run_dependencies/linorobot2_base
[1.405s] -- Installing: /home/raaid/linorobot2_ws/install/linorobot2_base/share/ament_index/resource_index/parent_prefix_path/linorobot2_base
[1.405s] -- Installing: /home/raaid/linorobot2_ws/install/linorobot2_base/share/linorobot2_base/environment/ament_prefix_path.sh
[1.405s] -- Installing: /home/raaid/linorobot2_ws/install/linorobot2_base/share/linorobot2_base/environment/ament_prefix_path.dsv
[1.405s] -- Installing: /home/raaid/linorobot2_ws/install/linorobot2_base/share/linorobot2_base/environment/path.sh
[1.405s] -- Installing: /home/raaid/linorobot2_ws/install/linorobot2_base/share/linorobot2_base/environment/path.dsv
[1.423s] -- Installing: /home/raaid/linorobot2_ws/install/linorobot2_base/share/linorobot2_base/local_setup.bash
[1.423s] -- Installing: /home/raaid/linorobot2_ws/install/linorobot2_base/share/linorobot2_base/local_setup.sh
[1.423s] -- Installing: /home/raaid/linorobot2_ws/install/linorobot2_base/share/linorobot2_base/local_setup.zsh
[1.443s] -- Installing: /home/raaid/linorobot2_ws/install/linorobot2_base/share/linorobot2_base/local_setup.dsv
[1.444s] -- Installing: /home/raaid/linorobot2_ws/install/linorobot2_base/share/linorobot2_base/package.dsv
[1.444s] -- Installing: /home/raaid/linorobot2_ws/install/linorobot2_base/share/ament_index/resource_index/packages/linorobot2_base
[1.444s] -- Installing: /home/raaid/linorobot2_ws/install/linorobot2_base/share/linorobot2_base/cmake/linorobot2_baseConfig.cmake
[1.444s] -- Installing: /home/raaid/linorobot2_ws/install/linorobot2_base/share/linorobot2_base/cmake/linorobot2_baseConfig-version.cmake
[1.444s] -- Installing: /home/raaid/linorobot2_ws/install/linorobot2_base/share/linorobot2_base/package.xml
[1.475s] Invoked command in '/home/raaid/linorobot2_ws/build/linorobot2_base' returned '0': CMAKE_PREFIX_PATH=${CMAKE_PREFIX_PATH}:/home/raaid/microros_ws/install/sensor_msgs_py:/home/raaid/ros2_ws/install/my_tf_pkg:/home/raaid/ros2_ws/install/my_py_pkg:/home/raaid/ros2_ws/src/install/my_tf_pkg:/home/raaid/ros2_ws/src/install/my_py_pkg:/opt/ros/humble /usr/bin/cmake --install /home/raaid/linorobot2_ws/build/linorobot2_base
