[0.265s] Invoking command in '/home/raaid/linorobot2_ws/build/linorobot2_base': CMAKE_PREFIX_PATH=${CMAKE_PREFIX_PATH}:/home/raaid/microros_ws/install/sensor_msgs_py:/home/raaid/ros2_ws/install/my_tf_pkg:/home/raaid/ros2_ws/install/my_py_pkg:/home/raaid/ros2_ws/src/install/my_tf_pkg:/home/raaid/ros2_ws/src/install/my_py_pkg:/opt/ros/humble /usr/bin/cmake --build /home/raaid/linorobot2_ws/build/linorobot2_base -- -j6 -l6
[0.352s] Invoked command in '/home/raaid/linorobot2_ws/build/linorobot2_base' returned '0': CMAKE_PREFIX_PATH=${CMAKE_PREFIX_PATH}:/home/raaid/microros_ws/install/sensor_msgs_py:/home/raaid/ros2_ws/install/my_tf_pkg:/home/raaid/ros2_ws/install/my_py_pkg:/home/raaid/ros2_ws/src/install/my_tf_pkg:/home/raaid/ros2_ws/src/install/my_py_pkg:/opt/ros/humble /usr/bin/cmake --build /home/raaid/linorobot2_ws/build/linorobot2_base -- -j6 -l6
[0.496s] Invoking command in '/home/raaid/linorobot2_ws/build/linorobot2_base': CMAKE_PREFIX_PATH=${CMAKE_PREFIX_PATH}:/home/raaid/microros_ws/install/sensor_msgs_py:/home/raaid/ros2_ws/install/my_tf_pkg:/home/raaid/ros2_ws/install/my_py_pkg:/home/raaid/ros2_ws/src/install/my_tf_pkg:/home/raaid/ros2_ws/src/install/my_py_pkg:/opt/ros/humble /usr/bin/cmake --install /home/raaid/linorobot2_ws/build/linorobot2_base
[0.520s] -- Install configuration: ""
[0.520s] -- Up-to-date: /home/raaid/linorobot2_ws/install/linorobot2_base/share/linorobot2_base/config
[0.520s] -- Up-to-date: /home/raaid/linorobot2_ws/install/linorobot2_base/share/linorobot2_base/config/ekf.yaml
[0.521s] -- Up-to-date: /home/raaid/linorobot2_ws/install/linorobot2_base/share/ament_index/resource_index/package_run_dependencies/linorobot2_base
[0.522s] -- Up-to-date: /home/raaid/linorobot2_ws/install/linorobot2_base/share/ament_index/resource_index/parent_prefix_path/linorobot2_base
[0.522s] -- Up-to-date: /home/raaid/linorobot2_ws/install/linorobot2_base/share/linorobot2_base/environment/ament_prefix_path.sh
[0.522s] -- Up-to-date: /home/raaid/linorobot2_ws/install/linorobot2_base/share/linorobot2_base/environment/ament_prefix_path.dsv
[0.523s] -- Up-to-date: /home/raaid/linorobot2_ws/install/linorobot2_base/share/linorobot2_base/environment/path.sh
[0.523s] -- Up-to-date: /home/raaid/linorobot2_ws/install/linorobot2_base/share/linorobot2_base/environment/path.dsv
[0.523s] -- Up-to-date: /home/raaid/linorobot2_ws/install/linorobot2_base/share/linorobot2_base/local_setup.bash
[0.523s] -- Up-to-date: /home/raaid/linorobot2_ws/install/linorobot2_base/share/linorobot2_base/local_setup.sh
[0.523s] -- Up-to-date: /home/raaid/linorobot2_ws/install/linorobot2_base/share/linorobot2_base/local_setup.zsh
[0.523s] -- Up-to-date: /home/raaid/linorobot2_ws/install/linorobot2_base/share/linorobot2_base/local_setup.dsv
[0.523s] -- Installing: /home/raaid/linorobot2_ws/install/linorobot2_base/share/linorobot2_base/package.dsv
[0.524s] -- Up-to-date: /home/raaid/linorobot2_ws/install/linorobot2_base/share/ament_index/resource_index/packages/linorobot2_base
[0.524s] -- Up-to-date: /home/raaid/linorobot2_ws/install/linorobot2_base/share/linorobot2_base/cmake/linorobot2_baseConfig.cmake
[0.524s] -- Up-to-date: /home/raaid/linorobot2_ws/install/linorobot2_base/share/linorobot2_base/cmake/linorobot2_baseConfig-version.cmake
[0.524s] -- Up-to-date: /home/raaid/linorobot2_ws/install/linorobot2_base/share/linorobot2_base/package.xml
[0.534s] Invoked command in '/home/raaid/linorobot2_ws/build/linorobot2_base' returned '0': CMAKE_PREFIX_PATH=${CMAKE_PREFIX_PATH}:/home/raaid/microros_ws/install/sensor_msgs_py:/home/raaid/ros2_ws/install/my_tf_pkg:/home/raaid/ros2_ws/install/my_py_pkg:/home/raaid/ros2_ws/src/install/my_tf_pkg:/home/raaid/ros2_ws/src/install/my_py_pkg:/opt/ros/humble /usr/bin/cmake --install /home/raaid/linorobot2_ws/build/linorobot2_base
