[0.116s] Invoking command in '/home/raaid/linorobot2_ws/build/micro_ros_msgs': CMAKE_PREFIX_PATH=${CMAKE_PREFIX_PATH}:/home/raaid/microros_ws/install/sensor_msgs_py:/home/raaid/ros2_ws/install/my_tf_pkg:/home/raaid/ros2_ws/install/my_py_pkg:/home/raaid/ros2_ws/src/install/my_tf_pkg:/home/raaid/ros2_ws/src/install/my_py_pkg:/opt/ros/humble /usr/bin/cmake /home/raaid/linorobot2_ws/src/uros/micro_ros_msgs -DCMAKE_INSTALL_PREFIX=/home/raaid/linorobot2_ws/install/micro_ros_msgs
[0.335s] -- The C compiler identification is GNU 11.4.0
[0.435s] -- The CXX compiler identification is GNU 11.4.0
[0.446s] -- Detecting C compiler ABI info
[0.584s] -- Detecting C compiler ABI info - done
[0.591s] -- Check for working C compiler: /usr/bin/cc - skipped
[0.591s] -- Detecting C compile features
[0.592s] -- Detecting C compile features - done
[0.602s] -- Detecting CXX compiler ABI info
[0.745s] -- Detecting CXX compiler ABI info - done
[0.754s] -- Check for working CXX compiler: /usr/bin/c++ - skipped
[0.754s] -- Detecting CXX compile features
[0.754s] -- Detecting CXX compile features - done
[0.761s] -- Found ament_cmake: 1.3.8 (/opt/ros/humble/share/ament_cmake/cmake)
[0.984s] -- Found Python3: /usr/bin/python3 (found version "3.10.12") found components: Interpreter 
[1.182s] -- Found rosidl_default_generators: 1.2.0 (/opt/ros/humble/share/rosidl_default_generators/cmake)
[1.207s] -- Using all available rosidl_typesupport_c: rosidl_typesupport_microxrcedds_c;rosidl_typesupport_fastrtps_c;rosidl_typesupport_introspection_c
[1.233s] -- Found rosidl_adapter: 3.1.5 (/opt/ros/humble/share/rosidl_adapter/cmake)
[1.344s] -- Using all available rosidl_typesupport_cpp: rosidl_typesupport_microxrcedds_cpp;rosidl_typesupport_fastrtps_cpp;rosidl_typesupport_introspection_cpp
[1.422s] -- Found ament_lint_auto: 0.12.10 (/opt/ros/humble/share/ament_lint_auto/cmake)
[1.959s] -- Found ament_cmake_ros: 0.10.0 (/opt/ros/humble/share/ament_cmake_ros/cmake)
[2.351s] -- Using all available rosidl_typesupport_c: rosidl_typesupport_microxrcedds_c;rosidl_typesupport_fastrtps_c;rosidl_typesupport_introspection_c
[2.747s] -- Using all available rosidl_typesupport_cpp: rosidl_typesupport_microxrcedds_cpp;rosidl_typesupport_fastrtps_cpp;rosidl_typesupport_introspection_cpp
[2.780s] -- Found PythonInterp: /usr/bin/python3 (found suitable version "3.10.12", minimum required is "3.6") 
[2.790s] -- Found python_cmake_module: 0.10.0 (/opt/ros/humble/share/python_cmake_module/cmake)
[2.823s] -- Found PythonLibs: /usr/lib/x86_64-linux-gnu/libpython3.10.so (found suitable version "3.10.12", minimum required is "3.5") 
[2.824s] -- Using PYTHON_EXECUTABLE: /usr/bin/python3
[2.824s] -- Using PYTHON_INCLUDE_DIRS: /usr/include/python3.10
[2.824s] -- Using PYTHON_LIBRARIES: /usr/lib/x86_64-linux-gnu/libpython3.10.so
[2.854s] -- Found PythonExtra: .so  
[2.953s] -- Added test 'copyright' to check source files copyright and LICENSE
[2.962s] -- Added test 'lint_cmake' to check CMake code style
[2.965s] -- Added test 'xmllint' to check XML markup files
[2.972s] -- Configuring done
[3.013s] -- Generating done
[3.017s] -- Build files have been written to: /home/raaid/linorobot2_ws/build/micro_ros_msgs
[3.285s] Invoked command in '/home/raaid/linorobot2_ws/build/micro_ros_msgs' returned '0': CMAKE_PREFIX_PATH=${CMAKE_PREFIX_PATH}:/home/raaid/microros_ws/install/sensor_msgs_py:/home/raaid/ros2_ws/install/my_tf_pkg:/home/raaid/ros2_ws/install/my_py_pkg:/home/raaid/ros2_ws/src/install/my_tf_pkg:/home/raaid/ros2_ws/src/install/my_py_pkg:/opt/ros/humble /usr/bin/cmake /home/raaid/linorobot2_ws/src/uros/micro_ros_msgs -DCMAKE_INSTALL_PREFIX=/home/raaid/linorobot2_ws/install/micro_ros_msgs
[3.286s] Invoking command in '/home/raaid/linorobot2_ws/build/micro_ros_msgs': CMAKE_PREFIX_PATH=${CMAKE_PREFIX_PATH}:/home/raaid/microros_ws/install/sensor_msgs_py:/home/raaid/ros2_ws/install/my_tf_pkg:/home/raaid/ros2_ws/install/my_py_pkg:/home/raaid/ros2_ws/src/install/my_tf_pkg:/home/raaid/ros2_ws/src/install/my_py_pkg:/opt/ros/humble /usr/bin/cmake --build /home/raaid/linorobot2_ws/build/micro_ros_msgs -- -j6 -l6
[3.575s] [  1%] [34m[1mGenerating C code for ROS interfaces[0m
[3.880s] [  1%] Built target ament_cmake_python_copy_micro_ros_msgs
[3.881s] [  3%] [34m[1mGenerating C++ code for ROS interfaces[0m
[4.107s] [  5%] [32mBuilding C object CMakeFiles/micro_ros_msgs__rosidl_generator_c.dir/rosidl_generator_c/micro_ros_msgs/msg/detail/graph__functions.c.o[0m
[4.108s] [  6%] [32mBuilding C object CMakeFiles/micro_ros_msgs__rosidl_generator_c.dir/rosidl_generator_c/micro_ros_msgs/msg/detail/node__functions.c.o[0m
[4.108s] [  8%] [32mBuilding C object CMakeFiles/micro_ros_msgs__rosidl_generator_c.dir/rosidl_generator_c/micro_ros_msgs/msg/detail/entity__functions.c.o[0m
[4.166s] [ 10%] [32m[1mLinking C shared library libmicro_ros_msgs__rosidl_generator_c.so[0m
[4.224s] [ 10%] Built target micro_ros_msgs__rosidl_generator_c
[4.243s] [ 11%] [34m[1mGenerating C type support for eProsima Micro XRCE-DDS[0m
[4.247s] [ 11%] Built target micro_ros_msgs__cpp
[4.248s] [ 13%] [34m[1mGenerating C type support for eProsima Fast-RTPS[0m
[4.256s] [ 15%] [34m[1mGenerating C introspection for ROS interfaces[0m
[4.264s] [ 16%] [34m[1mGenerating C++ type support for eProsima Micro XRCE-DDS[0m
[4.310s] running egg_info
[4.312s] creating micro_ros_msgs.egg-info
[4.314s] writing micro_ros_msgs.egg-info/PKG-INFO
[4.314s] writing dependency_links to micro_ros_msgs.egg-info/dependency_links.txt
[4.314s] writing top-level names to micro_ros_msgs.egg-info/top_level.txt
[4.314s] writing manifest file 'micro_ros_msgs.egg-info/SOURCES.txt'
[4.314s] [ 18%] [34m[1mGenerating C type support dispatch for ROS interfaces[0m
[4.316s] reading manifest file 'micro_ros_msgs.egg-info/SOURCES.txt'
[4.317s] writing manifest file 'micro_ros_msgs.egg-info/SOURCES.txt'
[4.347s] [ 18%] Built target ament_cmake_python_build_micro_ros_msgs_egg
[4.368s] [ 20%] [34m[1mGenerating C++ type support for eProsima Fast-RTPS[0m
[4.621s] [ 22%] [32mBuilding CXX object CMakeFiles/micro_ros_msgs__rosidl_typesupport_fastrtps_c.dir/rosidl_typesupport_fastrtps_c/micro_ros_msgs/msg/detail/graph__type_support_c.cpp.o[0m
[4.675s] [ 25%] [32mBuilding C object CMakeFiles/micro_ros_msgs__rosidl_typesupport_introspection_c.dir/rosidl_typesupport_introspection_c/micro_ros_msgs/msg/detail/graph__type_support.c.o[0m
[4.675s] [ 25%] [32mBuilding CXX object CMakeFiles/micro_ros_msgs__rosidl_typesupport_microxrcedds_cpp.dir/rosidl_typesupport_microxrcedds_cpp/micro_ros_msgs/msg/detail/microxrcedds/graph__type_support_cpp.cpp.o[0m
[4.689s] [ 27%] [32mBuilding C object CMakeFiles/micro_ros_msgs__rosidl_typesupport_microxrcedds_c.dir/rosidl_typesupport_microxrcedds_c/micro_ros_msgs/msg/detail/microxrcedds/graph__type_support_c.c.o[0m
[4.735s] [ 28%] [32mBuilding C object CMakeFiles/micro_ros_msgs__rosidl_typesupport_microxrcedds_c.dir/rosidl_typesupport_microxrcedds_c/micro_ros_msgs/msg/detail/microxrcedds/node__type_support_c.c.o[0m
[4.753s] [ 30%] [32mBuilding C object CMakeFiles/micro_ros_msgs__rosidl_typesupport_introspection_c.dir/rosidl_typesupport_introspection_c/micro_ros_msgs/msg/detail/node__type_support.c.o[0m
[4.772s] [ 32%] [32mBuilding CXX object CMakeFiles/micro_ros_msgs__rosidl_typesupport_fastrtps_cpp.dir/rosidl_typesupport_fastrtps_cpp/micro_ros_msgs/msg/detail/dds_fastrtps/graph__type_support.cpp.o[0m
[4.825s] [ 33%] [32mBuilding C object CMakeFiles/micro_ros_msgs__rosidl_typesupport_microxrcedds_c.dir/rosidl_typesupport_microxrcedds_c/micro_ros_msgs/msg/detail/microxrcedds/entity__type_support_c.c.o[0m
[4.826s] [ 35%] [32mBuilding C object CMakeFiles/micro_ros_msgs__rosidl_typesupport_introspection_c.dir/rosidl_typesupport_introspection_c/micro_ros_msgs/msg/detail/entity__type_support.c.o[0m
[4.891s] [ 37%] [32mBuilding CXX object CMakeFiles/micro_ros_msgs__rosidl_typesupport_c.dir/rosidl_typesupport_c/micro_ros_msgs/msg/graph__type_support.cpp.o[0m
[4.893s] [ 38%] [32m[1mLinking C shared library libmicro_ros_msgs__rosidl_typesupport_introspection_c.so[0m
[4.907s] [ 40%] [32mBuilding CXX object CMakeFiles/micro_ros_msgs__rosidl_typesupport_fastrtps_c.dir/rosidl_typesupport_fastrtps_c/micro_ros_msgs/msg/detail/node__type_support_c.cpp.o[0m
[4.922s] [ 42%] [32m[1mLinking C shared library libmicro_ros_msgs__rosidl_typesupport_microxrcedds_c.so[0m
[4.933s] [ 44%] [32mBuilding CXX object CMakeFiles/micro_ros_msgs__rosidl_typesupport_c.dir/rosidl_typesupport_c/micro_ros_msgs/msg/node__type_support.cpp.o[0m
[4.993s] [ 44%] Built target micro_ros_msgs__rosidl_typesupport_introspection_c
[5.018s] [ 45%] [32mBuilding CXX object CMakeFiles/micro_ros_msgs__rosidl_typesupport_c.dir/rosidl_typesupport_c/micro_ros_msgs/msg/entity__type_support.cpp.o[0m
[5.018s] [ 47%] [32mBuilding CXX object CMakeFiles/micro_ros_msgs__rosidl_typesupport_microxrcedds_cpp.dir/rosidl_typesupport_microxrcedds_cpp/micro_ros_msgs/msg/detail/microxrcedds/node__type_support_cpp.cpp.o[0m
[5.022s] [ 49%] [32mBuilding CXX object CMakeFiles/micro_ros_msgs__rosidl_typesupport_microxrcedds_cpp.dir/rosidl_typesupport_microxrcedds_cpp/micro_ros_msgs/msg/detail/microxrcedds/entity__type_support_cpp.cpp.o[0m
[5.022s] [ 49%] Built target micro_ros_msgs__rosidl_typesupport_microxrcedds_c
[5.037s] [ 50%] [34m[1mGenerating C++ introspection for ROS interfaces[0m
[5.179s] [ 52%] [32mBuilding CXX object CMakeFiles/micro_ros_msgs__rosidl_typesupport_fastrtps_cpp.dir/rosidl_typesupport_fastrtps_cpp/micro_ros_msgs/msg/detail/dds_fastrtps/node__type_support.cpp.o[0m
[5.230s] [ 54%] [32mBuilding CXX object CMakeFiles/micro_ros_msgs__rosidl_typesupport_fastrtps_c.dir/rosidl_typesupport_fastrtps_c/micro_ros_msgs/msg/detail/entity__type_support_c.cpp.o[0m
[5.325s] [ 55%] [32m[1mLinking CXX shared library libmicro_ros_msgs__rosidl_typesupport_c.so[0m
[5.352s] [ 57%] [32m[1mLinking CXX shared library libmicro_ros_msgs__rosidl_typesupport_microxrcedds_cpp.so[0m
[5.386s] [ 59%] [34m[1mGenerating C++ type support dispatch for ROS interfaces[0m
[5.421s] [ 61%] [32mBuilding CXX object CMakeFiles/micro_ros_msgs__rosidl_typesupport_introspection_cpp.dir/rosidl_typesupport_introspection_cpp/micro_ros_msgs/msg/detail/graph__type_support.cpp.o[0m
[5.455s] [ 61%] Built target micro_ros_msgs__rosidl_typesupport_c
[5.488s] [ 61%] Built target micro_ros_msgs__rosidl_typesupport_microxrcedds_cpp
[5.502s] [ 62%] [32mBuilding CXX object CMakeFiles/micro_ros_msgs__rosidl_typesupport_fastrtps_cpp.dir/rosidl_typesupport_fastrtps_cpp/micro_ros_msgs/msg/detail/dds_fastrtps/entity__type_support.cpp.o[0m
[5.513s] [ 64%] [32mBuilding CXX object CMakeFiles/micro_ros_msgs__rosidl_typesupport_introspection_cpp.dir/rosidl_typesupport_introspection_cpp/micro_ros_msgs/msg/detail/node__type_support.cpp.o[0m
[5.528s] [ 66%] [32m[1mLinking CXX shared library libmicro_ros_msgs__rosidl_typesupport_fastrtps_c.so[0m
[5.651s] [ 67%] [32mBuilding CXX object CMakeFiles/micro_ros_msgs__rosidl_typesupport_introspection_cpp.dir/rosidl_typesupport_introspection_cpp/micro_ros_msgs/msg/detail/entity__type_support.cpp.o[0m
[5.674s] [ 67%] Built target micro_ros_msgs__rosidl_typesupport_fastrtps_c
[5.739s] [ 69%] [32mBuilding CXX object CMakeFiles/micro_ros_msgs__rosidl_typesupport_cpp.dir/rosidl_typesupport_cpp/micro_ros_msgs/msg/graph__type_support.cpp.o[0m
[5.934s] [ 71%] [32mBuilding CXX object CMakeFiles/micro_ros_msgs__rosidl_typesupport_cpp.dir/rosidl_typesupport_cpp/micro_ros_msgs/msg/node__type_support.cpp.o[0m
[5.960s] [ 72%] [32m[1mLinking CXX shared library libmicro_ros_msgs__rosidl_typesupport_fastrtps_cpp.so[0m
[5.987s] [ 74%] [32mBuilding CXX object CMakeFiles/micro_ros_msgs__rosidl_typesupport_cpp.dir/rosidl_typesupport_cpp/micro_ros_msgs/msg/entity__type_support.cpp.o[0m
[6.066s] [ 74%] Built target micro_ros_msgs__rosidl_typesupport_fastrtps_cpp
[6.069s] [ 76%] [32m[1mLinking CXX shared library libmicro_ros_msgs__rosidl_typesupport_introspection_cpp.so[0m
[6.153s] [ 76%] Built target micro_ros_msgs__rosidl_typesupport_introspection_cpp
[6.185s] [ 77%] [32m[1mLinking CXX shared library libmicro_ros_msgs__rosidl_typesupport_cpp.so[0m
[6.230s] [ 77%] Built target micro_ros_msgs__rosidl_typesupport_cpp
[6.263s] [ 77%] Built target micro_ros_msgs
[6.292s] [ 79%] [34m[1mGenerating Python code for ROS interfaces[0m
[6.703s] [ 79%] Built target micro_ros_msgs__py
[6.735s] [ 81%] [32mBuilding C object CMakeFiles/micro_ros_msgs__rosidl_generator_py.dir/rosidl_generator_py/micro_ros_msgs/msg/_graph_s.c.o[0m
[6.736s] [ 83%] [32mBuilding C object CMakeFiles/micro_ros_msgs__rosidl_generator_py.dir/rosidl_generator_py/micro_ros_msgs/msg/_entity_s.c.o[0m
[6.737s] [ 84%] [32mBuilding C object CMakeFiles/micro_ros_msgs__rosidl_generator_py.dir/rosidl_generator_py/micro_ros_msgs/msg/_node_s.c.o[0m
[6.840s] [ 86%] [32m[1mLinking C shared library rosidl_generator_py/micro_ros_msgs/libmicro_ros_msgs__rosidl_generator_py.so[0m
[6.889s] [ 86%] Built target micro_ros_msgs__rosidl_generator_py
[6.919s] [ 88%] [32mBuilding C object CMakeFiles/micro_ros_msgs__rosidl_typesupport_microxrcedds_c__pyext.dir/rosidl_generator_py/micro_ros_msgs/_micro_ros_msgs_s.ep.rosidl_typesupport_microxrcedds_c.c.o[0m
[6.919s] [ 89%] [32mBuilding C object CMakeFiles/micro_ros_msgs__rosidl_typesupport_c__pyext.dir/rosidl_generator_py/micro_ros_msgs/_micro_ros_msgs_s.ep.rosidl_typesupport_c.c.o[0m
[6.922s] [ 91%] [32mBuilding C object CMakeFiles/micro_ros_msgs__rosidl_typesupport_introspection_c__pyext.dir/rosidl_generator_py/micro_ros_msgs/_micro_ros_msgs_s.ep.rosidl_typesupport_introspection_c.c.o[0m
[6.925s] [ 93%] [32mBuilding C object CMakeFiles/micro_ros_msgs__rosidl_typesupport_fastrtps_c__pyext.dir/rosidl_generator_py/micro_ros_msgs/_micro_ros_msgs_s.ep.rosidl_typesupport_fastrtps_c.c.o[0m
[7.019s] [ 94%] [32m[1mLinking C shared library rosidl_generator_py/micro_ros_msgs/micro_ros_msgs_s__rosidl_typesupport_c.cpython-310-x86_64-linux-gnu.so[0m
[7.029s] [ 96%] [32m[1mLinking C shared library rosidl_generator_py/micro_ros_msgs/micro_ros_msgs_s__rosidl_typesupport_introspection_c.cpython-310-x86_64-linux-gnu.so[0m
[7.033s] [ 98%] [32m[1mLinking C shared library rosidl_generator_py/micro_ros_msgs/micro_ros_msgs_s__rosidl_typesupport_microxrcedds_c.cpython-310-x86_64-linux-gnu.so[0m
[7.042s] [100%] [32m[1mLinking C shared library rosidl_generator_py/micro_ros_msgs/micro_ros_msgs_s__rosidl_typesupport_fastrtps_c.cpython-310-x86_64-linux-gnu.so[0m
[7.061s] [100%] Built target micro_ros_msgs__rosidl_typesupport_c__pyext
[7.077s] [100%] Built target micro_ros_msgs__rosidl_typesupport_introspection_c__pyext
[7.081s] [100%] Built target micro_ros_msgs__rosidl_typesupport_microxrcedds_c__pyext
[7.086s] [100%] Built target micro_ros_msgs__rosidl_typesupport_fastrtps_c__pyext
[7.099s] Invoked command in '/home/raaid/linorobot2_ws/build/micro_ros_msgs' returned '0': CMAKE_PREFIX_PATH=${CMAKE_PREFIX_PATH}:/home/raaid/microros_ws/install/sensor_msgs_py:/home/raaid/ros2_ws/install/my_tf_pkg:/home/raaid/ros2_ws/install/my_py_pkg:/home/raaid/ros2_ws/src/install/my_tf_pkg:/home/raaid/ros2_ws/src/install/my_py_pkg:/opt/ros/humble /usr/bin/cmake --build /home/raaid/linorobot2_ws/build/micro_ros_msgs -- -j6 -l6
[7.463s] Invoking command in '/home/raaid/linorobot2_ws/build/micro_ros_msgs': CMAKE_PREFIX_PATH=${CMAKE_PREFIX_PATH}:/home/raaid/microros_ws/install/sensor_msgs_py:/home/raaid/ros2_ws/install/my_tf_pkg:/home/raaid/ros2_ws/install/my_py_pkg:/home/raaid/ros2_ws/src/install/my_tf_pkg:/home/raaid/ros2_ws/src/install/my_py_pkg:/opt/ros/humble /usr/bin/cmake --install /home/raaid/linorobot2_ws/build/micro_ros_msgs
[7.479s] -- Install configuration: ""
[7.479s] -- Installing: /home/raaid/linorobot2_ws/install/micro_ros_msgs/share/ament_index/resource_index/rosidl_interfaces/micro_ros_msgs
[7.486s] -- Installing: /home/raaid/linorobot2_ws/install/micro_ros_msgs/include/micro_ros_msgs/micro_ros_msgs
[7.486s] -- Installing: /home/raaid/linorobot2_ws/install/micro_ros_msgs/include/micro_ros_msgs/micro_ros_msgs/msg
[7.486s] -- Installing: /home/raaid/linorobot2_ws/install/micro_ros_msgs/include/micro_ros_msgs/micro_ros_msgs/msg/graph.h
[7.486s] -- Installing: /home/raaid/linorobot2_ws/install/micro_ros_msgs/include/micro_ros_msgs/micro_ros_msgs/msg/detail
[7.486s] -- Installing: /home/raaid/linorobot2_ws/install/micro_ros_msgs/include/micro_ros_msgs/micro_ros_msgs/msg/detail/graph__struct.h
[7.486s] -- Installing: /home/raaid/linorobot2_ws/install/micro_ros_msgs/include/micro_ros_msgs/micro_ros_msgs/msg/detail/node__functions.h
[7.486s] -- Installing: /home/raaid/linorobot2_ws/install/micro_ros_msgs/include/micro_ros_msgs/micro_ros_msgs/msg/detail/graph__functions.c
[7.486s] -- Installing: /home/raaid/linorobot2_ws/install/micro_ros_msgs/include/micro_ros_msgs/micro_ros_msgs/msg/detail/entity__functions.c
[7.486s] -- Installing: /home/raaid/linorobot2_ws/install/micro_ros_msgs/include/micro_ros_msgs/micro_ros_msgs/msg/detail/graph__type_support.h
[7.486s] -- Installing: /home/raaid/linorobot2_ws/install/micro_ros_msgs/include/micro_ros_msgs/micro_ros_msgs/msg/detail/entity__struct.h
[7.486s] -- Installing: /home/raaid/linorobot2_ws/install/micro_ros_msgs/include/micro_ros_msgs/micro_ros_msgs/msg/detail/node__functions.c
[7.487s] -- Installing: /home/raaid/linorobot2_ws/install/micro_ros_msgs/include/micro_ros_msgs/micro_ros_msgs/msg/detail/entity__functions.h
[7.487s] -- Installing: /home/raaid/linorobot2_ws/install/micro_ros_msgs/include/micro_ros_msgs/micro_ros_msgs/msg/detail/entity__type_support.h
[7.487s] -- Installing: /home/raaid/linorobot2_ws/install/micro_ros_msgs/include/micro_ros_msgs/micro_ros_msgs/msg/detail/node__struct.h
[7.487s] -- Installing: /home/raaid/linorobot2_ws/install/micro_ros_msgs/include/micro_ros_msgs/micro_ros_msgs/msg/detail/graph__functions.h
[7.487s] -- Installing: /home/raaid/linorobot2_ws/install/micro_ros_msgs/include/micro_ros_msgs/micro_ros_msgs/msg/detail/node__type_support.h
[7.487s] -- Installing: /home/raaid/linorobot2_ws/install/micro_ros_msgs/include/micro_ros_msgs/micro_ros_msgs/msg/rosidl_generator_c__visibility_control.h
[7.487s] -- Installing: /home/raaid/linorobot2_ws/install/micro_ros_msgs/include/micro_ros_msgs/micro_ros_msgs/msg/entity.h
[7.487s] -- Installing: /home/raaid/linorobot2_ws/install/micro_ros_msgs/include/micro_ros_msgs/micro_ros_msgs/msg/node.h
[7.487s] -- Installing: /home/raaid/linorobot2_ws/install/micro_ros_msgs/share/micro_ros_msgs/environment/library_path.sh
[7.487s] -- Installing: /home/raaid/linorobot2_ws/install/micro_ros_msgs/share/micro_ros_msgs/environment/library_path.dsv
[7.487s] -- Installing: /home/raaid/linorobot2_ws/install/micro_ros_msgs/lib/libmicro_ros_msgs__rosidl_generator_c.so
[7.487s] -- Set runtime path of "/home/raaid/linorobot2_ws/install/micro_ros_msgs/lib/libmicro_ros_msgs__rosidl_generator_c.so" to ""
[7.487s] -- Up-to-date: /home/raaid/linorobot2_ws/install/micro_ros_msgs/include/micro_ros_msgs
[7.487s] -- Installing: /home/raaid/linorobot2_ws/install/micro_ros_msgs/include/micro_ros_msgs/msg
[7.487s] -- Installing: /home/raaid/linorobot2_ws/install/micro_ros_msgs/include/micro_ros_msgs/msg/rosidl_typesupport_microxrcedds_c__visibility_control.h
[7.487s] -- Installing: /home/raaid/linorobot2_ws/install/micro_ros_msgs/include/micro_ros_msgs/msg/detail
[7.488s] -- Installing: /home/raaid/linorobot2_ws/install/micro_ros_msgs/include/micro_ros_msgs/msg/detail/graph__rosidl_typesupport_microxrcedds_c.h
[7.488s] -- Installing: /home/raaid/linorobot2_ws/install/micro_ros_msgs/include/micro_ros_msgs/msg/detail/entity__rosidl_typesupport_microxrcedds_c.h
[7.488s] -- Installing: /home/raaid/linorobot2_ws/install/micro_ros_msgs/include/micro_ros_msgs/msg/detail/node__rosidl_typesupport_microxrcedds_c.h
[7.488s] -- Installing: /home/raaid/linorobot2_ws/install/micro_ros_msgs/include/micro_ros_msgs/msg/detail/microxrcedds
[7.488s] -- Installing: /home/raaid/linorobot2_ws/install/micro_ros_msgs/lib/libmicro_ros_msgs__rosidl_typesupport_microxrcedds_c.so
[7.488s] -- Set runtime path of "/home/raaid/linorobot2_ws/install/micro_ros_msgs/lib/libmicro_ros_msgs__rosidl_typesupport_microxrcedds_c.so" to ""
[7.488s] -- Up-to-date: /home/raaid/linorobot2_ws/install/micro_ros_msgs/include/micro_ros_msgs/micro_ros_msgs
[7.489s] -- Up-to-date: /home/raaid/linorobot2_ws/install/micro_ros_msgs/include/micro_ros_msgs/micro_ros_msgs/msg
[7.489s] -- Installing: /home/raaid/linorobot2_ws/install/micro_ros_msgs/include/micro_ros_msgs/micro_ros_msgs/msg/rosidl_typesupport_fastrtps_c__visibility_control.h
[7.489s] -- Up-to-date: /home/raaid/linorobot2_ws/install/micro_ros_msgs/include/micro_ros_msgs/micro_ros_msgs/msg/detail
[7.489s] -- Installing: /home/raaid/linorobot2_ws/install/micro_ros_msgs/include/micro_ros_msgs/micro_ros_msgs/msg/detail/entity__rosidl_typesupport_fastrtps_c.h
[7.489s] -- Installing: /home/raaid/linorobot2_ws/install/micro_ros_msgs/include/micro_ros_msgs/micro_ros_msgs/msg/detail/node__rosidl_typesupport_fastrtps_c.h
[7.489s] -- Installing: /home/raaid/linorobot2_ws/install/micro_ros_msgs/include/micro_ros_msgs/micro_ros_msgs/msg/detail/graph__rosidl_typesupport_fastrtps_c.h
[7.489s] -- Installing: /home/raaid/linorobot2_ws/install/micro_ros_msgs/lib/libmicro_ros_msgs__rosidl_typesupport_fastrtps_c.so
[7.489s] -- Set runtime path of "/home/raaid/linorobot2_ws/install/micro_ros_msgs/lib/libmicro_ros_msgs__rosidl_typesupport_fastrtps_c.so" to ""
[7.489s] -- Up-to-date: /home/raaid/linorobot2_ws/install/micro_ros_msgs/include/micro_ros_msgs/micro_ros_msgs
[7.489s] -- Up-to-date: /home/raaid/linorobot2_ws/install/micro_ros_msgs/include/micro_ros_msgs/micro_ros_msgs/msg
[7.490s] -- Installing: /home/raaid/linorobot2_ws/install/micro_ros_msgs/include/micro_ros_msgs/micro_ros_msgs/msg/rosidl_typesupport_introspection_c__visibility_control.h
[7.490s] -- Up-to-date: /home/raaid/linorobot2_ws/install/micro_ros_msgs/include/micro_ros_msgs/micro_ros_msgs/msg/detail
[7.490s] -- Installing: /home/raaid/linorobot2_ws/install/micro_ros_msgs/include/micro_ros_msgs/micro_ros_msgs/msg/detail/node__type_support.c
[7.490s] -- Installing: /home/raaid/linorobot2_ws/install/micro_ros_msgs/include/micro_ros_msgs/micro_ros_msgs/msg/detail/graph__rosidl_typesupport_introspection_c.h
[7.490s] -- Installing: /home/raaid/linorobot2_ws/install/micro_ros_msgs/include/micro_ros_msgs/micro_ros_msgs/msg/detail/graph__type_support.c
[7.490s] -- Installing: /home/raaid/linorobot2_ws/install/micro_ros_msgs/include/micro_ros_msgs/micro_ros_msgs/msg/detail/node__rosidl_typesupport_introspection_c.h
[7.491s] -- Installing: /home/raaid/linorobot2_ws/install/micro_ros_msgs/include/micro_ros_msgs/micro_ros_msgs/msg/detail/entity__rosidl_typesupport_introspection_c.h
[7.491s] -- Installing: /home/raaid/linorobot2_ws/install/micro_ros_msgs/include/micro_ros_msgs/micro_ros_msgs/msg/detail/entity__type_support.c
[7.491s] -- Installing: /home/raaid/linorobot2_ws/install/micro_ros_msgs/lib/libmicro_ros_msgs__rosidl_typesupport_introspection_c.so
[7.493s] -- Set runtime path of "/home/raaid/linorobot2_ws/install/micro_ros_msgs/lib/libmicro_ros_msgs__rosidl_typesupport_introspection_c.so" to ""
[7.493s] -- Installing: /home/raaid/linorobot2_ws/install/micro_ros_msgs/lib/libmicro_ros_msgs__rosidl_typesupport_c.so
[7.493s] -- Set runtime path of "/home/raaid/linorobot2_ws/install/micro_ros_msgs/lib/libmicro_ros_msgs__rosidl_typesupport_c.so" to ""
[7.493s] -- Up-to-date: /home/raaid/linorobot2_ws/install/micro_ros_msgs/include/micro_ros_msgs/micro_ros_msgs
[7.494s] -- Up-to-date: /home/raaid/linorobot2_ws/install/micro_ros_msgs/include/micro_ros_msgs/micro_ros_msgs/msg
[7.494s] -- Up-to-date: /home/raaid/linorobot2_ws/install/micro_ros_msgs/include/micro_ros_msgs/micro_ros_msgs/msg/detail
[7.494s] -- Installing: /home/raaid/linorobot2_ws/install/micro_ros_msgs/include/micro_ros_msgs/micro_ros_msgs/msg/detail/entity__builder.hpp
[7.494s] -- Installing: /home/raaid/linorobot2_ws/install/micro_ros_msgs/include/micro_ros_msgs/micro_ros_msgs/msg/detail/graph__traits.hpp
[7.494s] -- Installing: /home/raaid/linorobot2_ws/install/micro_ros_msgs/include/micro_ros_msgs/micro_ros_msgs/msg/detail/entity__traits.hpp
[7.494s] -- Installing: /home/raaid/linorobot2_ws/install/micro_ros_msgs/include/micro_ros_msgs/micro_ros_msgs/msg/detail/node__builder.hpp
[7.494s] -- Installing: /home/raaid/linorobot2_ws/install/micro_ros_msgs/include/micro_ros_msgs/micro_ros_msgs/msg/detail/node__struct.hpp
[7.495s] -- Installing: /home/raaid/linorobot2_ws/install/micro_ros_msgs/include/micro_ros_msgs/micro_ros_msgs/msg/detail/graph__struct.hpp
[7.495s] -- Installing: /home/raaid/linorobot2_ws/install/micro_ros_msgs/include/micro_ros_msgs/micro_ros_msgs/msg/detail/node__traits.hpp
[7.495s] -- Installing: /home/raaid/linorobot2_ws/install/micro_ros_msgs/include/micro_ros_msgs/micro_ros_msgs/msg/detail/entity__struct.hpp
[7.496s] -- Installing: /home/raaid/linorobot2_ws/install/micro_ros_msgs/include/micro_ros_msgs/micro_ros_msgs/msg/detail/graph__builder.hpp
[7.496s] -- Installing: /home/raaid/linorobot2_ws/install/micro_ros_msgs/include/micro_ros_msgs/micro_ros_msgs/msg/graph.hpp
[7.496s] -- Installing: /home/raaid/linorobot2_ws/install/micro_ros_msgs/include/micro_ros_msgs/micro_ros_msgs/msg/node.hpp
[7.496s] -- Installing: /home/raaid/linorobot2_ws/install/micro_ros_msgs/include/micro_ros_msgs/micro_ros_msgs/msg/entity.hpp
[7.496s] -- Up-to-date: /home/raaid/linorobot2_ws/install/micro_ros_msgs/include/micro_ros_msgs
[7.496s] -- Up-to-date: /home/raaid/linorobot2_ws/install/micro_ros_msgs/include/micro_ros_msgs/msg
[7.496s] -- Up-to-date: /home/raaid/linorobot2_ws/install/micro_ros_msgs/include/micro_ros_msgs/msg/detail
[7.496s] -- Installing: /home/raaid/linorobot2_ws/install/micro_ros_msgs/include/micro_ros_msgs/msg/detail/node__rosidl_typesupport_microxrcedds_cpp.hpp
[7.496s] -- Installing: /home/raaid/linorobot2_ws/install/micro_ros_msgs/include/micro_ros_msgs/msg/detail/entity__rosidl_typesupport_microxrcedds_cpp.hpp
[7.496s] -- Installing: /home/raaid/linorobot2_ws/install/micro_ros_msgs/include/micro_ros_msgs/msg/detail/graph__rosidl_typesupport_microxrcedds_cpp.hpp
[7.496s] -- Up-to-date: /home/raaid/linorobot2_ws/install/micro_ros_msgs/include/micro_ros_msgs/msg/detail/microxrcedds
[7.497s] -- Installing: /home/raaid/linorobot2_ws/install/micro_ros_msgs/include/micro_ros_msgs/msg/detail/microxrcedds/entity__type_support_cpp.cpp
[7.497s] -- Installing: /home/raaid/linorobot2_ws/install/micro_ros_msgs/include/micro_ros_msgs/msg/detail/microxrcedds/graph__type_support_cpp.cpp
[7.497s] -- Installing: /home/raaid/linorobot2_ws/install/micro_ros_msgs/include/micro_ros_msgs/msg/detail/microxrcedds/node__type_support_cpp.cpp
[7.497s] -- Installing: /home/raaid/linorobot2_ws/install/micro_ros_msgs/include/micro_ros_msgs/msg/rosidl_typesupport_microxrcedds_cpp__visibility_control.h
[7.497s] -- Installing: /home/raaid/linorobot2_ws/install/micro_ros_msgs/lib/libmicro_ros_msgs__rosidl_typesupport_microxrcedds_cpp.so
[7.497s] -- Set runtime path of "/home/raaid/linorobot2_ws/install/micro_ros_msgs/lib/libmicro_ros_msgs__rosidl_typesupport_microxrcedds_cpp.so" to ""
[7.497s] -- Up-to-date: /home/raaid/linorobot2_ws/install/micro_ros_msgs/include/micro_ros_msgs/micro_ros_msgs
[7.497s] -- Up-to-date: /home/raaid/linorobot2_ws/install/micro_ros_msgs/include/micro_ros_msgs/micro_ros_msgs/msg
[7.497s] -- Installing: /home/raaid/linorobot2_ws/install/micro_ros_msgs/include/micro_ros_msgs/micro_ros_msgs/msg/rosidl_typesupport_fastrtps_cpp__visibility_control.h
[7.497s] -- Up-to-date: /home/raaid/linorobot2_ws/install/micro_ros_msgs/include/micro_ros_msgs/micro_ros_msgs/msg/detail
[7.497s] -- Installing: /home/raaid/linorobot2_ws/install/micro_ros_msgs/include/micro_ros_msgs/micro_ros_msgs/msg/detail/entity__rosidl_typesupport_fastrtps_cpp.hpp
[7.498s] -- Installing: /home/raaid/linorobot2_ws/install/micro_ros_msgs/include/micro_ros_msgs/micro_ros_msgs/msg/detail/dds_fastrtps
[7.498s] -- Installing: /home/raaid/linorobot2_ws/install/micro_ros_msgs/include/micro_ros_msgs/micro_ros_msgs/msg/detail/graph__rosidl_typesupport_fastrtps_cpp.hpp
[7.498s] -- Installing: /home/raaid/linorobot2_ws/install/micro_ros_msgs/include/micro_ros_msgs/micro_ros_msgs/msg/detail/node__rosidl_typesupport_fastrtps_cpp.hpp
[7.498s] -- Installing: /home/raaid/linorobot2_ws/install/micro_ros_msgs/lib/libmicro_ros_msgs__rosidl_typesupport_fastrtps_cpp.so
[7.498s] -- Set runtime path of "/home/raaid/linorobot2_ws/install/micro_ros_msgs/lib/libmicro_ros_msgs__rosidl_typesupport_fastrtps_cpp.so" to ""
[7.498s] -- Up-to-date: /home/raaid/linorobot2_ws/install/micro_ros_msgs/include/micro_ros_msgs/micro_ros_msgs
[7.498s] -- Up-to-date: /home/raaid/linorobot2_ws/install/micro_ros_msgs/include/micro_ros_msgs/micro_ros_msgs/msg
[7.498s] -- Up-to-date: /home/raaid/linorobot2_ws/install/micro_ros_msgs/include/micro_ros_msgs/micro_ros_msgs/msg/detail
[7.498s] -- Installing: /home/raaid/linorobot2_ws/install/micro_ros_msgs/include/micro_ros_msgs/micro_ros_msgs/msg/detail/graph__rosidl_typesupport_introspection_cpp.hpp
[7.498s] -- Installing: /home/raaid/linorobot2_ws/install/micro_ros_msgs/include/micro_ros_msgs/micro_ros_msgs/msg/detail/node__rosidl_typesupport_introspection_cpp.hpp
[7.498s] -- Installing: /home/raaid/linorobot2_ws/install/micro_ros_msgs/include/micro_ros_msgs/micro_ros_msgs/msg/detail/graph__type_support.cpp
[7.499s] -- Installing: /home/raaid/linorobot2_ws/install/micro_ros_msgs/include/micro_ros_msgs/micro_ros_msgs/msg/detail/entity__rosidl_typesupport_introspection_cpp.hpp
[7.499s] -- Installing: /home/raaid/linorobot2_ws/install/micro_ros_msgs/include/micro_ros_msgs/micro_ros_msgs/msg/detail/entity__type_support.cpp
[7.499s] -- Installing: /home/raaid/linorobot2_ws/install/micro_ros_msgs/include/micro_ros_msgs/micro_ros_msgs/msg/detail/node__type_support.cpp
[7.499s] -- Installing: /home/raaid/linorobot2_ws/install/micro_ros_msgs/lib/libmicro_ros_msgs__rosidl_typesupport_introspection_cpp.so
[7.500s] -- Set runtime path of "/home/raaid/linorobot2_ws/install/micro_ros_msgs/lib/libmicro_ros_msgs__rosidl_typesupport_introspection_cpp.so" to ""
[7.500s] -- Installing: /home/raaid/linorobot2_ws/install/micro_ros_msgs/lib/libmicro_ros_msgs__rosidl_typesupport_cpp.so
[7.500s] -- Set runtime path of "/home/raaid/linorobot2_ws/install/micro_ros_msgs/lib/libmicro_ros_msgs__rosidl_typesupport_cpp.so" to ""
[7.500s] -- Installing: /home/raaid/linorobot2_ws/install/micro_ros_msgs/share/micro_ros_msgs/environment/pythonpath.sh
[7.500s] -- Installing: /home/raaid/linorobot2_ws/install/micro_ros_msgs/share/micro_ros_msgs/environment/pythonpath.dsv
[7.500s] -- Installing: /home/raaid/linorobot2_ws/install/micro_ros_msgs/local/lib/python3.10/dist-packages/micro_ros_msgs-3.0.1-py3.10.egg-info
[7.500s] -- Installing: /home/raaid/linorobot2_ws/install/micro_ros_msgs/local/lib/python3.10/dist-packages/micro_ros_msgs-3.0.1-py3.10.egg-info/dependency_links.txt
[7.500s] -- Installing: /home/raaid/linorobot2_ws/install/micro_ros_msgs/local/lib/python3.10/dist-packages/micro_ros_msgs-3.0.1-py3.10.egg-info/SOURCES.txt
[7.500s] -- Installing: /home/raaid/linorobot2_ws/install/micro_ros_msgs/local/lib/python3.10/dist-packages/micro_ros_msgs-3.0.1-py3.10.egg-info/top_level.txt
[7.500s] -- Installing: /home/raaid/linorobot2_ws/install/micro_ros_msgs/local/lib/python3.10/dist-packages/micro_ros_msgs-3.0.1-py3.10.egg-info/PKG-INFO
[7.500s] -- Installing: /home/raaid/linorobot2_ws/install/micro_ros_msgs/local/lib/python3.10/dist-packages/micro_ros_msgs
[7.501s] -- Installing: /home/raaid/linorobot2_ws/install/micro_ros_msgs/local/lib/python3.10/dist-packages/micro_ros_msgs/msg
[7.501s] -- Installing: /home/raaid/linorobot2_ws/install/micro_ros_msgs/local/lib/python3.10/dist-packages/micro_ros_msgs/msg/_graph_s.c
[7.501s] -- Installing: /home/raaid/linorobot2_ws/install/micro_ros_msgs/local/lib/python3.10/dist-packages/micro_ros_msgs/msg/_entity_s.c
[7.501s] -- Installing: /home/raaid/linorobot2_ws/install/micro_ros_msgs/local/lib/python3.10/dist-packages/micro_ros_msgs/msg/_node.py
[7.501s] -- Installing: /home/raaid/linorobot2_ws/install/micro_ros_msgs/local/lib/python3.10/dist-packages/micro_ros_msgs/msg/_node_s.c
[7.501s] -- Installing: /home/raaid/linorobot2_ws/install/micro_ros_msgs/local/lib/python3.10/dist-packages/micro_ros_msgs/msg/__init__.py
[7.501s] -- Installing: /home/raaid/linorobot2_ws/install/micro_ros_msgs/local/lib/python3.10/dist-packages/micro_ros_msgs/msg/_entity.py
[7.501s] -- Installing: /home/raaid/linorobot2_ws/install/micro_ros_msgs/local/lib/python3.10/dist-packages/micro_ros_msgs/msg/_graph.py
[7.501s] -- Installing: /home/raaid/linorobot2_ws/install/micro_ros_msgs/local/lib/python3.10/dist-packages/micro_ros_msgs/micro_ros_msgs_s__rosidl_typesupport_c.cpython-310-x86_64-linux-gnu.so
[7.501s] -- Installing: /home/raaid/linorobot2_ws/install/micro_ros_msgs/local/lib/python3.10/dist-packages/micro_ros_msgs/_micro_ros_msgs_s.ep.rosidl_typesupport_introspection_c.c
[7.501s] -- Installing: /home/raaid/linorobot2_ws/install/micro_ros_msgs/local/lib/python3.10/dist-packages/micro_ros_msgs/micro_ros_msgs_s__rosidl_typesupport_introspection_c.cpython-310-x86_64-linux-gnu.so
[7.501s] -- Installing: /home/raaid/linorobot2_ws/install/micro_ros_msgs/local/lib/python3.10/dist-packages/micro_ros_msgs/_micro_ros_msgs_s.ep.rosidl_typesupport_c.c
[7.501s] -- Installing: /home/raaid/linorobot2_ws/install/micro_ros_msgs/local/lib/python3.10/dist-packages/micro_ros_msgs/__init__.py
[7.501s] -- Installing: /home/raaid/linorobot2_ws/install/micro_ros_msgs/local/lib/python3.10/dist-packages/micro_ros_msgs/_micro_ros_msgs_s.ep.rosidl_typesupport_fastrtps_c.c
[7.501s] -- Installing: /home/raaid/linorobot2_ws/install/micro_ros_msgs/local/lib/python3.10/dist-packages/micro_ros_msgs/libmicro_ros_msgs__rosidl_generator_py.so
[7.501s] -- Installing: /home/raaid/linorobot2_ws/install/micro_ros_msgs/local/lib/python3.10/dist-packages/micro_ros_msgs/micro_ros_msgs_s__rosidl_typesupport_fastrtps_c.cpython-310-x86_64-linux-gnu.so
[7.501s] -- Installing: /home/raaid/linorobot2_ws/install/micro_ros_msgs/local/lib/python3.10/dist-packages/micro_ros_msgs/_micro_ros_msgs_s.ep.rosidl_typesupport_microxrcedds_c.c
[7.501s] -- Installing: /home/raaid/linorobot2_ws/install/micro_ros_msgs/local/lib/python3.10/dist-packages/micro_ros_msgs/micro_ros_msgs_s__rosidl_typesupport_microxrcedds_c.cpython-310-x86_64-linux-gnu.so
[7.548s] Listing '/home/raaid/linorobot2_ws/install/micro_ros_msgs/local/lib/python3.10/dist-packages/micro_ros_msgs'...
[7.548s] Compiling '/home/raaid/linorobot2_ws/install/micro_ros_msgs/local/lib/python3.10/dist-packages/micro_ros_msgs/__init__.py'...
[7.548s] Listing '/home/raaid/linorobot2_ws/install/micro_ros_msgs/local/lib/python3.10/dist-packages/micro_ros_msgs/msg'...
[7.548s] Compiling '/home/raaid/linorobot2_ws/install/micro_ros_msgs/local/lib/python3.10/dist-packages/micro_ros_msgs/msg/__init__.py'...
[7.548s] Compiling '/home/raaid/linorobot2_ws/install/micro_ros_msgs/local/lib/python3.10/dist-packages/micro_ros_msgs/msg/_entity.py'...
[7.548s] Compiling '/home/raaid/linorobot2_ws/install/micro_ros_msgs/local/lib/python3.10/dist-packages/micro_ros_msgs/msg/_graph.py'...
[7.549s] Compiling '/home/raaid/linorobot2_ws/install/micro_ros_msgs/local/lib/python3.10/dist-packages/micro_ros_msgs/msg/_node.py'...
[7.554s] -- Installing: /home/raaid/linorobot2_ws/install/micro_ros_msgs/local/lib/python3.10/dist-packages/micro_ros_msgs/micro_ros_msgs_s__rosidl_typesupport_microxrcedds_c.cpython-310-x86_64-linux-gnu.so
[7.554s] -- Set runtime path of "/home/raaid/linorobot2_ws/install/micro_ros_msgs/local/lib/python3.10/dist-packages/micro_ros_msgs/micro_ros_msgs_s__rosidl_typesupport_microxrcedds_c.cpython-310-x86_64-linux-gnu.so" to ""
[7.554s] -- Installing: /home/raaid/linorobot2_ws/install/micro_ros_msgs/local/lib/python3.10/dist-packages/micro_ros_msgs/micro_ros_msgs_s__rosidl_typesupport_fastrtps_c.cpython-310-x86_64-linux-gnu.so
[7.554s] -- Set runtime path of "/home/raaid/linorobot2_ws/install/micro_ros_msgs/local/lib/python3.10/dist-packages/micro_ros_msgs/micro_ros_msgs_s__rosidl_typesupport_fastrtps_c.cpython-310-x86_64-linux-gnu.so" to ""
[7.554s] -- Installing: /home/raaid/linorobot2_ws/install/micro_ros_msgs/local/lib/python3.10/dist-packages/micro_ros_msgs/micro_ros_msgs_s__rosidl_typesupport_introspection_c.cpython-310-x86_64-linux-gnu.so
[7.555s] -- Set runtime path of "/home/raaid/linorobot2_ws/install/micro_ros_msgs/local/lib/python3.10/dist-packages/micro_ros_msgs/micro_ros_msgs_s__rosidl_typesupport_introspection_c.cpython-310-x86_64-linux-gnu.so" to ""
[7.555s] -- Installing: /home/raaid/linorobot2_ws/install/micro_ros_msgs/local/lib/python3.10/dist-packages/micro_ros_msgs/micro_ros_msgs_s__rosidl_typesupport_c.cpython-310-x86_64-linux-gnu.so
[7.555s] -- Set runtime path of "/home/raaid/linorobot2_ws/install/micro_ros_msgs/local/lib/python3.10/dist-packages/micro_ros_msgs/micro_ros_msgs_s__rosidl_typesupport_c.cpython-310-x86_64-linux-gnu.so" to ""
[7.555s] -- Installing: /home/raaid/linorobot2_ws/install/micro_ros_msgs/lib/libmicro_ros_msgs__rosidl_generator_py.so
[7.555s] -- Set runtime path of "/home/raaid/linorobot2_ws/install/micro_ros_msgs/lib/libmicro_ros_msgs__rosidl_generator_py.so" to ""
[7.556s] -- Installing: /home/raaid/linorobot2_ws/install/micro_ros_msgs/share/micro_ros_msgs/msg/Graph.idl
[7.557s] -- Installing: /home/raaid/linorobot2_ws/install/micro_ros_msgs/share/micro_ros_msgs/msg/Node.idl
[7.557s] -- Installing: /home/raaid/linorobot2_ws/install/micro_ros_msgs/share/micro_ros_msgs/msg/Entity.idl
[7.557s] -- Installing: /home/raaid/linorobot2_ws/install/micro_ros_msgs/share/micro_ros_msgs/msg/Graph.msg
[7.557s] -- Installing: /home/raaid/linorobot2_ws/install/micro_ros_msgs/share/micro_ros_msgs/msg/Node.msg
[7.557s] -- Installing: /home/raaid/linorobot2_ws/install/micro_ros_msgs/share/micro_ros_msgs/msg/Entity.msg
[7.558s] -- Installing: /home/raaid/linorobot2_ws/install/micro_ros_msgs/share/ament_index/resource_index/package_run_dependencies/micro_ros_msgs
[7.558s] -- Installing: /home/raaid/linorobot2_ws/install/micro_ros_msgs/share/ament_index/resource_index/parent_prefix_path/micro_ros_msgs
[7.558s] -- Installing: /home/raaid/linorobot2_ws/install/micro_ros_msgs/share/micro_ros_msgs/environment/ament_prefix_path.sh
[7.558s] -- Installing: /home/raaid/linorobot2_ws/install/micro_ros_msgs/share/micro_ros_msgs/environment/ament_prefix_path.dsv
[7.558s] -- Installing: /home/raaid/linorobot2_ws/install/micro_ros_msgs/share/micro_ros_msgs/environment/path.sh
[7.558s] -- Installing: /home/raaid/linorobot2_ws/install/micro_ros_msgs/share/micro_ros_msgs/environment/path.dsv
[7.558s] -- Installing: /home/raaid/linorobot2_ws/install/micro_ros_msgs/share/micro_ros_msgs/local_setup.bash
[7.558s] -- Installing: /home/raaid/linorobot2_ws/install/micro_ros_msgs/share/micro_ros_msgs/local_setup.sh
[7.558s] -- Installing: /home/raaid/linorobot2_ws/install/micro_ros_msgs/share/micro_ros_msgs/local_setup.zsh
[7.558s] -- Installing: /home/raaid/linorobot2_ws/install/micro_ros_msgs/share/micro_ros_msgs/local_setup.dsv
[7.559s] -- Installing: /home/raaid/linorobot2_ws/install/micro_ros_msgs/share/micro_ros_msgs/package.dsv
[7.559s] -- Installing: /home/raaid/linorobot2_ws/install/micro_ros_msgs/share/ament_index/resource_index/packages/micro_ros_msgs
[7.559s] -- Installing: /home/raaid/linorobot2_ws/install/micro_ros_msgs/share/micro_ros_msgs/cmake/export_micro_ros_msgs__rosidl_generator_cExport.cmake
[7.559s] -- Installing: /home/raaid/linorobot2_ws/install/micro_ros_msgs/share/micro_ros_msgs/cmake/export_micro_ros_msgs__rosidl_generator_cExport-noconfig.cmake
[7.560s] -- Installing: /home/raaid/linorobot2_ws/install/micro_ros_msgs/share/micro_ros_msgs/cmake/export_micro_ros_msgs__rosidl_typesupport_fastrtps_cExport.cmake
[7.560s] -- Installing: /home/raaid/linorobot2_ws/install/micro_ros_msgs/share/micro_ros_msgs/cmake/export_micro_ros_msgs__rosidl_typesupport_fastrtps_cExport-noconfig.cmake
[7.560s] -- Installing: /home/raaid/linorobot2_ws/install/micro_ros_msgs/share/micro_ros_msgs/cmake/micro_ros_msgs__rosidl_typesupport_introspection_cExport.cmake
[7.560s] -- Installing: /home/raaid/linorobot2_ws/install/micro_ros_msgs/share/micro_ros_msgs/cmake/micro_ros_msgs__rosidl_typesupport_introspection_cExport-noconfig.cmake
[7.560s] -- Installing: /home/raaid/linorobot2_ws/install/micro_ros_msgs/share/micro_ros_msgs/cmake/micro_ros_msgs__rosidl_typesupport_cExport.cmake
[7.560s] -- Installing: /home/raaid/linorobot2_ws/install/micro_ros_msgs/share/micro_ros_msgs/cmake/micro_ros_msgs__rosidl_typesupport_cExport-noconfig.cmake
[7.560s] -- Installing: /home/raaid/linorobot2_ws/install/micro_ros_msgs/share/micro_ros_msgs/cmake/export_micro_ros_msgs__rosidl_generator_cppExport.cmake
[7.560s] -- Installing: /home/raaid/linorobot2_ws/install/micro_ros_msgs/share/micro_ros_msgs/cmake/export_micro_ros_msgs__rosidl_typesupport_fastrtps_cppExport.cmake
[7.560s] -- Installing: /home/raaid/linorobot2_ws/install/micro_ros_msgs/share/micro_ros_msgs/cmake/export_micro_ros_msgs__rosidl_typesupport_fastrtps_cppExport-noconfig.cmake
[7.561s] -- Installing: /home/raaid/linorobot2_ws/install/micro_ros_msgs/share/micro_ros_msgs/cmake/micro_ros_msgs__rosidl_typesupport_introspection_cppExport.cmake
[7.561s] -- Installing: /home/raaid/linorobot2_ws/install/micro_ros_msgs/share/micro_ros_msgs/cmake/micro_ros_msgs__rosidl_typesupport_introspection_cppExport-noconfig.cmake
[7.562s] -- Installing: /home/raaid/linorobot2_ws/install/micro_ros_msgs/share/micro_ros_msgs/cmake/micro_ros_msgs__rosidl_typesupport_cppExport.cmake
[7.562s] -- Installing: /home/raaid/linorobot2_ws/install/micro_ros_msgs/share/micro_ros_msgs/cmake/micro_ros_msgs__rosidl_typesupport_cppExport-noconfig.cmake
[7.562s] -- Installing: /home/raaid/linorobot2_ws/install/micro_ros_msgs/share/micro_ros_msgs/cmake/export_micro_ros_msgs__rosidl_generator_pyExport.cmake
[7.562s] -- Installing: /home/raaid/linorobot2_ws/install/micro_ros_msgs/share/micro_ros_msgs/cmake/export_micro_ros_msgs__rosidl_generator_pyExport-noconfig.cmake
[7.562s] -- Installing: /home/raaid/linorobot2_ws/install/micro_ros_msgs/share/micro_ros_msgs/cmake/rosidl_cmake-extras.cmake
[7.562s] -- Installing: /home/raaid/linorobot2_ws/install/micro_ros_msgs/share/micro_ros_msgs/cmake/ament_cmake_export_include_directories-extras.cmake
[7.562s] -- Installing: /home/raaid/linorobot2_ws/install/micro_ros_msgs/share/micro_ros_msgs/cmake/ament_cmake_export_libraries-extras.cmake
[7.562s] -- Installing: /home/raaid/linorobot2_ws/install/micro_ros_msgs/share/micro_ros_msgs/cmake/ament_cmake_export_targets-extras.cmake
[7.562s] -- Installing: /home/raaid/linorobot2_ws/install/micro_ros_msgs/share/micro_ros_msgs/cmake/rosidl_cmake_export_typesupport_targets-extras.cmake
[7.562s] -- Installing: /home/raaid/linorobot2_ws/install/micro_ros_msgs/share/micro_ros_msgs/cmake/ament_cmake_export_dependencies-extras.cmake
[7.562s] -- Installing: /home/raaid/linorobot2_ws/install/micro_ros_msgs/share/micro_ros_msgs/cmake/rosidl_cmake_export_typesupport_libraries-extras.cmake
[7.562s] -- Installing: /home/raaid/linorobot2_ws/install/micro_ros_msgs/share/micro_ros_msgs/cmake/micro_ros_msgsConfig.cmake
[7.563s] -- Installing: /home/raaid/linorobot2_ws/install/micro_ros_msgs/share/micro_ros_msgs/cmake/micro_ros_msgsConfig-version.cmake
[7.563s] -- Installing: /home/raaid/linorobot2_ws/install/micro_ros_msgs/share/micro_ros_msgs/package.xml
[7.565s] Invoked command in '/home/raaid/linorobot2_ws/build/micro_ros_msgs' returned '0': CMAKE_PREFIX_PATH=${CMAKE_PREFIX_PATH}:/home/raaid/microros_ws/install/sensor_msgs_py:/home/raaid/ros2_ws/install/my_tf_pkg:/home/raaid/ros2_ws/install/my_py_pkg:/home/raaid/ros2_ws/src/install/my_tf_pkg:/home/raaid/ros2_ws/src/install/my_py_pkg:/opt/ros/humble /usr/bin/cmake --install /home/raaid/linorobot2_ws/build/micro_ros_msgs
