[0.070s] Invoking command in '/home/raaid/linorobot2_ws/build/ldlidar_stl_ros2': CMAKE_PREFIX_PATH=${CMAKE_PREFIX_PATH}:/home/raaid/ros2_ws/install/my_tf_pkg:/home/raaid/ros2_ws/install/my_py_pkg:/home/raaid/ros2_ws/src/install/my_tf_pkg:/home/raaid/ros2_ws/src/install/my_py_pkg:/home/raaid/microros_ws/install/sensor_msgs_py:/opt/ros/humble /usr/bin/cmake --build /home/raaid/linorobot2_ws/build/ldlidar_stl_ros2 -- -j7 -l7
[0.168s] [100%] Built target ldlidar_stl_ros2_node
[0.222s] Invoked command in '/home/raaid/linorobot2_ws/build/ldlidar_stl_ros2' returned '0': CMAKE_PREFIX_PATH=${CMAKE_PREFIX_PATH}:/home/raaid/ros2_ws/install/my_tf_pkg:/home/raaid/ros2_ws/install/my_py_pkg:/home/raaid/ros2_ws/src/install/my_tf_pkg:/home/raaid/ros2_ws/src/install/my_py_pkg:/home/raaid/microros_ws/install/sensor_msgs_py:/opt/ros/humble /usr/bin/cmake --build /home/raaid/linorobot2_ws/build/ldlidar_stl_ros2 -- -j7 -l7
[0.378s] Invoking command in '/home/raaid/linorobot2_ws/build/ldlidar_stl_ros2': CMAKE_PREFIX_PATH=${CMAKE_PREFIX_PATH}:/home/raaid/ros2_ws/install/my_tf_pkg:/home/raaid/ros2_ws/install/my_py_pkg:/home/raaid/ros2_ws/src/install/my_tf_pkg:/home/raaid/ros2_ws/src/install/my_py_pkg:/home/raaid/microros_ws/install/sensor_msgs_py:/opt/ros/humble /usr/bin/cmake --install /home/raaid/linorobot2_ws/build/ldlidar_stl_ros2
[0.423s] -- Install configuration: ""
[0.423s] -- Up-to-date: /home/raaid/linorobot2_ws/install/ldlidar_stl_ros2/lib/ldlidar_stl_ros2/ldlidar_stl_ros2_node
[0.424s] -- Up-to-date: /home/raaid/linorobot2_ws/install/ldlidar_stl_ros2/share/ldlidar_stl_ros2//launch
[0.424s] -- Up-to-date: /home/raaid/linorobot2_ws/install/ldlidar_stl_ros2/share/ldlidar_stl_ros2//launch/ld19.launch.py
[0.424s] -- Up-to-date: /home/raaid/linorobot2_ws/install/ldlidar_stl_ros2/share/ldlidar_stl_ros2//launch/viewer_ld06.launch.py
[0.424s] -- Up-to-date: /home/raaid/linorobot2_ws/install/ldlidar_stl_ros2/share/ldlidar_stl_ros2//launch/ld19_udp_server.launch.py
[0.424s] -- Up-to-date: /home/raaid/linorobot2_ws/install/ldlidar_stl_ros2/share/ldlidar_stl_ros2//launch/viewer_ld19_udp_server.launch.py
[0.424s] -- Up-to-date: /home/raaid/linorobot2_ws/install/ldlidar_stl_ros2/share/ldlidar_stl_ros2//launch/stl27l.launch.py
[0.425s] -- Up-to-date: /home/raaid/linorobot2_ws/install/ldlidar_stl_ros2/share/ldlidar_stl_ros2//launch/viewer_ld19.launch.py
[0.425s] -- Up-to-date: /home/raaid/linorobot2_ws/install/ldlidar_stl_ros2/share/ldlidar_stl_ros2//launch/viewer_stl27l.launch.py
[0.425s] -- Up-to-date: /home/raaid/linorobot2_ws/install/ldlidar_stl_ros2/share/ldlidar_stl_ros2//launch/ld06.launch.py
[0.425s] -- Up-to-date: /home/raaid/linorobot2_ws/install/ldlidar_stl_ros2/share/ldlidar_stl_ros2//rviz2
[0.425s] -- Up-to-date: /home/raaid/linorobot2_ws/install/ldlidar_stl_ros2/share/ldlidar_stl_ros2//rviz2/ldlidar.rviz
[0.425s] -- Up-to-date: /home/raaid/linorobot2_ws/install/ldlidar_stl_ros2/share/ament_index/resource_index/package_run_dependencies/ldlidar_stl_ros2
[0.425s] -- Up-to-date: /home/raaid/linorobot2_ws/install/ldlidar_stl_ros2/share/ament_index/resource_index/parent_prefix_path/ldlidar_stl_ros2
[0.425s] -- Up-to-date: /home/raaid/linorobot2_ws/install/ldlidar_stl_ros2/share/ldlidar_stl_ros2/environment/ament_prefix_path.sh
[0.426s] -- Up-to-date: /home/raaid/linorobot2_ws/install/ldlidar_stl_ros2/share/ldlidar_stl_ros2/environment/ament_prefix_path.dsv
[0.426s] -- Up-to-date: /home/raaid/linorobot2_ws/install/ldlidar_stl_ros2/share/ldlidar_stl_ros2/environment/path.sh
[0.426s] -- Up-to-date: /home/raaid/linorobot2_ws/install/ldlidar_stl_ros2/share/ldlidar_stl_ros2/environment/path.dsv
[0.426s] -- Up-to-date: /home/raaid/linorobot2_ws/install/ldlidar_stl_ros2/share/ldlidar_stl_ros2/local_setup.bash
[0.426s] -- Up-to-date: /home/raaid/linorobot2_ws/install/ldlidar_stl_ros2/share/ldlidar_stl_ros2/local_setup.sh
[0.427s] -- Up-to-date: /home/raaid/linorobot2_ws/install/ldlidar_stl_ros2/share/ldlidar_stl_ros2/local_setup.zsh
[0.427s] -- Up-to-date: /home/raaid/linorobot2_ws/install/ldlidar_stl_ros2/share/ldlidar_stl_ros2/local_setup.dsv
[0.427s] -- Installing: /home/raaid/linorobot2_ws/install/ldlidar_stl_ros2/share/ldlidar_stl_ros2/package.dsv
[0.427s] -- Up-to-date: /home/raaid/linorobot2_ws/install/ldlidar_stl_ros2/share/ament_index/resource_index/packages/ldlidar_stl_ros2
[0.427s] -- Up-to-date: /home/raaid/linorobot2_ws/install/ldlidar_stl_ros2/share/ldlidar_stl_ros2/cmake/ldlidar_stl_ros2Config.cmake
[0.427s] -- Up-to-date: /home/raaid/linorobot2_ws/install/ldlidar_stl_ros2/share/ldlidar_stl_ros2/cmake/ldlidar_stl_ros2Config-version.cmake
[0.427s] -- Up-to-date: /home/raaid/linorobot2_ws/install/ldlidar_stl_ros2/share/ldlidar_stl_ros2/package.xml
[0.437s] Invoked command in '/home/raaid/linorobot2_ws/build/ldlidar_stl_ros2' returned '0': CMAKE_PREFIX_PATH=${CMAKE_PREFIX_PATH}:/home/raaid/ros2_ws/install/my_tf_pkg:/home/raaid/ros2_ws/install/my_py_pkg:/home/raaid/ros2_ws/src/install/my_tf_pkg:/home/raaid/ros2_ws/src/install/my_py_pkg:/home/raaid/microros_ws/install/sensor_msgs_py:/opt/ros/humble /usr/bin/cmake --install /home/raaid/linorobot2_ws/build/ldlidar_stl_ros2
