[0.222s] Invoking command in '/home/raaid/linorobot2_ws/build/linorobot2': CMAKE_PREFIX_PATH=${CMAKE_PREFIX_PATH}:/home/raaid/microros_ws/install/sensor_msgs_py:/home/raaid/ros2_ws/install/my_tf_pkg:/home/raaid/ros2_ws/install/my_py_pkg:/home/raaid/ros2_ws/src/install/my_tf_pkg:/home/raaid/ros2_ws/src/install/my_py_pkg:/opt/ros/humble /usr/bin/cmake --build /home/raaid/linorobot2_ws/build/linorobot2 -- -j6 -l6
[0.301s] Invoked command in '/home/raaid/linorobot2_ws/build/linorobot2' returned '0': CMAKE_PREFIX_PATH=${CMAKE_PREFIX_PATH}:/home/raaid/microros_ws/install/sensor_msgs_py:/home/raaid/ros2_ws/install/my_tf_pkg:/home/raaid/ros2_ws/install/my_py_pkg:/home/raaid/ros2_ws/src/install/my_tf_pkg:/home/raaid/ros2_ws/src/install/my_py_pkg:/opt/ros/humble /usr/bin/cmake --build /home/raaid/linorobot2_ws/build/linorobot2 -- -j6 -l6
[0.465s] Invoking command in '/home/raaid/linorobot2_ws/build/linorobot2': CMAKE_PREFIX_PATH=${CMAKE_PREFIX_PATH}:/home/raaid/microros_ws/install/sensor_msgs_py:/home/raaid/ros2_ws/install/my_tf_pkg:/home/raaid/ros2_ws/install/my_py_pkg:/home/raaid/ros2_ws/src/install/my_tf_pkg:/home/raaid/ros2_ws/src/install/my_py_pkg:/opt/ros/humble /usr/bin/cmake --install /home/raaid/linorobot2_ws/build/linorobot2
[0.477s] -- Install configuration: ""
[0.478s] -- Up-to-date: /home/raaid/linorobot2_ws/install/linorobot2/share/ament_index/resource_index/package_run_dependencies/linorobot2
[0.478s] -- Up-to-date: /home/raaid/linorobot2_ws/install/linorobot2/share/ament_index/resource_index/parent_prefix_path/linorobot2
[0.478s] -- Up-to-date: /home/raaid/linorobot2_ws/install/linorobot2/share/linorobot2/environment/ament_prefix_path.sh
[0.479s] -- Up-to-date: /home/raaid/linorobot2_ws/install/linorobot2/share/linorobot2/environment/ament_prefix_path.dsv
[0.479s] -- Up-to-date: /home/raaid/linorobot2_ws/install/linorobot2/share/linorobot2/environment/path.sh
[0.480s] -- Up-to-date: /home/raaid/linorobot2_ws/install/linorobot2/share/linorobot2/environment/path.dsv
[0.480s] -- Up-to-date: /home/raaid/linorobot2_ws/install/linorobot2/share/linorobot2/local_setup.bash
[0.480s] -- Up-to-date: /home/raaid/linorobot2_ws/install/linorobot2/share/linorobot2/local_setup.sh
[0.480s] -- Up-to-date: /home/raaid/linorobot2_ws/install/linorobot2/share/linorobot2/local_setup.zsh
[0.482s] -- Up-to-date: /home/raaid/linorobot2_ws/install/linorobot2/share/linorobot2/local_setup.dsv
[0.482s] -- Installing: /home/raaid/linorobot2_ws/install/linorobot2/share/linorobot2/package.dsv
[0.482s] -- Up-to-date: /home/raaid/linorobot2_ws/install/linorobot2/share/ament_index/resource_index/packages/linorobot2
[0.482s] -- Up-to-date: /home/raaid/linorobot2_ws/install/linorobot2/share/linorobot2/cmake/linorobot2Config.cmake
[0.482s] -- Up-to-date: /home/raaid/linorobot2_ws/install/linorobot2/share/linorobot2/cmake/linorobot2Config-version.cmake
[0.482s] -- Up-to-date: /home/raaid/linorobot2_ws/install/linorobot2/share/linorobot2/package.xml
[0.504s] Invoked command in '/home/raaid/linorobot2_ws/build/linorobot2' returned '0': CMAKE_PREFIX_PATH=${CMAKE_PREFIX_PATH}:/home/raaid/microros_ws/install/sensor_msgs_py:/home/raaid/ros2_ws/install/my_tf_pkg:/home/raaid/ros2_ws/install/my_py_pkg:/home/raaid/ros2_ws/src/install/my_tf_pkg:/home/raaid/ros2_ws/src/install/my_py_pkg:/opt/ros/humble /usr/bin/cmake --install /home/raaid/linorobot2_ws/build/linorobot2
