[0.060s] Invoking command in '/home/raaid/linorobot2_ws/build/linorobot2_viz': CMAKE_PREFIX_PATH=${CMAKE_PREFIX_PATH}:/home/raaid/microros_ws/install/sensor_msgs_py:/home/raaid/ros2_ws/install/my_tf_pkg:/home/raaid/ros2_ws/install/my_py_pkg:/home/raaid/ros2_ws/src/install/my_tf_pkg:/home/raaid/ros2_ws/src/install/my_py_pkg:/opt/ros/humble /usr/bin/cmake /home/raaid/linorobot2_ws/src/linorobot2_viz -DCMAKE_INSTALL_PREFIX=/home/raaid/linorobot2_ws/install/linorobot2_viz
[0.155s] -- The C compiler identification is GNU 11.4.0
[0.253s] -- The CXX compiler identification is GNU 11.4.0
[0.271s] -- Detecting C compiler ABI info
[0.428s] -- Detecting C compiler ABI info - done
[0.432s] -- Check for working C compiler: /usr/bin/cc - skipped
[0.432s] -- Detecting C compile features
[0.433s] -- Detecting C compile features - done
[0.443s] -- Detecting CXX compiler ABI info
[0.571s] -- Detecting CXX compiler ABI info - done
[0.577s] -- Check for working CXX compiler: /usr/bin/c++ - skipped
[0.577s] -- Detecting CXX compile features
[0.577s] -- Detecting CXX compile features - done
[0.584s] -- Found ament_cmake: 1.3.8 (/opt/ros/humble/share/ament_cmake/cmake)
[0.843s] -- Found Python3: /usr/bin/python3 (found version "3.10.12") found components: Interpreter 
[1.091s] -- Configuring done
[1.094s] -- Generating done
[1.096s] -- Build files have been written to: /home/raaid/linorobot2_ws/build/linorobot2_viz
[1.101s] Invoked command in '/home/raaid/linorobot2_ws/build/linorobot2_viz' returned '0': CMAKE_PREFIX_PATH=${CMAKE_PREFIX_PATH}:/home/raaid/microros_ws/install/sensor_msgs_py:/home/raaid/ros2_ws/install/my_tf_pkg:/home/raaid/ros2_ws/install/my_py_pkg:/home/raaid/ros2_ws/src/install/my_tf_pkg:/home/raaid/ros2_ws/src/install/my_py_pkg:/opt/ros/humble /usr/bin/cmake /home/raaid/linorobot2_ws/src/linorobot2_viz -DCMAKE_INSTALL_PREFIX=/home/raaid/linorobot2_ws/install/linorobot2_viz
[1.101s] Invoking command in '/home/raaid/linorobot2_ws/build/linorobot2_viz': CMAKE_PREFIX_PATH=${CMAKE_PREFIX_PATH}:/home/raaid/microros_ws/install/sensor_msgs_py:/home/raaid/ros2_ws/install/my_tf_pkg:/home/raaid/ros2_ws/install/my_py_pkg:/home/raaid/ros2_ws/src/install/my_tf_pkg:/home/raaid/ros2_ws/src/install/my_py_pkg:/opt/ros/humble /usr/bin/cmake --build /home/raaid/linorobot2_ws/build/linorobot2_viz -- -j6 -l6
[1.165s] Invoked command in '/home/raaid/linorobot2_ws/build/linorobot2_viz' returned '0': CMAKE_PREFIX_PATH=${CMAKE_PREFIX_PATH}:/home/raaid/microros_ws/install/sensor_msgs_py:/home/raaid/ros2_ws/install/my_tf_pkg:/home/raaid/ros2_ws/install/my_py_pkg:/home/raaid/ros2_ws/src/install/my_tf_pkg:/home/raaid/ros2_ws/src/install/my_py_pkg:/opt/ros/humble /usr/bin/cmake --build /home/raaid/linorobot2_ws/build/linorobot2_viz -- -j6 -l6
[1.221s] Invoking command in '/home/raaid/linorobot2_ws/build/linorobot2_viz': CMAKE_PREFIX_PATH=${CMAKE_PREFIX_PATH}:/home/raaid/microros_ws/install/sensor_msgs_py:/home/raaid/ros2_ws/install/my_tf_pkg:/home/raaid/ros2_ws/install/my_py_pkg:/home/raaid/ros2_ws/src/install/my_tf_pkg:/home/raaid/ros2_ws/src/install/my_py_pkg:/opt/ros/humble /usr/bin/cmake --install /home/raaid/linorobot2_ws/build/linorobot2_viz
[1.232s] -- Install configuration: ""
[1.232s] -- Installing: /home/raaid/linorobot2_ws/install/linorobot2_viz/share/linorobot2_viz/launch
[1.233s] -- Installing: /home/raaid/linorobot2_ws/install/linorobot2_viz/share/linorobot2_viz/launch/slam.launch.py
[1.233s] -- Installing: /home/raaid/linorobot2_ws/install/linorobot2_viz/share/linorobot2_viz/launch/navigation.launch.py
[1.233s] -- Installing: /home/raaid/linorobot2_ws/install/linorobot2_viz/share/linorobot2_viz/launch/robot_model.launch.py
[1.233s] -- Installing: /home/raaid/linorobot2_ws/install/linorobot2_viz/share/linorobot2_viz/rviz
[1.233s] -- Installing: /home/raaid/linorobot2_ws/install/linorobot2_viz/share/linorobot2_viz/rviz/linorobot2_navigation.rviz
[1.233s] -- Installing: /home/raaid/linorobot2_ws/install/linorobot2_viz/share/linorobot2_viz/rviz/linorobot2_slam.rviz
[1.234s] -- Installing: /home/raaid/linorobot2_ws/install/linorobot2_viz/share/linorobot2_viz/rviz/linorobot2_navigation_minimal.rviz
[1.236s] -- Installing: /home/raaid/linorobot2_ws/install/linorobot2_viz/share/linorobot2_viz/rviz/description.rviz
[1.238s] -- Installing: /home/raaid/linorobot2_ws/install/linorobot2_viz/share/ament_index/resource_index/package_run_dependencies/linorobot2_viz
[1.238s] -- Installing: /home/raaid/linorobot2_ws/install/linorobot2_viz/share/ament_index/resource_index/parent_prefix_path/linorobot2_viz
[1.238s] -- Installing: /home/raaid/linorobot2_ws/install/linorobot2_viz/share/linorobot2_viz/environment/ament_prefix_path.sh
[1.238s] -- Installing: /home/raaid/linorobot2_ws/install/linorobot2_viz/share/linorobot2_viz/environment/ament_prefix_path.dsv
[1.239s] -- Installing: /home/raaid/linorobot2_ws/install/linorobot2_viz/share/linorobot2_viz/environment/path.sh
[1.239s] -- Installing: /home/raaid/linorobot2_ws/install/linorobot2_viz/share/linorobot2_viz/environment/path.dsv
[1.239s] -- Installing: /home/raaid/linorobot2_ws/install/linorobot2_viz/share/linorobot2_viz/local_setup.bash
[1.239s] -- Installing: /home/raaid/linorobot2_ws/install/linorobot2_viz/share/linorobot2_viz/local_setup.sh
[1.239s] -- Installing: /home/raaid/linorobot2_ws/install/linorobot2_viz/share/linorobot2_viz/local_setup.zsh
[1.239s] -- Installing: /home/raaid/linorobot2_ws/install/linorobot2_viz/share/linorobot2_viz/local_setup.dsv
[1.239s] -- Installing: /home/raaid/linorobot2_ws/install/linorobot2_viz/share/linorobot2_viz/package.dsv
[1.239s] -- Installing: /home/raaid/linorobot2_ws/install/linorobot2_viz/share/ament_index/resource_index/packages/linorobot2_viz
[1.241s] -- Installing: /home/raaid/linorobot2_ws/install/linorobot2_viz/share/linorobot2_viz/cmake/linorobot2_vizConfig.cmake
[1.241s] -- Installing: /home/raaid/linorobot2_ws/install/linorobot2_viz/share/linorobot2_viz/cmake/linorobot2_vizConfig-version.cmake
[1.245s] -- Installing: /home/raaid/linorobot2_ws/install/linorobot2_viz/share/linorobot2_viz/package.xml
[1.269s] Invoked command in '/home/raaid/linorobot2_ws/build/linorobot2_viz' returned '0': CMAKE_PREFIX_PATH=${CMAKE_PREFIX_PATH}:/home/raaid/microros_ws/install/sensor_msgs_py:/home/raaid/ros2_ws/install/my_tf_pkg:/home/raaid/ros2_ws/install/my_py_pkg:/home/raaid/ros2_ws/src/install/my_tf_pkg:/home/raaid/ros2_ws/src/install/my_py_pkg:/opt/ros/humble /usr/bin/cmake --install /home/raaid/linorobot2_ws/build/linorobot2_viz
