[0.061s] Invoking command in '/home/raaid/linorobot2_ws/build/linorobot2_viz': CMAKE_PREFIX_PATH=${CMAKE_PREFIX_PATH}:/home/raaid/ros2_ws/install/my_tf_pkg:/home/raaid/ros2_ws/install/my_py_pkg:/home/raaid/ros2_ws/src/install/my_tf_pkg:/home/raaid/ros2_ws/src/install/my_py_pkg:/home/raaid/microros_ws/install/sensor_msgs_py:/opt/ros/humble /usr/bin/cmake --build /home/raaid/linorobot2_ws/build/linorobot2_viz -- -j7 -l7
[0.173s] Invoked command in '/home/raaid/linorobot2_ws/build/linorobot2_viz' returned '0': CMAKE_PREFIX_PATH=${CMAKE_PREFIX_PATH}:/home/raaid/ros2_ws/install/my_tf_pkg:/home/raaid/ros2_ws/install/my_py_pkg:/home/raaid/ros2_ws/src/install/my_tf_pkg:/home/raaid/ros2_ws/src/install/my_py_pkg:/home/raaid/microros_ws/install/sensor_msgs_py:/opt/ros/humble /usr/bin/cmake --build /home/raaid/linorobot2_ws/build/linorobot2_viz -- -j7 -l7
[0.326s] Invoking command in '/home/raaid/linorobot2_ws/build/linorobot2_viz': CMAKE_PREFIX_PATH=${CMAKE_PREFIX_PATH}:/home/raaid/ros2_ws/install/my_tf_pkg:/home/raaid/ros2_ws/install/my_py_pkg:/home/raaid/ros2_ws/src/install/my_tf_pkg:/home/raaid/ros2_ws/src/install/my_py_pkg:/home/raaid/microros_ws/install/sensor_msgs_py:/opt/ros/humble /usr/bin/cmake --install /home/raaid/linorobot2_ws/build/linorobot2_viz
[0.366s] -- Install configuration: ""
[0.366s] -- Up-to-date: /home/raaid/linorobot2_ws/install/linorobot2_viz/share/linorobot2_viz/launch
[0.366s] -- Up-to-date: /home/raaid/linorobot2_ws/install/linorobot2_viz/share/linorobot2_viz/launch/slam.launch.py
[0.366s] -- Up-to-date: /home/raaid/linorobot2_ws/install/linorobot2_viz/share/linorobot2_viz/launch/navigation.launch.py
[0.366s] -- Up-to-date: /home/raaid/linorobot2_ws/install/linorobot2_viz/share/linorobot2_viz/launch/robot_model.launch.py
[0.366s] -- Up-to-date: /home/raaid/linorobot2_ws/install/linorobot2_viz/share/linorobot2_viz/rviz
[0.366s] -- Up-to-date: /home/raaid/linorobot2_ws/install/linorobot2_viz/share/linorobot2_viz/rviz/linorobot2_navigation.rviz
[0.376s] -- Up-to-date: /home/raaid/linorobot2_ws/install/linorobot2_viz/share/linorobot2_viz/rviz/linorobot2_slam.rviz
[0.376s] -- Up-to-date: /home/raaid/linorobot2_ws/install/linorobot2_viz/share/linorobot2_viz/rviz/linorobot2_navigation_minimal.rviz
[0.376s] -- Up-to-date: /home/raaid/linorobot2_ws/install/linorobot2_viz/share/linorobot2_viz/rviz/description.rviz
[0.376s] -- Up-to-date: /home/raaid/linorobot2_ws/install/linorobot2_viz/share/ament_index/resource_index/package_run_dependencies/linorobot2_viz
[0.376s] -- Up-to-date: /home/raaid/linorobot2_ws/install/linorobot2_viz/share/ament_index/resource_index/parent_prefix_path/linorobot2_viz
[0.376s] -- Up-to-date: /home/raaid/linorobot2_ws/install/linorobot2_viz/share/linorobot2_viz/environment/ament_prefix_path.sh
[0.376s] -- Up-to-date: /home/raaid/linorobot2_ws/install/linorobot2_viz/share/linorobot2_viz/environment/ament_prefix_path.dsv
[0.376s] -- Up-to-date: /home/raaid/linorobot2_ws/install/linorobot2_viz/share/linorobot2_viz/environment/path.sh
[0.376s] -- Up-to-date: /home/raaid/linorobot2_ws/install/linorobot2_viz/share/linorobot2_viz/environment/path.dsv
[0.376s] -- Up-to-date: /home/raaid/linorobot2_ws/install/linorobot2_viz/share/linorobot2_viz/local_setup.bash
[0.384s] -- Up-to-date: /home/raaid/linorobot2_ws/install/linorobot2_viz/share/linorobot2_viz/local_setup.sh
[0.386s] -- Up-to-date: /home/raaid/linorobot2_ws/install/linorobot2_viz/share/linorobot2_viz/local_setup.zsh
[0.387s] -- Up-to-date: /home/raaid/linorobot2_ws/install/linorobot2_viz/share/linorobot2_viz/local_setup.dsv
[0.387s] -- Installing: /home/raaid/linorobot2_ws/install/linorobot2_viz/share/linorobot2_viz/package.dsv
[0.387s] -- Up-to-date: /home/raaid/linorobot2_ws/install/linorobot2_viz/share/ament_index/resource_index/packages/linorobot2_viz
[0.387s] -- Up-to-date: /home/raaid/linorobot2_ws/install/linorobot2_viz/share/linorobot2_viz/cmake/linorobot2_vizConfig.cmake
[0.387s] -- Up-to-date: /home/raaid/linorobot2_ws/install/linorobot2_viz/share/linorobot2_viz/cmake/linorobot2_vizConfig-version.cmake
[0.387s] -- Up-to-date: /home/raaid/linorobot2_ws/install/linorobot2_viz/share/linorobot2_viz/package.xml
[0.407s] Invoked command in '/home/raaid/linorobot2_ws/build/linorobot2_viz' returned '0': CMAKE_PREFIX_PATH=${CMAKE_PREFIX_PATH}:/home/raaid/ros2_ws/install/my_tf_pkg:/home/raaid/ros2_ws/install/my_py_pkg:/home/raaid/ros2_ws/src/install/my_tf_pkg:/home/raaid/ros2_ws/src/install/my_py_pkg:/home/raaid/microros_ws/install/sensor_msgs_py:/opt/ros/humble /usr/bin/cmake --install /home/raaid/linorobot2_ws/build/linorobot2_viz
