[0.083s] Invoking command in '/home/raaid/linorobot2_ws/build/linorobot2_description': CMAKE_PREFIX_PATH=${CMAKE_PREFIX_PATH}:/home/raaid/microros_ws/install/sensor_msgs_py:/home/raaid/ros2_ws/install/my_tf_pkg:/home/raaid/ros2_ws/install/my_py_pkg:/home/raaid/ros2_ws/src/install/my_tf_pkg:/home/raaid/ros2_ws/src/install/my_py_pkg:/opt/ros/humble /usr/bin/cmake /home/raaid/linorobot2_ws/src/linorobot2/linorobot2_description -DCMAKE_INSTALL_PREFIX=/home/raaid/linorobot2_ws/install/linorobot2_description
[0.272s] -- The C compiler identification is GNU 11.4.0
[0.354s] -- The CXX compiler identification is GNU 11.4.0
[0.368s] -- Detecting C compiler ABI info
[0.505s] -- Detecting C compiler ABI info - done
[0.510s] -- Check for working C compiler: /usr/bin/cc - skipped
[0.511s] -- Detecting C compile features
[0.511s] -- Detecting C compile features - done
[0.513s] -- Detecting CXX compiler ABI info
[0.630s] -- Detecting CXX compiler ABI info - done
[0.635s] -- Check for working CXX compiler: /usr/bin/c++ - skipped
[0.635s] -- Detecting CXX compile features
[0.636s] -- Detecting CXX compile features - done
[0.644s] -- Found ament_cmake: 1.3.8 (/opt/ros/humble/share/ament_cmake/cmake)
[0.890s] -- Found Python3: /usr/bin/python3 (found version "3.10.12") found components: Interpreter 
[1.077s] -- Found urdf: 2.6.0 (/opt/ros/humble/share/urdf/cmake)
[1.268s] -- Configuring done
[1.270s] -- Generating done
[1.271s] -- Build files have been written to: /home/raaid/linorobot2_ws/build/linorobot2_description
[1.281s] Invoked command in '/home/raaid/linorobot2_ws/build/linorobot2_description' returned '0': CMAKE_PREFIX_PATH=${CMAKE_PREFIX_PATH}:/home/raaid/microros_ws/install/sensor_msgs_py:/home/raaid/ros2_ws/install/my_tf_pkg:/home/raaid/ros2_ws/install/my_py_pkg:/home/raaid/ros2_ws/src/install/my_tf_pkg:/home/raaid/ros2_ws/src/install/my_py_pkg:/opt/ros/humble /usr/bin/cmake /home/raaid/linorobot2_ws/src/linorobot2/linorobot2_description -DCMAKE_INSTALL_PREFIX=/home/raaid/linorobot2_ws/install/linorobot2_description
[1.281s] Invoking command in '/home/raaid/linorobot2_ws/build/linorobot2_description': CMAKE_PREFIX_PATH=${CMAKE_PREFIX_PATH}:/home/raaid/microros_ws/install/sensor_msgs_py:/home/raaid/ros2_ws/install/my_tf_pkg:/home/raaid/ros2_ws/install/my_py_pkg:/home/raaid/ros2_ws/src/install/my_tf_pkg:/home/raaid/ros2_ws/src/install/my_py_pkg:/opt/ros/humble /usr/bin/cmake --build /home/raaid/linorobot2_ws/build/linorobot2_description -- -j6 -l6
[1.433s] Invoked command in '/home/raaid/linorobot2_ws/build/linorobot2_description' returned '0': CMAKE_PREFIX_PATH=${CMAKE_PREFIX_PATH}:/home/raaid/microros_ws/install/sensor_msgs_py:/home/raaid/ros2_ws/install/my_tf_pkg:/home/raaid/ros2_ws/install/my_py_pkg:/home/raaid/ros2_ws/src/install/my_tf_pkg:/home/raaid/ros2_ws/src/install/my_py_pkg:/opt/ros/humble /usr/bin/cmake --build /home/raaid/linorobot2_ws/build/linorobot2_description -- -j6 -l6
[1.529s] Invoking command in '/home/raaid/linorobot2_ws/build/linorobot2_description': CMAKE_PREFIX_PATH=${CMAKE_PREFIX_PATH}:/home/raaid/microros_ws/install/sensor_msgs_py:/home/raaid/ros2_ws/install/my_tf_pkg:/home/raaid/ros2_ws/install/my_py_pkg:/home/raaid/ros2_ws/src/install/my_tf_pkg:/home/raaid/ros2_ws/src/install/my_py_pkg:/opt/ros/humble /usr/bin/cmake --install /home/raaid/linorobot2_ws/build/linorobot2_description
[1.544s] -- Install configuration: ""
[1.544s] -- Installing: /home/raaid/linorobot2_ws/install/linorobot2_description/share/linorobot2_description/launch
[1.544s] -- Installing: /home/raaid/linorobot2_ws/install/linorobot2_description/share/linorobot2_description/launch/description.launch.py
[1.544s] -- Installing: /home/raaid/linorobot2_ws/install/linorobot2_description/share/linorobot2_description/urdf
[1.544s] -- Installing: /home/raaid/linorobot2_ws/install/linorobot2_description/share/linorobot2_description/urdf/robots
[1.544s] -- Installing: /home/raaid/linorobot2_ws/install/linorobot2_description/share/linorobot2_description/urdf/robots/4wd.urdf.xacro
[1.544s] -- Installing: /home/raaid/linorobot2_ws/install/linorobot2_description/share/linorobot2_description/urdf/robots/square.urdf.xacro
[1.545s] -- Installing: /home/raaid/linorobot2_ws/install/linorobot2_description/share/linorobot2_description/urdf/robots/2wd.urdf.xacro
[1.545s] -- Installing: /home/raaid/linorobot2_ws/install/linorobot2_description/share/linorobot2_description/urdf/robots/mecanum.urdf.xacro
[1.545s] -- Installing: /home/raaid/linorobot2_ws/install/linorobot2_description/share/linorobot2_description/urdf/2wd_properties.urdf.xacro
[1.545s] -- Installing: /home/raaid/linorobot2_ws/install/linorobot2_description/share/linorobot2_description/urdf/controllers
[1.545s] -- Installing: /home/raaid/linorobot2_ws/install/linorobot2_description/share/linorobot2_description/urdf/controllers/diff_drive.urdf.xacro
[1.545s] -- Installing: /home/raaid/linorobot2_ws/install/linorobot2_description/share/linorobot2_description/urdf/controllers/omni_drive.urdf.xacro
[1.545s] -- Installing: /home/raaid/linorobot2_ws/install/linorobot2_description/share/linorobot2_description/urdf/controllers/skid_steer.urdf.xacro
[1.545s] -- Installing: /home/raaid/linorobot2_ws/install/linorobot2_description/share/linorobot2_description/urdf/mecanum_properties.urdf.xacro
[1.546s] -- Installing: /home/raaid/linorobot2_ws/install/linorobot2_description/share/linorobot2_description/urdf/4wd_properties.urdf.xacro
[1.546s] -- Installing: /home/raaid/linorobot2_ws/install/linorobot2_description/share/linorobot2_description/urdf/mech
[1.546s] -- Installing: /home/raaid/linorobot2_ws/install/linorobot2_description/share/linorobot2_description/urdf/mech/base.urdf.xacro
[1.546s] -- Installing: /home/raaid/linorobot2_ws/install/linorobot2_description/share/linorobot2_description/urdf/mech/mecanum_wheel.urdf.xacro
[1.549s] -- Installing: /home/raaid/linorobot2_ws/install/linorobot2_description/share/linorobot2_description/urdf/mech/caster_wheel.urdf.xacro
[1.549s] -- Installing: /home/raaid/linorobot2_ws/install/linorobot2_description/share/linorobot2_description/urdf/mech/wheel.urdf.xacro
[1.549s] -- Installing: /home/raaid/linorobot2_ws/install/linorobot2_description/share/linorobot2_description/urdf/sensors
[1.549s] -- Installing: /home/raaid/linorobot2_ws/install/linorobot2_description/share/linorobot2_description/urdf/sensors/depth_sensor.urdf.xacro
[1.549s] -- Installing: /home/raaid/linorobot2_ws/install/linorobot2_description/share/linorobot2_description/urdf/sensors/generic_laser.urdf.xacro
[1.549s] -- Installing: /home/raaid/linorobot2_ws/install/linorobot2_description/share/linorobot2_description/urdf/sensors/laser.urdf.xacro
[1.550s] -- Installing: /home/raaid/linorobot2_ws/install/linorobot2_description/share/linorobot2_description/urdf/sensors/imu.urdf.xacro
[1.550s] -- Installing: /home/raaid/linorobot2_ws/install/linorobot2_description/share/linorobot2_description/rviz
[1.550s] -- Installing: /home/raaid/linorobot2_ws/install/linorobot2_description/share/linorobot2_description/rviz/description.rviz
[1.550s] -- Installing: /home/raaid/linorobot2_ws/install/linorobot2_description/share/ament_index/resource_index/package_run_dependencies/linorobot2_description
[1.550s] -- Installing: /home/raaid/linorobot2_ws/install/linorobot2_description/share/ament_index/resource_index/parent_prefix_path/linorobot2_description
[1.550s] -- Installing: /home/raaid/linorobot2_ws/install/linorobot2_description/share/linorobot2_description/environment/ament_prefix_path.sh
[1.550s] -- Installing: /home/raaid/linorobot2_ws/install/linorobot2_description/share/linorobot2_description/environment/ament_prefix_path.dsv
[1.552s] -- Installing: /home/raaid/linorobot2_ws/install/linorobot2_description/share/linorobot2_description/environment/path.sh
[1.552s] -- Installing: /home/raaid/linorobot2_ws/install/linorobot2_description/share/linorobot2_description/environment/path.dsv
[1.552s] -- Installing: /home/raaid/linorobot2_ws/install/linorobot2_description/share/linorobot2_description/local_setup.bash
[1.552s] -- Installing: /home/raaid/linorobot2_ws/install/linorobot2_description/share/linorobot2_description/local_setup.sh
[1.552s] -- Installing: /home/raaid/linorobot2_ws/install/linorobot2_description/share/linorobot2_description/local_setup.zsh
[1.552s] -- Installing: /home/raaid/linorobot2_ws/install/linorobot2_description/share/linorobot2_description/local_setup.dsv
[1.552s] -- Installing: /home/raaid/linorobot2_ws/install/linorobot2_description/share/linorobot2_description/package.dsv
[1.552s] -- Installing: /home/raaid/linorobot2_ws/install/linorobot2_description/share/ament_index/resource_index/packages/linorobot2_description
[1.552s] -- Installing: /home/raaid/linorobot2_ws/install/linorobot2_description/share/linorobot2_description/cmake/linorobot2_descriptionConfig.cmake
[1.552s] -- Installing: /home/raaid/linorobot2_ws/install/linorobot2_description/share/linorobot2_description/cmake/linorobot2_descriptionConfig-version.cmake
[1.558s] -- Installing: /home/raaid/linorobot2_ws/install/linorobot2_description/share/linorobot2_description/package.xml
[1.593s] Invoked command in '/home/raaid/linorobot2_ws/build/linorobot2_description' returned '0': CMAKE_PREFIX_PATH=${CMAKE_PREFIX_PATH}:/home/raaid/microros_ws/install/sensor_msgs_py:/home/raaid/ros2_ws/install/my_tf_pkg:/home/raaid/ros2_ws/install/my_py_pkg:/home/raaid/ros2_ws/src/install/my_tf_pkg:/home/raaid/ros2_ws/src/install/my_py_pkg:/opt/ros/humble /usr/bin/cmake --install /home/raaid/linorobot2_ws/build/linorobot2_description
