[0.213s] Invoking command in '/home/raaid/linorobot2_ws/build/linorobot2_gazebo': CMAKE_PREFIX_PATH=${CMAKE_PREFIX_PATH}:/home/raaid/ros2_ws/install/my_tf_pkg:/home/raaid/ros2_ws/install/my_py_pkg:/home/raaid/ros2_ws/src/install/my_tf_pkg:/home/raaid/ros2_ws/src/install/my_py_pkg:/home/raaid/microros_ws/install/sensor_msgs_py:/opt/ros/humble /usr/bin/cmake --build /home/raaid/linorobot2_ws/build/linorobot2_gazebo -- -j7 -l7
[0.428s] Built target ament_cmake_python_copy_scripts
[1.933s] running egg_info
[1.967s] writing scripts.egg-info/PKG-INFO
[1.968s] writing dependency_links to scripts.egg-info/dependency_links.txt
[1.968s] writing top-level names to scripts.egg-info/top_level.txt
[1.971s] reading manifest file 'scripts.egg-info/SOURCES.txt'
[1.971s] writing manifest file 'scripts.egg-info/SOURCES.txt'
[2.017s] Built target ament_cmake_python_build_scripts_egg
[2.033s] Invoked command in '/home/raaid/linorobot2_ws/build/linorobot2_gazebo' returned '0': CMAKE_PREFIX_PATH=${CMAKE_PREFIX_PATH}:/home/raaid/ros2_ws/install/my_tf_pkg:/home/raaid/ros2_ws/install/my_py_pkg:/home/raaid/ros2_ws/src/install/my_tf_pkg:/home/raaid/ros2_ws/src/install/my_py_pkg:/home/raaid/microros_ws/install/sensor_msgs_py:/opt/ros/humble /usr/bin/cmake --build /home/raaid/linorobot2_ws/build/linorobot2_gazebo -- -j7 -l7
[2.083s] Invoking command in '/home/raaid/linorobot2_ws/build/linorobot2_gazebo': CMAKE_PREFIX_PATH=${CMAKE_PREFIX_PATH}:/home/raaid/ros2_ws/install/my_tf_pkg:/home/raaid/ros2_ws/install/my_py_pkg:/home/raaid/ros2_ws/src/install/my_tf_pkg:/home/raaid/ros2_ws/src/install/my_py_pkg:/home/raaid/microros_ws/install/sensor_msgs_py:/opt/ros/humble /usr/bin/cmake --install /home/raaid/linorobot2_ws/build/linorobot2_gazebo
[2.106s] -- Install configuration: ""
[2.106s] -- Up-to-date: /home/raaid/linorobot2_ws/install/linorobot2_gazebo/share/linorobot2_gazebo/environment/pythonpath.sh
[2.106s] -- Up-to-date: /home/raaid/linorobot2_ws/install/linorobot2_gazebo/share/linorobot2_gazebo/environment/pythonpath.dsv
[2.106s] -- Up-to-date: /home/raaid/linorobot2_ws/install/linorobot2_gazebo/local/lib/python3.10/dist-packages/scripts-0.0.0-py3.10.egg-info
[2.106s] -- Installing: /home/raaid/linorobot2_ws/install/linorobot2_gazebo/local/lib/python3.10/dist-packages/scripts-0.0.0-py3.10.egg-info/dependency_links.txt
[2.106s] -- Installing: /home/raaid/linorobot2_ws/install/linorobot2_gazebo/local/lib/python3.10/dist-packages/scripts-0.0.0-py3.10.egg-info/SOURCES.txt
[2.106s] -- Installing: /home/raaid/linorobot2_ws/install/linorobot2_gazebo/local/lib/python3.10/dist-packages/scripts-0.0.0-py3.10.egg-info/top_level.txt
[2.106s] -- Installing: /home/raaid/linorobot2_ws/install/linorobot2_gazebo/local/lib/python3.10/dist-packages/scripts-0.0.0-py3.10.egg-info/PKG-INFO
[2.106s] -- Up-to-date: /home/raaid/linorobot2_ws/install/linorobot2_gazebo/local/lib/python3.10/dist-packages/scripts
[2.106s] -- Up-to-date: /home/raaid/linorobot2_ws/install/linorobot2_gazebo/local/lib/python3.10/dist-packages/scripts/command_timeout.py
[2.106s] -- Up-to-date: /home/raaid/linorobot2_ws/install/linorobot2_gazebo/local/lib/python3.10/dist-packages/scripts/__init__.py
[2.157s] Listing '/home/raaid/linorobot2_ws/install/linorobot2_gazebo/local/lib/python3.10/dist-packages/scripts'...
[2.160s] -- Up-to-date: /home/raaid/linorobot2_ws/install/linorobot2_gazebo/share/linorobot2_gazebo/launch
[2.160s] -- Up-to-date: /home/raaid/linorobot2_ws/install/linorobot2_gazebo/share/linorobot2_gazebo/launch/gazebo.launch.py
[2.160s] -- Up-to-date: /home/raaid/linorobot2_ws/install/linorobot2_gazebo/share/linorobot2_gazebo/rviz
[2.160s] -- Up-to-date: /home/raaid/linorobot2_ws/install/linorobot2_gazebo/share/linorobot2_gazebo/rviz/view_urdf.rviz
[2.160s] -- Up-to-date: /home/raaid/linorobot2_ws/install/linorobot2_gazebo/share/linorobot2_gazebo/worlds
[2.161s] -- Up-to-date: /home/raaid/linorobot2_ws/install/linorobot2_gazebo/share/linorobot2_gazebo/worlds/playground.world
[2.161s] -- Up-to-date: /home/raaid/linorobot2_ws/install/linorobot2_gazebo/share/linorobot2_gazebo/worlds/gas_station.world
[2.161s] -- Up-to-date: /home/raaid/linorobot2_ws/install/linorobot2_gazebo/lib/linorobot2_gazebo/command_timeout.py
[2.161s] -- Up-to-date: /home/raaid/linorobot2_ws/install/linorobot2_gazebo/share/ament_index/resource_index/package_run_dependencies/linorobot2_gazebo
[2.161s] -- Up-to-date: /home/raaid/linorobot2_ws/install/linorobot2_gazebo/share/ament_index/resource_index/parent_prefix_path/linorobot2_gazebo
[2.161s] -- Up-to-date: /home/raaid/linorobot2_ws/install/linorobot2_gazebo/share/linorobot2_gazebo/environment/ament_prefix_path.sh
[2.161s] -- Up-to-date: /home/raaid/linorobot2_ws/install/linorobot2_gazebo/share/linorobot2_gazebo/environment/ament_prefix_path.dsv
[2.161s] -- Up-to-date: /home/raaid/linorobot2_ws/install/linorobot2_gazebo/share/linorobot2_gazebo/environment/path.sh
[2.161s] -- Up-to-date: /home/raaid/linorobot2_ws/install/linorobot2_gazebo/share/linorobot2_gazebo/environment/path.dsv
[2.161s] -- Up-to-date: /home/raaid/linorobot2_ws/install/linorobot2_gazebo/share/linorobot2_gazebo/local_setup.bash
[2.161s] -- Up-to-date: /home/raaid/linorobot2_ws/install/linorobot2_gazebo/share/linorobot2_gazebo/local_setup.sh
[2.161s] -- Up-to-date: /home/raaid/linorobot2_ws/install/linorobot2_gazebo/share/linorobot2_gazebo/local_setup.zsh
[2.161s] -- Up-to-date: /home/raaid/linorobot2_ws/install/linorobot2_gazebo/share/linorobot2_gazebo/local_setup.dsv
[2.162s] -- Installing: /home/raaid/linorobot2_ws/install/linorobot2_gazebo/share/linorobot2_gazebo/package.dsv
[2.162s] -- Up-to-date: /home/raaid/linorobot2_ws/install/linorobot2_gazebo/share/ament_index/resource_index/packages/linorobot2_gazebo
[2.162s] -- Up-to-date: /home/raaid/linorobot2_ws/install/linorobot2_gazebo/share/linorobot2_gazebo/cmake/linorobot2_gazeboConfig.cmake
[2.162s] -- Up-to-date: /home/raaid/linorobot2_ws/install/linorobot2_gazebo/share/linorobot2_gazebo/cmake/linorobot2_gazeboConfig-version.cmake
[2.162s] -- Up-to-date: /home/raaid/linorobot2_ws/install/linorobot2_gazebo/share/linorobot2_gazebo/package.xml
[2.165s] Invoked command in '/home/raaid/linorobot2_ws/build/linorobot2_gazebo' returned '0': CMAKE_PREFIX_PATH=${CMAKE_PREFIX_PATH}:/home/raaid/ros2_ws/install/my_tf_pkg:/home/raaid/ros2_ws/install/my_py_pkg:/home/raaid/ros2_ws/src/install/my_tf_pkg:/home/raaid/ros2_ws/src/install/my_py_pkg:/home/raaid/microros_ws/install/sensor_msgs_py:/opt/ros/humble /usr/bin/cmake --install /home/raaid/linorobot2_ws/build/linorobot2_gazebo
