[0.392s] Invoking command in '/home/raaid/linorobot2_ws/build/ldlidar_stl_ros2': CMAKE_PREFIX_PATH=${CMAKE_PREFIX_PATH}:/home/raaid/ros2_ws/install/my_tf_pkg:/home/raaid/ros2_ws/install/my_py_pkg:/home/raaid/ros2_ws/src/install/my_tf_pkg:/home/raaid/ros2_ws/src/install/my_py_pkg:/home/raaid/microros_ws/install/sensor_msgs_py:/opt/ros/humble /usr/bin/cmake --build /home/raaid/linorobot2_ws/build/ldlidar_stl_ros2 -- -j7 -l7
[0.555s] [100%] Built target ldlidar_stl_ros2_node
[0.631s] Invoked command in '/home/raaid/linorobot2_ws/build/ldlidar_stl_ros2' returned '0': CMAKE_PREFIX_PATH=${CMAKE_PREFIX_PATH}:/home/raaid/ros2_ws/install/my_tf_pkg:/home/raaid/ros2_ws/install/my_py_pkg:/home/raaid/ros2_ws/src/install/my_tf_pkg:/home/raaid/ros2_ws/src/install/my_py_pkg:/home/raaid/microros_ws/install/sensor_msgs_py:/opt/ros/humble /usr/bin/cmake --build /home/raaid/linorobot2_ws/build/ldlidar_stl_ros2 -- -j7 -l7
[1.019s] Invoking command in '/home/raaid/linorobot2_ws/build/ldlidar_stl_ros2': CMAKE_PREFIX_PATH=${CMAKE_PREFIX_PATH}:/home/raaid/ros2_ws/install/my_tf_pkg:/home/raaid/ros2_ws/install/my_py_pkg:/home/raaid/ros2_ws/src/install/my_tf_pkg:/home/raaid/ros2_ws/src/install/my_py_pkg:/home/raaid/microros_ws/install/sensor_msgs_py:/opt/ros/humble /usr/bin/cmake --install /home/raaid/linorobot2_ws/build/ldlidar_stl_ros2
[1.412s] -- Install configuration: ""
[1.412s] -- Up-to-date: /home/raaid/linorobot2_ws/install/ldlidar_stl_ros2/lib/ldlidar_stl_ros2/ldlidar_stl_ros2_node
[1.412s] -- Up-to-date: /home/raaid/linorobot2_ws/install/ldlidar_stl_ros2/share/ldlidar_stl_ros2//launch
[1.412s] -- Up-to-date: /home/raaid/linorobot2_ws/install/ldlidar_stl_ros2/share/ldlidar_stl_ros2//launch/ld19.launch.py
[1.412s] -- Up-to-date: /home/raaid/linorobot2_ws/install/ldlidar_stl_ros2/share/ldlidar_stl_ros2//launch/viewer_ld06.launch.py
[1.412s] -- Up-to-date: /home/raaid/linorobot2_ws/install/ldlidar_stl_ros2/share/ldlidar_stl_ros2//launch/ld19_udp_server.launch.py
[1.412s] -- Up-to-date: /home/raaid/linorobot2_ws/install/ldlidar_stl_ros2/share/ldlidar_stl_ros2//launch/viewer_ld19_udp_server.launch.py
[1.412s] -- Up-to-date: /home/raaid/linorobot2_ws/install/ldlidar_stl_ros2/share/ldlidar_stl_ros2//launch/stl27l.launch.py
[1.412s] -- Up-to-date: /home/raaid/linorobot2_ws/install/ldlidar_stl_ros2/share/ldlidar_stl_ros2//launch/viewer_ld19.launch.py
[1.412s] -- Up-to-date: /home/raaid/linorobot2_ws/install/ldlidar_stl_ros2/share/ldlidar_stl_ros2//launch/viewer_stl27l.launch.py
[1.412s] -- Up-to-date: /home/raaid/linorobot2_ws/install/ldlidar_stl_ros2/share/ldlidar_stl_ros2//launch/ld06.launch.py
[1.414s] -- Up-to-date: /home/raaid/linorobot2_ws/install/ldlidar_stl_ros2/share/ldlidar_stl_ros2//rviz2
[1.414s] -- Up-to-date: /home/raaid/linorobot2_ws/install/ldlidar_stl_ros2/share/ldlidar_stl_ros2//rviz2/ldlidar.rviz
[1.414s] -- Up-to-date: /home/raaid/linorobot2_ws/install/ldlidar_stl_ros2/share/ament_index/resource_index/package_run_dependencies/ldlidar_stl_ros2
[1.414s] -- Up-to-date: /home/raaid/linorobot2_ws/install/ldlidar_stl_ros2/share/ament_index/resource_index/parent_prefix_path/ldlidar_stl_ros2
[1.414s] -- Up-to-date: /home/raaid/linorobot2_ws/install/ldlidar_stl_ros2/share/ldlidar_stl_ros2/environment/ament_prefix_path.sh
[1.414s] -- Up-to-date: /home/raaid/linorobot2_ws/install/ldlidar_stl_ros2/share/ldlidar_stl_ros2/environment/ament_prefix_path.dsv
[1.414s] -- Up-to-date: /home/raaid/linorobot2_ws/install/ldlidar_stl_ros2/share/ldlidar_stl_ros2/environment/path.sh
[1.414s] -- Up-to-date: /home/raaid/linorobot2_ws/install/ldlidar_stl_ros2/share/ldlidar_stl_ros2/environment/path.dsv
[1.414s] -- Up-to-date: /home/raaid/linorobot2_ws/install/ldlidar_stl_ros2/share/ldlidar_stl_ros2/local_setup.bash
[1.414s] -- Up-to-date: /home/raaid/linorobot2_ws/install/ldlidar_stl_ros2/share/ldlidar_stl_ros2/local_setup.sh
[1.414s] -- Up-to-date: /home/raaid/linorobot2_ws/install/ldlidar_stl_ros2/share/ldlidar_stl_ros2/local_setup.zsh
[1.414s] -- Up-to-date: /home/raaid/linorobot2_ws/install/ldlidar_stl_ros2/share/ldlidar_stl_ros2/local_setup.dsv
[1.414s] -- Installing: /home/raaid/linorobot2_ws/install/ldlidar_stl_ros2/share/ldlidar_stl_ros2/package.dsv
[1.414s] -- Up-to-date: /home/raaid/linorobot2_ws/install/ldlidar_stl_ros2/share/ament_index/resource_index/packages/ldlidar_stl_ros2
[1.414s] -- Up-to-date: /home/raaid/linorobot2_ws/install/ldlidar_stl_ros2/share/ldlidar_stl_ros2/cmake/ldlidar_stl_ros2Config.cmake
[1.414s] -- Up-to-date: /home/raaid/linorobot2_ws/install/ldlidar_stl_ros2/share/ldlidar_stl_ros2/cmake/ldlidar_stl_ros2Config-version.cmake
[1.414s] -- Up-to-date: /home/raaid/linorobot2_ws/install/ldlidar_stl_ros2/share/ldlidar_stl_ros2/package.xml
[1.554s] Invoked command in '/home/raaid/linorobot2_ws/build/ldlidar_stl_ros2' returned '0': CMAKE_PREFIX_PATH=${CMAKE_PREFIX_PATH}:/home/raaid/ros2_ws/install/my_tf_pkg:/home/raaid/ros2_ws/install/my_py_pkg:/home/raaid/ros2_ws/src/install/my_tf_pkg:/home/raaid/ros2_ws/src/install/my_py_pkg:/home/raaid/microros_ws/install/sensor_msgs_py:/opt/ros/humble /usr/bin/cmake --install /home/raaid/linorobot2_ws/build/ldlidar_stl_ros2
